[2020-01-08T00:30:10.101000+03:00] Router.ERROR: No matches css/plugins.css [] []
[2020-01-08T00:30:10.101000+03:00] Router.ERROR: No matches css/custom.css [] []
[2020-01-08T00:30:10.101000+03:00] Router.ERROR: No matches js/vendor/modernizr-3.5.0.min.js [] []
[2020-01-08T00:30:10.101000+03:00] Router.ERROR: No matches css/bootstrap.min.css [] []
[2020-01-08T00:30:10.101000+03:00] Router.ERROR: No matches style.css [] []
[2020-01-08T00:30:10.181000+03:00] Router.ERROR: No matches images/product/sm-img/3.jpg [] []
[2020-01-08T00:30:10.182000+03:00] Router.ERROR: No matches images/logo/logo.png [] []
[2020-01-08T00:30:10.184000+03:00] Router.ERROR: No matches images/product/sm-img/1.jpg [] []
[2020-01-08T00:30:10.185000+03:00] Router.ERROR: No matches images/product/sm-img/2.jpg [] []
[2020-01-08T00:30:10.565000+03:00] Router.ERROR: No matches images/product/sm-img/2.jpg [] []
[2020-01-08T00:30:10.565000+03:00] Router.ERROR: No matches images/logo/logo.png [] []
[2020-01-08T00:30:10.569000+03:00] Router.ERROR: No matches images/product/sm-img/1.jpg [] []
[2020-01-08T00:30:10.574000+03:00] Router.ERROR: No matches images/product/sm-img/3.jpg [] []
[2020-01-08T00:30:10.657000+03:00] Router.ERROR: No matches images/favicon.ico [] []
[2020-01-08T00:30:10.659000+03:00] Router.ERROR: No matches images/icon.png [] []
[2020-01-08T00:30:12.533000+03:00] Router.ERROR: No matches css/custom.css [] []
[2020-01-08T00:30:12.533000+03:00] Router.ERROR: No matches css/bootstrap.min.css [] []
[2020-01-08T00:30:12.538000+03:00] Router.ERROR: No matches css/plugins.css [] []
[2020-01-08T00:30:12.536000+03:00] Router.ERROR: No matches style.css [] []
[2020-01-08T00:30:12.541000+03:00] Router.ERROR: No matches js/vendor/modernizr-3.5.0.min.js [] []
[2020-01-08T00:30:12.553000+03:00] Router.ERROR: No matches images/product/sm-img/3.jpg [] []
[2020-01-08T00:30:12.554000+03:00] Router.ERROR: No matches images/product/sm-img/2.jpg [] []
[2020-01-08T00:30:12.558000+03:00] Router.ERROR: No matches images/product/sm-img/1.jpg [] []
[2020-01-08T00:30:12.561000+03:00] Router.ERROR: No matches images/logo/logo.png [] []
[2020-01-08T00:30:12.993000+03:00] Router.ERROR: No matches images/product/sm-img/3.jpg [] []
[2020-01-08T00:30:12.996000+03:00] Router.ERROR: No matches images/product/sm-img/2.jpg [] []
[2020-01-08T00:30:12.995000+03:00] Router.ERROR: No matches images/logo/logo.png [] []
[2020-01-08T00:30:12.997000+03:00] Router.ERROR: No matches images/product/sm-img/1.jpg [] []
[2020-01-08T00:31:44.839000+03:00] Router.ERROR: No matches css/bootstrap.min.css [] []
[2020-01-08T00:31:44.913000+03:00] Router.ERROR: No matches css/plugins.css [] []
[2020-01-08T00:31:44.934000+03:00] Router.ERROR: No matches css/style.css [] []
3.5.0.min.js [] []
[2020-01-08T00:31:44.943000+03:00] Router.ERROR: No matches css/custom.css [] []
[2020-01-08T00:31:44.957000+03:00] Router.ERROR: No matches images/product/sm-img/3.jpg [] []
[2020-01-08T00:31:44.957000+03:00] Router.ERROR: No matches images/product/sm-img/1.jpg [] []
[2020-01-08T00:31:44.961000+03:00] Router.ERROR: No matches images/logo/logo.png [] []
[2020-01-08T00:31:44.968000+03:00] Router.ERROR: No matches images/product/sm-img/2.jpg [] []
[2020-01-08T00:31:47.530000+03:00] Router.ERROR: No matches css/style.css [] []
[2020-01-08T00:31:47.529000+03:00] Router.ERROR: No matches css/plugins.css [] []
[2020-01-08T00:31:47.529000+03:00] Router.ERROR: No matches css/bootstrap.min.css [] []
n.js [] []
[2020-01-08T00:31:47.530000+03:00] Router.ERROR: No matches css/custom.css [] []
[2020-01-08T00:31:47.543000+03:00] Router.ERROR: No matches images/product/sm-img/3.jpg [] []
[2020-01-08T00:31:47.545000+03:00] Router.ERROR: No matches images/product/sm-img/1.jpg [] []
[2020-01-08T00:31:47.547000+03:00] Router.ERROR: No matches images/logo/logo.png [] []
[2020-01-08T00:31:47.549000+03:00] Router.ERROR: No matches images/product/sm-img/2.jpg [] []
[2020-01-08T00:31:47.879000+03:00] Router.ERROR: No matches images/logo/logo.png [] []
[2020-01-08T00:31:47.880000+03:00] Router.ERROR: No matches images/product/sm-img/1.jpg [] []
[2020-01-08T00:31:47.880000+03:00] Router.ERROR: No matches images/product/sm-img/2.jpg [] []
[2020-01-08T00:31:47.886000+03:00] Router.ERROR: No matches images/product/sm-img/3.jpg [] []
[2020-01-08T00:31:49.411000+03:00] Router.ERROR: No matches css/plugins.css [] []
[2020-01-08T00:31:49.412000+03:00] Router.ERROR: No matches css/bootstrap.min.css [] []
[2020-01-08T00:31:49.414000+03:00] Router.ERROR: No matches css/custom.css [] []
[2020-01-08T00:31:49.415000+03:00] Router.ERROR: No matches css/style.css [] []
[2020-01-08T00:31:49.418000+03:00] Router.ERROR: No matches js/vendor/modernizr-3.5.0.min.js [] []
[2020-01-08T00:31:49.435000+03:00] Router.ERROR: No matches images/product/sm-img/3.jpg [] []
[2020-01-08T00:31:49.438000+03:00] Router.ERROR: No matches images/product/sm-img/2.jpg [] []
[2020-01-08T00:31:49.439000+03:00] Router.ERROR: No matches images/product/sm-img/1.jpg [] []
[2020-01-08T00:31:49.439000+03:00] Router.ERROR: No matches images/logo/logo.png [] []
[2020-01-08T00:31:49.764000+03:00] Router.ERROR: No matches images/product/sm-img/2.jpg [] []
[2020-01-08T00:31:49.765000+03:00] Router.ERROR: No matches images/product/sm-img/3.jpg [] []
[2020-01-08T00:31:49.764000+03:00] Router.ERROR: No matches images/product/sm-img/1.jpg [] []
[2020-01-08T00:31:49.767000+03:00] Router.ERROR: No matches images/logo/logo.png [] []
[2020-01-08T00:31:53.101000+03:00] Router.ERROR: No matches css/plugins.css [] []
[2020-01-08T00:31:53.100000+03:00] Router.ERROR: No matches css/custom.css [] []
[2020-01-08T00:31:53.102000+03:00] Router.ERROR: No matches css/bootstrap.min.css [] []
[2020-01-08T00:31:53.099000+03:00] Router.ERROR: No matches js/vendor/modernizr-3.5.0.min.js [] []
[2020-01-08T00:31:53.108000+03:00] Router.ERROR: No matches css/style.css [] []
[2020-01-08T00:31:53.128000+03:00] Router.ERROR: No matches images/product/sm-img/3.jpg [] []
[2020-01-08T00:31:53.128000+03:00] Router.ERROR: No matches images/product/sm-img/2.jpg [] []
[2020-01-08T00:31:53.131000+03:00] Router.ERROR: No matches images/product/sm-img/1.jpg [] []
[2020-01-08T00:31:53.133000+03:00] Router.ERROR: No matches images/logo/logo.png [] []
[2020-01-08T00:31:53.453000+03:00] Router.ERROR: No matches images/product/sm-img/1.jpg [] []
[2020-01-08T00:31:53.455000+03:00] Router.ERROR: No matches images/product/sm-img/3.jpg [] []
[2020-01-08T00:31:53.460000+03:00] Router.ERROR: No matches images/logo/logo.png [] []
[2020-01-08T00:31:53.462000+03:00] Router.ERROR: No matches images/product/sm-img/2.jpg [] []
[2020-01-08T00:32:14.169000+03:00] Router.ERROR: No matches js/vendor/modernizr-3.5.0.min.js [] []
[2020-01-08T00:32:14.181000+03:00] Router.ERROR: No matches css/bootstrap.min.css [] []
[2020-01-08T00:32:14.196000+03:00] Router.ERROR: No matches css/custom.css [] []
[2020-01-08T00:32:14.197000+03:00] Router.ERROR: No matches css/plugins.css [] []
[2020-01-08T00:32:14.199000+03:00] Router.ERROR: No matches css/style.css [] []
[2020-01-08T00:32:14.211000+03:00] Router.ERROR: No matches images/logo/logo.png [] []
[2020-01-08T00:32:14.213000+03:00] Router.ERROR: No matches images/product/sm-img/1.jpg [] []
[2020-01-08T00:32:14.214000+03:00] Router.ERROR: No matches images/product/sm-img/3.jpg [] []
[2020-01-08T00:32:14.216000+03:00] Router.ERROR: No matches images/product/sm-img/2.jpg [] []
[2020-01-08T00:32:14.577000+03:00] Router.ERROR: No matches images/product/sm-img/3.jpg [] []
[2020-01-08T00:32:14.579000+03:00] Router.ERROR: No matches images/product/sm-img/2.jpg [] []
[2020-01-08T00:32:14.580000+03:00] Router.ERROR: No matches images/product/sm-img/1.jpg [] []
[2020-01-08T00:32:14.745000+03:00] Router.ERROR: No matches images/icon.png [] []
[2020-01-08T00:32:14.746000+03:00] Router.ERROR: No matches images/favicon.ico [] []
[2020-01-08T00:32:56.308000+03:00] Router.ERROR: No matches js/vendor/modernizr-3.5.0.min.js [] []
[2020-01-08T00:32:56.323000+03:00] Router.ERROR: No matches images/product/sm-img/1.jpg [] []
[2020-01-08T00:32:56.323000+03:00] Router.ERROR: No matches images/logo/logo.png [] []
[2020-01-08T00:32:56.329000+03:00] Router.ERROR: No matches images/product/sm-img/3.jpg [] []
[2020-01-08T00:32:56.345000+03:00] Router.ERROR: No matches images/product/sm-img/2.jpg [] []
[2020-01-08T00:32:56.732000+03:00] Router.ERROR: No matches images/product/sm-img/3.jpg [] []
[2020-01-08T00:32:56.734000+03:00] Router.ERROR: No matches images/product/sm-img/2.jpg [] []
[2020-01-08T00:32:56.740000+03:00] Router.ERROR: No matches images/logo/logo.png [] []
[2020-01-08T00:32:56.749000+03:00] Router.ERROR: No matches images/product/sm-img/1.jpg [] []
[2020-01-08T00:32:57.093000+03:00] Router.ERROR: No matches images/favicon.ico [] []
[2020-01-08T00:32:57.093000+03:00] Router.ERROR: No matches images/icon.png [] []
[2020-01-08T00:36:56.063000+03:00] Router.ERROR: No matches js/vendor/jquery-3.2.1.min.js [] []
[2020-01-08T00:36:56.099000+03:00] Router.ERROR: No matches js/vendor/modernizr-3.5.0.min.js [] []
[2020-01-08T00:36:56.133000+03:00] Router.ERROR: No matches js/bootstrap.min.js [] []
[2020-01-08T00:36:56.138000+03:00] Router.ERROR: No matches js/popper.min.js [] []
[2020-01-08T00:36:56.157000+03:00] Router.ERROR: No matches js/plugins.js [] []
[2020-01-08T00:36:56.163000+03:00] Router.ERROR: No matches js/active.js [] []
[2020-01-08T00:36:56.261000+03:00] Router.ERROR: No matches images/product/big-img/1.jpg [] []
[2020-01-08T00:36:56.264000+03:00] Router.ERROR: No matches images/product/sm-img/1.jpg [] []
[2020-01-08T00:36:56.265000+03:00] Router.ERROR: No matches images/icons/payment.png [] []
[2020-01-08T00:36:56.266000+03:00] Router.ERROR: No matches images/product/sm-img/3.jpg [] []
[2020-01-08T00:36:56.274000+03:00] Router.ERROR: No matches images/logo/3.png [] []
[2020-01-08T00:36:56.262000+03:00] Router.ERROR: No matches images/logo/logo.png [] []
[2020-01-08T00:36:56.301000+03:00] Router.ERROR: No matches images/product/sm-img/2.jpg [] []
[2020-01-08T00:36:56.665000+03:00] Router.ERROR: No matches images/product/sm-img/3.jpg [] []
[2020-01-08T00:36:56.664000+03:00] Router.ERROR: No matches images/product/sm-img/2.jpg [] []
[2020-01-08T00:36:56.664000+03:00] Router.ERROR: No matches images/logo/logo.png [] []
[2020-01-08T00:36:56.670000+03:00] Router.ERROR: No matches images/icons/payment.png [] []
[2020-01-08T00:36:56.673000+03:00] Router.ERROR: No matches images/logo/3.png [] []
[2020-01-08T00:36:56.676000+03:00] Router.ERROR: No matches images/product/sm-img/1.jpg [] []
[2020-01-08T00:36:56.687000+03:00] Router.ERROR: No matches images/product/big-img/1.jpg [] []
[2020-01-08T00:36:57.029000+03:00] Router.ERROR: No matches images/icon.png [] []
[2020-01-08T00:36:57.030000+03:00] Router.ERROR: No matches images/favicon.ico [] []
[2020-01-08T00:38:32.473000+03:00] Router.ERROR: No matches js/plugins.js [] []
[2020-01-08T00:38:32.473000+03:00] Router.ERROR: No matches js/bootstrap.min.js [] []
[2020-01-08T00:38:32.478000+03:00] Router.ERROR: No matches js/vendor/modernizr-3.5.0.min.js [] []
[2020-01-08T00:38:32.472000+03:00] Router.ERROR: No matches js/active.js [] []
[2020-01-08T00:38:32.472000+03:00] Router.ERROR: No matches js/popper.min.js [] []
[2020-01-08T00:38:32.483000+03:00] Router.ERROR: No matches js/vendor/jquery-3.2.1.min.js [] []
[2020-01-08T00:38:32.496000+03:00] Router.ERROR: No matches images/product/sm-img/2.jpg [] []
[2020-01-08T00:38:32.497000+03:00] Router.ERROR: No matches images/logo/logo.png [] []
[2020-01-08T00:38:32.498000+03:00] Router.ERROR: No matches images/product/sm-img/1.jpg [] []
[2020-01-08T00:38:32.505000+03:00] Router.ERROR: No matches images/product/sm-img/3.jpg [] []
[2020-01-08T00:38:32.512000+03:00] Router.ERROR: No matches images/icons/payment.png [] []
[2020-01-08T00:38:32.512000+03:00] Router.ERROR: No matches images/product/big-img/1.jpg [] []
[2020-01-08T00:38:32.512000+03:00] Router.ERROR: No matches images/logo/3.png [] []
[2020-01-08T00:38:32.888000+03:00] Router.ERROR: No matches images/product/sm-img/2.jpg [] []
[2020-01-08T00:38:32.891000+03:00] Router.ERROR: No matches images/product/sm-img/1.jpg [] []
[2020-01-08T00:38:32.888000+03:00] Router.ERROR: No matches images/product/sm-img/3.jpg [] []
[2020-01-08T00:38:32.895000+03:00] Router.ERROR: No matches images/logo/logo.png [] []
[2020-01-08T00:38:32.895000+03:00] Router.ERROR: No matches images/logo/3.png [] []
[2020-01-08T00:38:32.905000+03:00] Router.ERROR: No matches images/product/big-img/1.jpg [] []
[2020-01-08T00:38:32.905000+03:00] Router.ERROR: No matches images/icons/payment.png [] []
[2020-01-08T00:39:14.080000+03:00] Router.ERROR: No matches js/vendor/modernizr-3.5.0.min.js [] []
[2020-01-08T00:39:14.086000+03:00] Router.ERROR: No matches js/vendor/jquery-3.2.1.min.js [] []
[2020-01-08T00:39:14.099000+03:00] Router.ERROR: No matches js/popper.min.js [] []
[2020-01-08T00:39:14.103000+03:00] Router.ERROR: No matches js/bootstrap.min.js [] []
[2020-01-08T00:39:14.124000+03:00] Router.ERROR: No matches images/product/sm-img/1.jpg [] []
[2020-01-08T00:39:14.125000+03:00] Router.ERROR: No matches js/active.js [] []
[2020-01-08T00:39:14.128000+03:00] Router.ERROR: No matches images/logo/logo.png [] []
[2020-01-08T00:39:14.129000+03:00] Router.ERROR: No matches js/plugins.js [] []
[2020-01-08T00:39:14.127000+03:00] Router.ERROR: No matches images/product/sm-img/2.jpg [] []
[2020-01-08T00:39:14.158000+03:00] Router.ERROR: No matches images/icons/payment.png [] []
[2020-01-08T00:39:14.163000+03:00] Router.ERROR: No matches images/product/sm-img/3.jpg [] []
[2020-01-08T00:39:14.165000+03:00] Router.ERROR: No matches images/logo/3.png [] []
[2020-01-08T00:39:14.171000+03:00] Router.ERROR: No matches images/product/big-img/1.jpg [] []
[2020-01-08T00:39:14.580000+03:00] Router.ERROR: No matches images/product/sm-img/3.jpg [] []
[2020-01-08T00:39:14.588000+03:00] Router.ERROR: No matches images/logo/3.png [] []
[2020-01-08T00:39:14.591000+03:00] Router.ERROR: No matches images/product/sm-img/2.jpg [] []
[2020-01-08T00:39:14.581000+03:00] Router.ERROR: No matches images/product/sm-img/1.jpg [] []
[2020-01-08T00:39:14.592000+03:00] Router.ERROR: No matches images/logo/logo.png [] []
[2020-01-08T00:39:14.603000+03:00] Router.ERROR: No matches images/product/big-img/1.jpg [] []
[2020-01-08T00:39:14.606000+03:00] Router.ERROR: No matches images/icons/payment.png [] []
[2020-01-08T00:39:36.668000+03:00] Router.ERROR: No matches js/vendor/jquery-3.2.1.min.js [] []
[2020-01-08T00:39:36.675000+03:00] Router.ERROR: No matches js/bootstrap.min.js [] []
[2020-01-08T00:39:36.676000+03:00] Router.ERROR: No matches js/popper.min.js [] []
[2020-01-08T00:39:36.680000+03:00] Router.ERROR: No matches js/active.js [] []
[2020-01-08T00:39:36.685000+03:00] Router.ERROR: No matches images/logo/logo.png [] []
[2020-01-08T00:39:36.687000+03:00] Router.ERROR: No matches images/product/sm-img/1.jpg [] []
[2020-01-08T00:39:36.689000+03:00] Router.ERROR: No matches js/plugins.js [] []
[2020-01-08T00:39:36.706000+03:00] Router.ERROR: No matches images/icons/payment.png [] []
[2020-01-08T00:39:36.704000+03:00] Router.ERROR: No matches images/product/sm-img/3.jpg [] []
[2020-01-08T00:39:36.708000+03:00] Router.ERROR: No matches images/product/big-img/1.jpg [] []
[2020-01-08T00:39:36.709000+03:00] Router.ERROR: No matches images/product/sm-img/2.jpg [] []
[2020-01-08T00:39:36.716000+03:00] Router.ERROR: No matches images/logo/3.png [] []
[2020-01-08T00:39:37.129000+03:00] Router.ERROR: No matches images/product/sm-img/1.jpg [] []
[2020-01-08T00:39:37.132000+03:00] Router.ERROR: No matches images/product/sm-img/3.jpg [] []
[2020-01-08T00:39:37.127000+03:00] Router.ERROR: No matches images/logo/logo.png [] []
[2020-01-08T00:39:37.132000+03:00] Router.ERROR: No matches images/product/sm-img/2.jpg [] []
[2020-01-08T00:39:37.148000+03:00] Router.ERROR: No matches images/icons/payment.png [] []
[2020-01-08T00:39:37.154000+03:00] Router.ERROR: No matches images/logo/3.png [] []
[2020-01-08T00:39:37.164000+03:00] Router.ERROR: No matches images/product/big-img/1.jpg [] []
[2020-01-08T00:40:21.123000+03:00] Router.ERROR: No matches images/product/sm-img/1.jpg [] []
[2020-01-08T00:40:21.143000+03:00] Router.ERROR: No matches images/product/sm-img/2.jpg [] []
[2020-01-08T00:40:21.136000+03:00] Router.ERROR: No matches images/product/sm-img/3.jpg [] []
[2020-01-08T00:40:21.552000+03:00] Router.ERROR: No matches images/product/sm-img/3.jpg [] []
[2020-01-08T00:40:21.553000+03:00] Router.ERROR: No matches images/product/sm-img/1.jpg [] []
[2020-01-08T00:40:21.559000+03:00] Router.ERROR: No matches images/product/sm-img/2.jpg [] []
[2020-01-08T00:42:54.130000+03:00] Router.ERROR: No matches index.html [] []
[2020-01-08T00:45:41.306000+03:00] Router.ERROR: No matches favicon.ico [] []
[2020-01-08T00:45:59.062000+03:00] Router.ERROR: No matches images/product/sm-img/1.jpg [] []
[2020-01-08T00:45:59.062000+03:00] Router.ERROR: No matches images/product/sm-img/3.jpg [] []
[2020-01-08T00:45:59.072000+03:00] Router.ERROR: No matches images/product/sm-img/2.jpg [] []
[2020-01-08T00:45:59.488000+03:00] Router.ERROR: No matches images/product/sm-img/3.jpg [] []
[2020-01-08T00:45:59.523000+03:00] Router.ERROR: No matches images/product/sm-img/2.jpg [] []
[2020-01-08T00:45:59.526000+03:00] Router.ERROR: No matches images/product/sm-img/1.jpg [] []
[2020-01-08T00:46:15.090000+03:00] Router.ERROR: No matches images/product/sm-img/1.jpg [] []
[2020-01-08T00:46:15.122000+03:00] Router.ERROR: No matches images/product/sm-img/2.jpg [] []
[2020-01-08T00:46:15.119000+03:00] Router.ERROR: No matches images/product/sm-img/3.jpg [] []
[2020-01-08T00:46:15.551000+03:00] Router.ERROR: No matches images/product/sm-img/3.jpg [] []
[2020-01-08T00:46:15.557000+03:00] Router.ERROR: No matches images/product/sm-img/2.jpg [] []
[2020-01-08T00:46:15.563000+03:00] Router.ERROR: No matches images/product/sm-img/1.jpg [] []
[2020-01-08T00:46:17.085000+03:00] Router.ERROR: No matches images/product/sm-img/3.jpg [] []
[2020-01-08T00:46:17.085000+03:00] Router.ERROR: No matches images/product/sm-img/1.jpg [] []
[2020-01-08T00:46:17.088000+03:00] Router.ERROR: No matches images/product/sm-img/2.jpg [] []
[2020-01-08T00:46:17.370000+03:00] Router.ERROR: No matches images/product/sm-img/3.jpg [] []
[2020-01-08T00:46:17.373000+03:00] Router.ERROR: No matches images/product/sm-img/2.jpg [] []
[2020-01-08T00:47:17.239000+03:00] Router.ERROR: No matches images/product/sm-img/2.jpg [] []
[2020-01-08T00:47:17.240000+03:00] Router.ERROR: No matches images/product/sm-img/3.jpg [] []
[2020-01-08T00:47:17.239000+03:00] Router.ERROR: No matches images/product/sm-img/1.jpg [] []
[2020-01-08T00:47:17.733000+03:00] Router.ERROR: No matches images/product/sm-img/3.jpg [] []
[2020-01-08T00:47:17.732000+03:00] Router.ERROR: No matches images/product/sm-img/1.jpg [] []
[2020-01-08T00:47:17.739000+03:00] Router.ERROR: No matches images/product/sm-img/2.jpg [] []
[2020-01-08T00:47:21.909000+03:00] Router.ERROR: No matches index.php [] []
[2020-01-08T00:47:22.335000+03:00] Router.ERROR: No matches favicon.ico [] []
[2020-01-08T00:47:23.813000+03:00] Router.ERROR: No matches index.php [] []
[2020-01-08T00:47:38.390000+03:00] Router.ERROR: No matches images/product/sm-img/1.jpg [] []
[2020-01-08T00:47:38.393000+03:00] Router.ERROR: No matches images/product/sm-img/3.jpg [] []
[2020-01-08T00:47:38.394000+03:00] Router.ERROR: No matches images/product/sm-img/2.jpg [] []
[2020-01-08T00:47:38.834000+03:00] Router.ERROR: No matches images/product/sm-img/1.jpg [] []
[2020-01-08T00:47:38.841000+03:00] Router.ERROR: No matches images/product/sm-img/2.jpg [] []
[2020-01-08T00:47:38.851000+03:00] Router.ERROR: No matches images/product/sm-img/3.jpg [] []
[2020-01-08T00:47:40.315000+03:00] Router.ERROR: No matches images/product/sm-img/3.jpg [] []
[2020-01-08T00:47:40.316000+03:00] Router.ERROR: No matches images/product/sm-img/1.jpg [] []
[2020-01-08T00:47:40.325000+03:00] Router.ERROR: No matches images/product/sm-img/2.jpg [] []
[2020-01-08T00:47:40.668000+03:00] Router.ERROR: No matches images/product/sm-img/1.jpg [] []
[2020-01-08T00:47:40.666000+03:00] Router.ERROR: No matches images/product/sm-img/2.jpg [] []
[2020-01-08T00:47:40.669000+03:00] Router.ERROR: No matches images/product/sm-img/3.jpg [] []
[2020-01-08T00:47:42.099000+03:00] Router.ERROR: No matches images/product/sm-img/3.jpg [] []
[2020-01-08T00:47:42.105000+03:00] Router.ERROR: No matches images/product/sm-img/2.jpg [] []
[2020-01-08T00:47:42.106000+03:00] Router.ERROR: No matches images/product/sm-img/1.jpg [] []
[2020-01-08T00:47:42.470000+03:00] Router.ERROR: No matches images/product/sm-img/3.jpg [] []
[2020-01-08T00:47:42.470000+03:00] Router.ERROR: No matches images/product/sm-img/1.jpg [] []
[2020-01-08T00:47:42.474000+03:00] Router.ERROR: No matches images/product/sm-img/2.jpg [] []
[2020-01-08T00:49:01.561000+03:00] Router.ERROR: No matches images/product/sm-img/3.jpg [] []
[2020-01-08T00:49:01.563000+03:00] Router.ERROR: No matches images/product/sm-img/2.jpg [] []
[2020-01-08T00:49:01.562000+03:00] Router.ERROR: No matches images/product/sm-img/1.jpg [] []
[2020-01-08T00:49:02.006000+03:00] Router.ERROR: No matches images/product/sm-img/1.jpg [] []
[2020-01-08T00:49:02.009000+03:00] Router.ERROR: No matches images/product/sm-img/2.jpg [] []
[2020-01-08T00:49:02.012000+03:00] Router.ERROR: No matches images/product/sm-img/3.jpg [] []
[2020-01-08T00:49:27.759000+03:00] Router.ERROR: No matches images/product/sm-img/1.jpg [] []
[2020-01-08T00:49:27.767000+03:00] Router.ERROR: No matches images/product/sm-img/3.jpg [] []
[2020-01-08T00:49:27.778000+03:00] Router.ERROR: No matches images/product/sm-img/2.jpg [] []
[2020-01-08T00:49:28.160000+03:00] Router.ERROR: No matches images/product/sm-img/1.jpg [] []
[2020-01-08T00:49:28.164000+03:00] Router.ERROR: No matches images/product/sm-img/3.jpg [] []
[2020-01-08T00:49:28.175000+03:00] Router.ERROR: No matches images/product/sm-img/2.jpg [] []
[2020-01-08T00:49:31.107000+03:00] Router.ERROR: No matches shop-grid.html [] []
[2020-01-08T00:50:31.561000+03:00] Router.ERROR: No matches images/product/sm-img/3.jpg [] []
[2020-01-08T00:50:31.562000+03:00] Router.ERROR: No matches images/product/sm-img/1.jpg [] []
[2020-01-08T00:50:31.567000+03:00] Router.ERROR: No matches images/product/sm-img/2.jpg [] []
[2020-01-08T00:50:32.137000+03:00] Router.ERROR: No matches images/product/sm-img/3.jpg [] []
[2020-01-08T00:50:32.139000+03:00] Router.ERROR: No matches images/product/sm-img/2.jpg [] []
[2020-01-08T00:50:32.138000+03:00] Router.ERROR: No matches images/product/sm-img/1.jpg [] []
[2020-01-08T00:56:53.771000+03:00] Router.ERROR: No matches images/logo/logo.png [] []
[2020-01-08T00:56:53.776000+03:00] Router.ERROR: No matches images/product/sm-img/3.jpg [] []
[2020-01-08T00:56:53.773000+03:00] Router.ERROR: No matches images/product/sm-img/2.jpg [] []
[2020-01-08T00:56:53.784000+03:00] Router.ERROR: No matches images/product/sm-img/1.jpg [] []
[2020-01-08T00:56:54.176000+03:00] Router.ERROR: No matches images/product/sm-img/1.jpg [] []
[2020-01-08T00:56:54.176000+03:00] Router.ERROR: No matches images/product/sm-img/3.jpg [] []
[2020-01-08T00:56:54.176000+03:00] Router.ERROR: No matches images/product/sm-img/2.jpg [] []
[2020-01-08T01:00:06.742000+03:00] Router.ERROR: No matches images/product/sm-img/3.jpg [] []
[2020-01-08T01:00:06.753000+03:00] Router.ERROR: No matches images/logo/logo.png [] []
[2020-01-08T01:00:06.752000+03:00] Router.ERROR: No matches images/books/2.jpg [] []
[2020-01-08T01:00:06.753000+03:00] Router.ERROR: No matches images/product/sm-img/2.jpg [] []
[2020-01-08T01:00:06.751000+03:00] Router.ERROR: No matches images/product/sm-img/1.jpg [] []
[2020-01-08T01:00:06.774000+03:00] Router.ERROR: No matches images/books/3.jpg [] []
[2020-01-08T01:00:06.774000+03:00] Router.ERROR: No matches images/books/5.jpg [] []
[2020-01-08T01:00:06.763000+03:00] Router.ERROR: No matches images/books/1.jpg [] []
[2020-01-08T01:00:06.782000+03:00] Router.ERROR: No matches images/books/6.jpg [] []
[2020-01-08T01:00:06.794000+03:00] Router.ERROR: No matches images/books/7.jpg [] []
[2020-01-08T01:00:06.805000+03:00] Router.ERROR: No matches images/books/10.jpg [] []
[2020-01-08T01:00:06.811000+03:00] Router.ERROR: No matches images/books/9.jpg [] []
[2020-01-08T01:00:06.811000+03:00] Router.ERROR: No matches images/books/8.jpg [] []
[2020-01-08T01:00:06.808000+03:00] Router.ERROR: No matches images/books/11.jpg [] []
[2020-01-08T01:00:06.827000+03:00] Router.ERROR: No matches images/best-sell-product/2.jpg [] []
[2020-01-08T01:00:06.829000+03:00] Router.ERROR: No matches images/books/12.jpg [] []
[2020-01-08T01:00:06.826000+03:00] Router.ERROR: No matches images/best-sell-product/3.jpg [] []
[2020-01-08T01:00:06.831000+03:00] Router.ERROR: No matches images/best-sell-product/1.jpg [] []
[2020-01-08T01:00:06.830000+03:00] Router.ERROR: No matches images/best-sell-product/4.jpg [] []
[2020-01-08T01:00:06.849000+03:00] Router.ERROR: No matches images/best-sell-product/7.jpg [] []
[2020-01-08T01:00:06.850000+03:00] Router.ERROR: No matches images/best-sell-product/8.jpg [] []
[2020-01-08T01:00:06.846000+03:00] Router.ERROR: No matches images/best-sell-product/5.jpg [] []
[2020-01-08T01:00:06.855000+03:00] Router.ERROR: No matches images/best-sell-product/6.jpg [] []
[2020-01-08T01:00:07.189000+03:00] Router.ERROR: No matches images/product/sm-img/2.jpg [] []
[2020-01-08T01:00:07.191000+03:00] Router.ERROR: No matches images/product/sm-img/3.jpg [] []
[2020-01-08T01:00:07.194000+03:00] Router.ERROR: No matches images/product/sm-img/1.jpg [] []
[2020-01-08T01:00:07.200000+03:00] Router.ERROR: No matches images/logo/logo.png [] []
[2020-01-08T01:00:07.211000+03:00] Router.ERROR: No matches images/books/4.jpg [] []
[2020-01-08T01:00:07.213000+03:00] Router.ERROR: No matches images/books/3.jpg [] []
[2020-01-08T01:00:07.213000+03:00] Router.ERROR: No matches images/books/1.jpg [] []
[2020-01-08T01:00:07.215000+03:00] Router.ERROR: No matches images/books/2.jpg [] []
[2020-01-08T01:00:07.220000+03:00] Router.ERROR: No matches images/books/5.jpg [] []
[2020-01-08T01:00:07.234000+03:00] Router.ERROR: No matches images/books/9.jpg [] []

[2020-01-08T01:00:07.236000+03:00] Router.ERROR: No matches images/books/6.jpg [] []
[2020-01-08T01:00:07.246000+03:00] Router.ERROR: No matches images/books/7.jpg [] []
[2020-01-08T01:00:07.249000+03:00] Router.ERROR: No matches images/books/12.jpg [] []
[2020-01-08T01:00:07.255000+03:00] Router.ERROR: No matches images/best-sell-product/2.jpg [] []
[2020-01-08T01:00:07.254000+03:00] Router.ERROR: No matches images/books/8.jpg [] []
[2020-01-08T01:00:07.248000+03:00] Router.ERROR: No matches images/best-sell-product/1.jpg [] []
[2020-01-08T01:00:07.270000+03:00] Router.ERROR: No matches images/best-sell-product/5.jpg [] []
[2020-01-08T01:00:07.269000+03:00] Router.ERROR: No matches images/best-sell-product/3.jpg [] []
[2020-01-08T01:00:07.278000+03:00] Router.ERROR: No matches images/best-sell-product/4.jpg [] []
[2020-01-08T01:00:07.286000+03:00] Router.ERROR: No matches images/best-sell-product/6.jpg [] []
[2020-01-08T01:00:07.294000+03:00] Router.ERROR: No matches images/best-sell-product/7.jpg [] []
[2020-01-08T01:00:07.294000+03:00] Router.ERROR: No matches images/best-sell-product/8.jpg [] []
[2020-01-08T01:00:07.320000+03:00] Router.ERROR: No matches images/books/10.jpg [] []
[2020-01-08T01:00:50.869000+03:00] Router.ERROR: No matches images/books/1.jpg [] []
[2020-01-08T01:00:50.870000+03:00] Router.ERROR: No matches images/books/2.jpg [] []
]
[2020-01-08T01:00:50.869000+03:00] Router.ERROR: No matches images/product/sm-img/1.jpg [] []
[2020-01-08T01:00:50.869000+03:00] Router.ERROR: No matches images/product/sm-img/2.jpg [] []
[2020-01-08T01:00:50.869000+03:00] Router.ERROR: No matches images/product/sm-img/3.jpg [] []
[2020-01-08T01:00:50.883000+03:00] Router.ERROR: No matches images/books/3.jpg [] []
[2020-01-08T01:00:50.885000+03:00] Router.ERROR: No matches images/books/7.jpg [] []
[2020-01-08T01:00:50.886000+03:00] Router.ERROR: No matches images/books/4.jpg [] []
[2020-01-08T01:00:50.886000+03:00] Router.ERROR: No matches images/books/5.jpg [] []
[2020-01-08T01:00:50.897000+03:00] Router.ERROR: No matches images/books/8.jpg [] []
[2020-01-08T01:00:50.903000+03:00] Router.ERROR: No matches images/books/11.jpg [] []
[2020-01-08T01:00:50.903000+03:00] Router.ERROR: No matches images/books/10.jpg [] []
[2020-01-08T01:00:50.889000+03:00] Router.ERROR: No matches images/books/6.jpg [] []
[2020-01-08T01:00:50.911000+03:00] Router.ERROR: No matches images/books/9.jpg [] []
[2020-01-08T01:00:50.918000+03:00] Router.ERROR: No matches images/books/12.jpg [] []
[2020-01-08T01:00:50.918000+03:00] Router.ERROR: No matches images/best-sell-product/1.jpg [] []
[2020-01-08T01:00:50.921000+03:00] Router.ERROR: No matches images/best-sell-product/3.jpg [] []
[2020-01-08T01:00:50.936000+03:00] Router.ERROR: No matches images/best-sell-product/4.jpg [] []
[2020-01-08T01:00:50.932000+03:00] Router.ERROR: No matches images/best-sell-product/2.jpg [] []
[2020-01-08T01:00:50.949000+03:00] Router.ERROR: No matches images/best-sell-product/7.jpg [] []
[2020-01-08T01:00:50.951000+03:00] Router.ERROR: No matches images/best-sell-product/6.jpg [] []
[2020-01-08T01:00:50.956000+03:00] Router.ERROR: No matches images/best-sell-product/8.jpg [] []
[2020-01-08T01:00:50.958000+03:00] Router.ERROR: No matches images/best-sell-product/5.jpg [] []
[2020-01-08T01:00:51.362000+03:00] Router.ERROR: No matches images/product/sm-img/1.jpg [] []
[2020-01-08T01:00:51.361000+03:00] Router.ERROR: No matches images/books/2.jpg [] []
[2020-01-08T01:00:51.368000+03:00] Router.ERROR: No matches images/product/sm-img/3.jpg [] []
[2020-01-08T01:00:51.368000+03:00] Router.ERROR: No matches images/logo/logo.png [] []
[2020-01-08T01:00:51.381000+03:00] Router.ERROR: No matches images/books/4.jpg [] []
[2020-01-08T01:00:51.381000+03:00] Router.ERROR: No matches images/books/3.jpg [] []
[2020-01-08T01:00:51.389000+03:00] Router.ERROR: No matches images/books/5.jpg [] []
[2020-01-08T01:00:51.399000+03:00] Router.ERROR: No matches images/product/sm-img/2.jpg [] []
[2020-01-08T01:00:51.401000+03:00] Router.ERROR: No matches images/books/6.jpg [] []
[2020-01-08T01:00:51.402000+03:00] Router.ERROR: No matches images/books/7.jpg [] []
[2020-01-08T01:00:51.403000+03:00] Router.ERROR: No matches images/books/8.jpg [] []
[2020-01-08T01:00:51.414000+03:00] Router.ERROR: No matches images/books/9.jpg [] []
[2020-01-08T01:00:51.419000+03:00] Router.ERROR: No matches images/books/11.jpg [] []
[2020-01-08T01:00:51.422000+03:00] Router.ERROR: No matches images/books/12.jpg [] []
[2020-01-08T01:00:51.426000+03:00] Router.ERROR: No matches images/best-sell-product/1.jpg [] []
[2020-01-08T01:00:51.436000+03:00] Router.ERROR: No matches images/best-sell-product/2.jpg [] []
[2020-01-08T01:00:51.439000+03:00] Router.ERROR: No matches images/best-sell-product/3.jpg [] []
[2020-01-08T01:00:51.446000+03:00] Router.ERROR: No matches images/best-sell-product/5.jpg [] []
[2020-01-08T01:00:51.448000+03:00] Router.ERROR: No matches images/best-sell-product/7.jpg [] []
[2020-01-08T01:00:51.441000+03:00] Router.ERROR: No matches images/best-sell-product/4.jpg [] []
[2020-01-08T01:00:51.454000+03:00] Router.ERROR: No matches images/best-sell-product/8.jpg [] []
[2020-01-08T01:00:51.460000+03:00] Router.ERROR: No matches images/best-sell-product/6.jpg [] []
[2020-01-08T01:00:51.472000+03:00] Router.ERROR: No matches images/books/10.jpg [] []
[2020-01-08T01:06:31.508000+03:00] Router.ERROR: No matches images/books/1.jpg [] []
[2020-01-08T01:06:31.515000+03:00] Router.ERROR: No matches images/product/sm-img/3.jpg [] []
[2020-01-08T01:06:31.510000+03:00] Router.ERROR: No matches images/books/3.jpg [] []
[2020-01-08T01:06:31.517000+03:00] Router.ERROR: No matches images/books/2.jpg [] []
[2020-01-08T01:06:31.513000+03:00] Router.ERROR: No matches images/product/sm-img/2.jpg [] []
[2020-01-08T01:06:31.509000+03:00] Router.ERROR: No matches images/product/sm-img/1.jpg [] []
[2020-01-08T01:06:31.534000+03:00] Router.ERROR: No matches images/books/5.jpg [] []
[2020-01-08T01:06:31.539000+03:00] Router.ERROR: No matches images/books/4.jpg [] []
[2020-01-08T01:06:31.535000+03:00] Router.ERROR: No matches images/books/8.jpg [] []
[2020-01-08T01:06:31.540000+03:00] Router.ERROR: No matches images/books/7.jpg [] []
[2020-01-08T01:06:31.543000+03:00] Router.ERROR: No matches images/books/6.jpg [] []
[2020-01-08T01:06:31.568000+03:00] Router.ERROR: No matches images/books/9.jpg [] []
[2020-01-08T01:06:31.574000+03:00] Router.ERROR: No matches images/books/10.jpg [] []
[2020-01-08T01:06:31.580000+03:00] Router.ERROR: No matches images/best-sell-product/1.jpg [] []
[2020-01-08T01:06:31.578000+03:00] Router.ERROR: No matches images/books/11.jpg [] []
[2020-01-08T01:06:31.584000+03:00] Router.ERROR: No matches images/books/12.jpg [] []
[2020-01-08T01:06:31.593000+03:00] Router.ERROR: No matches images/best-sell-product/4.jpg [] []
[2020-01-08T01:06:31.594000+03:00] Router.ERROR: No matches images/best-sell-product/3.jpg [] []
[2020-01-08T01:06:31.604000+03:00] Router.ERROR: No matches images/best-sell-product/5.jpg [] []
[2020-01-08T01:06:31.605000+03:00] Router.ERROR: No matches images/best-sell-product/6.jpg [] []
[2020-01-08T01:06:31.607000+03:00] Router.ERROR: No matches images/best-sell-product/7.jpg [] []
[2020-01-08T01:06:31.613000+03:00] Router.ERROR: No matches images/best-sell-product/8.jpg [] []
[2020-01-08T01:06:31.897000+03:00] Router.ERROR: No matches images/product/sm-img/1.jpg [] []
[2020-01-08T01:06:31.900000+03:00] Router.ERROR: No matches images/product/sm-img/2.jpg [] []
[2020-01-08T01:06:31.900000+03:00] Router.ERROR: No matches images/product/sm-img/3.jpg [] []
[2020-01-08T01:06:31.901000+03:00] Router.ERROR: No matches images/books/1.jpg [] []
[2020-01-08T01:06:31.914000+03:00] Router.ERROR: No matches images/books/3.jpg [] []
[2020-01-08T01:06:31.917000+03:00] Router.ERROR: No matches images/books/2.jpg [] []
[2020-01-08T01:06:31.926000+03:00] Router.ERROR: No matches images/books/5.jpg [] []
[2020-01-08T01:06:31.926000+03:00] Router.ERROR: No matches images/books/7.jpg [] []
[2020-01-08T01:06:31.931000+03:00] Router.ERROR: No matches images/books/6.jpg [] []
[2020-01-08T01:06:31.914000+03:00] Router.ERROR: No matches images/books/4.jpg [] []
[2020-01-08T01:06:31.947000+03:00] Router.ERROR: No matches images/books/12.jpg [] []
[2020-01-08T01:06:31.952000+03:00] Router.ERROR: No matches images/best-sell-product/1.jpg [] []
[2020-01-08T01:06:31.952000+03:00] Router.ERROR: No matches images/best-sell-product/2.jpg [] []
[2020-01-08T01:06:31.949000+03:00] Router.ERROR: No matches images/books/9.jpg [] []
[2020-01-08T01:06:31.953000+03:00] Router.ERROR: No matches images/books/8.jpg [] []
[2020-01-08T01:06:31.952000+03:00] Router.ERROR: No matches images/books/11.jpg [] []
[2020-01-08T01:06:31.967000+03:00] Router.ERROR: No matches images/best-sell-product/3.jpg [] []
[2020-01-08T01:06:31.969000+03:00] Router.ERROR: No matches images/best-sell-product/6.jpg [] []
[2020-01-08T01:06:31.964000+03:00] Router.ERROR: No matches images/best-sell-product/4.jpg [] []
[2020-01-08T01:06:31.974000+03:00] Router.ERROR: No matches images/best-sell-product/5.jpg [] []
[2020-01-08T01:06:31.977000+03:00] Router.ERROR: No matches images/best-sell-product/7.jpg [] []
[2020-01-08T01:06:31.986000+03:00] Router.ERROR: No matches images/best-sell-product/8.jpg [] []
[2020-01-08T01:06:32.000000+03:00] Router.ERROR: No matches images/books/10.jpg [] []
