[2020-01-17T00:09:03.438722+02:00] Router.ERROR: No matches catalog/1/images/product/sm-img/1.jpg [] []
[2020-01-17T00:09:03.441697+02:00] Router.ERROR: No matches catalog/1/images/product/sm-img/3.jpg [] []
[2020-01-17T00:09:03.442710+02:00] Router.ERROR: No matches catalog/1/images/product/sm-img/2.jpg [] []
[2020-01-17T00:09:04.428717+02:00] Router.ERROR: No matches catalog/1/images/product/sm-img/3.jpg [] []
[2020-01-17T00:09:04.429851+02:00] Router.ERROR: No matches catalog/1/images/product/sm-img/1.jpg [] []
[2020-01-17T00:09:04.430444+02:00] Router.ERROR: No matches catalog/1/images/product/sm-img/2.jpg [] []
[2020-01-17T00:09:46.214863+02:00] Router.ERROR: No matches catalog/1/images/product/sm-img/1.jpg [] []
[2020-01-17T00:09:46.216090+02:00] Router.ERROR: No matches catalog/1/images/product/sm-img/3.jpg [] []
[2020-01-17T00:09:46.218168+02:00] Router.ERROR: No matches catalog/1/images/product/sm-img/2.jpg [] []
[2020-01-17T00:09:46.920861+02:00] Router.ERROR: No matches catalog/1/images/product/sm-img/1.jpg [] []
[2020-01-17T00:09:46.921880+02:00] Router.ERROR: No matches catalog/1/images/product/sm-img/3.jpg [] []
[2020-01-17T00:09:46.922824+02:00] Router.ERROR: No matches catalog/1/images/product/sm-img/2.jpg [] []
[2020-01-17T00:10:58.218510+02:00] Router.ERROR: No matches catalog/1/images/product/sm-img/1.jpg [] []
[2020-01-17T00:10:58.219400+02:00] Router.ERROR: No matches catalog/1/images/product/sm-img/3.jpg [] []
[2020-01-17T00:10:58.219976+02:00] Router.ERROR: No matches catalog/1/images/product/sm-img/2.jpg [] []
[2020-01-17T00:10:58.855961+02:00] Router.ERROR: No matches catalog/1/images/product/sm-img/1.jpg [] []
[2020-01-17T00:10:58.856599+02:00] Router.ERROR: No matches catalog/1/images/product/sm-img/3.jpg [] []
[2020-01-17T00:10:58.857168+02:00] Router.ERROR: No matches catalog/1/images/product/sm-img/2.jpg [] []
[2020-01-17T00:11:15.891281+02:00] Router.ERROR: No matches catalog/1/images/product/sm-img/1.jpg [] []
[2020-01-17T00:11:15.893498+02:00] Router.ERROR: No matches catalog/1/images/product/sm-img/3.jpg [] []
[2020-01-17T00:11:15.895179+02:00] Router.ERROR: No matches catalog/1/images/product/sm-img/2.jpg [] []
[2020-01-17T00:11:16.585683+02:00] Router.ERROR: No matches catalog/1/images/product/sm-img/1.jpg [] []
[2020-01-17T00:11:16.586556+02:00] Router.ERROR: No matches catalog/1/images/product/sm-img/3.jpg [] []
[2020-01-17T00:11:16.587133+02:00] Router.ERROR: No matches catalog/1/images/product/sm-img/2.jpg [] []
[2020-01-17T00:12:12.283326+02:00] Router.ERROR: No matches catalog/1/images/product/sm-img/1.jpg [] []
[2020-01-17T00:12:12.284989+02:00] Router.ERROR: No matches catalog/1/images/product/sm-img/3.jpg [] []
[2020-01-17T00:12:12.286862+02:00] Router.ERROR: No matches catalog/1/images/product/sm-img/2.jpg [] []
[2020-01-17T00:12:12.895338+02:00] Router.ERROR: No matches catalog/1/images/product/sm-img/3.jpg [] []
[2020-01-17T00:12:12.896244+02:00] Router.ERROR: No matches catalog/1/images/product/sm-img/1.jpg [] []
[2020-01-17T00:12:12.897081+02:00] Router.ERROR: No matches catalog/1/images/product/sm-img/2.jpg [] []
[2020-01-17T00:13:03.256214+02:00] Router.ERROR: No matches book/images/product/sm-img/1.jpg [] []
[2020-01-17T00:13:03.258596+02:00] Router.ERROR: No matches book/images/product/sm-img/3.jpg [] []
[2020-01-17T00:13:03.260049+02:00] Router.ERROR: No matches book/images/product/sm-img/2.jpg [] []
[2020-01-17T00:13:03.799084+02:00] Router.ERROR: No matches book/images/product/sm-img/1.jpg [] []
[2020-01-17T00:13:03.799662+02:00] Router.ERROR: No matches book/images/product/sm-img/3.jpg [] []
[2020-01-17T00:13:03.800196+02:00] Router.ERROR: No matches book/images/product/sm-img/2.jpg [] []
[2020-01-17T00:13:04.016647+02:00] Router.ERROR: No matches book/milady_standard_esthetics.jpg [] []
[2020-01-17T00:13:07.074840+02:00] Router.ERROR: Controller class App\Controllers\AuthorController not found [] []
[2020-01-17T00:16:46.638095+02:00] Router.ERROR: Method show not found [] []
[2020-01-17T00:17:53.214257+02:00] Router.ERROR: No matches author/images/product/sm-img/1.jpg [] []
[2020-01-17T00:17:53.215779+02:00] Router.ERROR: No matches author/images/product/sm-img/3.jpg [] []
[2020-01-17T00:17:53.216560+02:00] Router.ERROR: No matches author/images/product/sm-img/2.jpg [] []
[2020-01-17T00:17:53.764753+02:00] Router.ERROR: No matches author/images/product/sm-img/1.jpg [] []
[2020-01-17T00:17:53.765632+02:00] Router.ERROR: No matches author/images/product/sm-img/3.jpg [] []
[2020-01-17T00:17:53.766447+02:00] Router.ERROR: No matches author/images/product/sm-img/2.jpg [] []
[2020-01-17T00:20:57.149565+02:00] Router.ERROR: No matches author/images/product/sm-img/1.jpg [] []
[2020-01-17T00:20:57.150718+02:00] Router.ERROR: No matches author/images/product/sm-img/3.jpg [] []
[2020-01-17T00:20:57.151417+02:00] Router.ERROR: No matches author/images/product/sm-img/2.jpg [] []
[2020-01-17T00:20:57.644692+02:00] Router.ERROR: No matches author/images/product/sm-img/1.jpg [] []
[2020-01-17T00:20:57.645491+02:00] Router.ERROR: No matches author/images/product/sm-img/3.jpg [] []
[2020-01-17T00:20:57.646168+02:00] Router.ERROR: No matches author/images/product/sm-img/2.jpg [] []
[2020-01-17T00:29:02.500778+02:00] BookModel.ERROR: SQLSTATE[HY093]: Invalid parameter number: parameter was not defined [] []
[2020-01-17T00:29:02.895985+02:00] Router.ERROR: No matches author/images/product/sm-img/3.jpg [] []
[2020-01-17T00:29:02.896656+02:00] Router.ERROR: No matches author/images/product/sm-img/1.jpg [] []
[2020-01-17T00:29:02.897374+02:00] Router.ERROR: No matches author/images/product/sm-img/2.jpg [] []
[2020-01-17T00:29:03.513538+02:00] Router.ERROR: No matches author/images/product/sm-img/1.jpg [] []
[2020-01-17T00:29:03.515678+02:00] Router.ERROR: No matches author/images/product/sm-img/3.jpg [] []
[2020-01-17T00:29:03.517302+02:00] Router.ERROR: No matches author/images/product/sm-img/2.jpg [] []
[2020-01-17T00:29:32.165939+02:00] Router.ERROR: No matches catalog/1/images/product/sm-img/3.jpg [] []
[2020-01-17T00:29:32.166998+02:00] Router.ERROR: No matches catalog/1/images/product/sm-img/1.jpg [] []
[2020-01-17T00:29:32.168718+02:00] Router.ERROR: No matches catalog/1/images/product/sm-img/2.jpg [] []
[2020-01-17T00:29:32.719115+02:00] Router.ERROR: No matches catalog/1/images/product/sm-img/1.jpg [] []
[2020-01-17T00:29:32.719788+02:00] Router.ERROR: No matches catalog/1/images/product/sm-img/3.jpg [] []
[2020-01-17T00:29:32.720411+02:00] Router.ERROR: No matches catalog/1/images/product/sm-img/2.jpg [] []
[2020-01-17T00:29:36.047641+02:00] Router.ERROR: No matches catalog/images/product/sm-img/1.jpg [] []
[2020-01-17T00:29:36.048657+02:00] Router.ERROR: No matches catalog/images/product/sm-img/3.jpg [] []
[2020-01-17T00:29:36.049626+02:00] Router.ERROR: No matches catalog/images/product/sm-img/2.jpg [] []
[2020-01-17T00:29:36.579638+02:00] Router.ERROR: No matches catalog/images/product/sm-img/1.jpg [] []
[2020-01-17T00:29:36.580319+02:00] Router.ERROR: No matches catalog/images/product/sm-img/3.jpg [] []
[2020-01-17T00:29:36.580995+02:00] Router.ERROR: No matches catalog/images/product/sm-img/2.jpg [] []
[2020-01-17T00:29:38.127368+02:00] Router.ERROR: No matches book/images/product/sm-img/1.jpg [] []
[2020-01-17T00:29:38.128324+02:00] Router.ERROR: No matches book/images/product/sm-img/3.jpg [] []
[2020-01-17T00:29:38.128990+02:00] Router.ERROR: No matches book/images/product/sm-img/2.jpg [] []
[2020-01-17T00:29:38.755145+02:00] Router.ERROR: No matches book/images/product/sm-img/1.jpg [] []
[2020-01-17T00:29:38.755701+02:00] Router.ERROR: No matches book/images/product/sm-img/3.jpg [] []
[2020-01-17T00:29:38.756121+02:00] Router.ERROR: No matches book/images/product/sm-img/2.jpg [] []
[2020-01-17T00:29:38.966224+02:00] Router.ERROR: No matches book/howard_stern_comes_again.jpg [] []
[2020-01-17T00:29:42.129127+02:00] BookModel.ERROR: SQLSTATE[HY093]: Invalid parameter number: parameter was not defined [] []
[2020-01-17T00:29:42.347731+02:00] Router.ERROR: No matches author/images/product/sm-img/1.jpg [] []
[2020-01-17T00:29:42.348507+02:00] Router.ERROR: No matches author/images/product/sm-img/3.jpg [] []
[2020-01-17T00:29:42.350236+02:00] Router.ERROR: No matches author/images/product/sm-img/2.jpg [] []
[2020-01-17T00:29:42.848090+02:00] Router.ERROR: No matches author/images/product/sm-img/1.jpg [] []
[2020-01-17T00:29:42.848971+02:00] Router.ERROR: No matches author/images/product/sm-img/3.jpg [] []
[2020-01-17T00:29:42.850393+02:00] Router.ERROR: No matches author/images/product/sm-img/2.jpg [] []
[2020-01-17T00:30:16.566269+02:00] Router.ERROR: No matches author/images/product/sm-img/1.jpg [] []
[2020-01-17T00:30:16.573075+02:00] Router.ERROR: No matches author/images/product/sm-img/3.jpg [] []
[2020-01-17T00:30:16.574712+02:00] Router.ERROR: No matches author/images/product/sm-img/2.jpg [] []
[2020-01-17T00:30:17.298463+02:00] Router.ERROR: No matches author/images/product/sm-img/1.jpg [] []
[2020-01-17T00:30:17.299109+02:00] Router.ERROR: No matches author/images/product/sm-img/3.jpg [] []
[2020-01-17T00:30:17.299685+02:00] Router.ERROR: No matches author/images/product/sm-img/2.jpg [] []
[2020-01-17T00:30:43.108373+02:00] Router.ERROR: No matches book/images/product/sm-img/1.jpg [] []
[2020-01-17T00:30:43.110294+02:00] Router.ERROR: No matches book/images/product/sm-img/3.jpg [] []
[2020-01-17T00:30:43.111643+02:00] Router.ERROR: No matches book/images/product/sm-img/2.jpg [] []
[2020-01-17T00:30:43.654207+02:00] Router.ERROR: No matches book/images/product/sm-img/1.jpg [] []
[2020-01-17T00:30:43.654986+02:00] Router.ERROR: No matches book/images/product/sm-img/2.jpg [] []
[2020-01-17T00:30:43.655480+02:00] Router.ERROR: No matches book/images/product/sm-img/3.jpg [] []
[2020-01-17T00:30:43.906280+02:00] Router.ERROR: No matches book/howard_stern_comes_again.jpg [] []
[2020-01-17T00:30:45.949328+02:00] Router.ERROR: No matches author/images/product/sm-img/1.jpg [] []
[2020-01-17T00:30:45.951999+02:00] Router.ERROR: No matches author/images/product/sm-img/3.jpg [] []
[2020-01-17T00:30:45.953574+02:00] Router.ERROR: No matches author/images/product/sm-img/2.jpg [] []
[2020-01-17T00:30:46.550660+02:00] Router.ERROR: No matches author/images/product/sm-img/1.jpg [] []
[2020-01-17T00:30:46.552194+02:00] Router.ERROR: No matches author/images/product/sm-img/3.jpg [] []
[2020-01-17T00:30:46.553276+02:00] Router.ERROR: No matches author/images/product/sm-img/2.jpg [] []
[2020-01-17T10:17:42.052887+02:00] Router.ERROR: No matches author/images/product/sm-img/1.jpg [] []
[2020-01-17T10:17:42.062763+02:00] Router.ERROR: No matches author/images/product/sm-img/3.jpg [] []
[2020-01-17T10:17:42.063538+02:00] Router.ERROR: No matches author/images/product/sm-img/2.jpg [] []
[2020-01-17T10:17:45.766407+02:00] Router.ERROR: No matches author/images/product/sm-img/1.jpg [] []
[2020-01-17T10:17:45.769788+02:00] Router.ERROR: No matches author/images/product/sm-img/3.jpg [] []
[2020-01-17T10:17:45.770344+02:00] Router.ERROR: No matches author/images/product/sm-img/2.jpg [] []
