[2020-01-15T00:43:23.413180+02:00] Router.ERROR: No matches catalog/css/bootstrap.min.css [] []
[2020-01-15T00:43:23.414171+02:00] Router.ERROR: No matches catalog/css/plugins.css [] []
[2020-01-15T00:43:23.414916+02:00] Router.ERROR: No matches catalog/css/style.css [] []
[2020-01-15T00:43:23.415629+02:00] Router.ERROR: No matches catalog/css/custom.css [] []
[2020-01-15T00:43:23.416339+02:00] Router.ERROR: No matches catalog/js/vendor/modernizr-3.5.0.min.js [] []
[2020-01-15T00:43:23.417556+02:00] Router.ERROR: No matches catalog/js/vendor/jquery-3.2.1.min.js [] []
[2020-01-15T00:43:23.420527+02:00] Router.ERROR: No matches catalog/js/popper.min.js [] []
[2020-01-15T00:43:23.421086+02:00] Router.ERROR: No matches catalog/js/bootstrap.min.js [] []
[2020-01-15T00:43:23.421686+02:00] Router.ERROR: No matches catalog/js/plugins.js [] []
[2020-01-15T00:43:23.422200+02:00] Router.ERROR: No matches catalog/js/active.js [] []
[2020-01-15T00:43:23.423320+02:00] Router.ERROR: No matches catalog/images/logo/logo.png [] []
[2020-01-15T00:43:23.424982+02:00] Router.ERROR: No matches catalog/images/product/sm-img/1.jpg [] []
[2020-01-15T00:43:23.425477+02:00] Router.ERROR: No matches catalog/images/product/sm-img/3.jpg [] []
[2020-01-15T00:43:23.426692+02:00] Router.ERROR: No matches catalog/images/product/sm-img/2.jpg [] []
[2020-01-15T00:43:23.427177+02:00] Router.ERROR: No matches catalog/images/books/1.jpg [] []
[2020-01-15T00:43:23.428184+02:00] Router.ERROR: No matches catalog/images/logo/3.png [] []
[2020-01-15T00:43:23.428737+02:00] Router.ERROR: No matches catalog/images/books/2.jpg [] []
[2020-01-15T00:43:23.429838+02:00] Router.ERROR: No matches catalog/images/icons/payment.png [] []
[2020-01-15T00:43:23.430424+02:00] Router.ERROR: No matches catalog/images/product/big-img/1.jpg [] []
[2020-01-15T00:43:24.414662+02:00] Router.ERROR: No matches catalog/images/logo/logo.png [] []
[2020-01-15T00:43:24.415309+02:00] Router.ERROR: No matches catalog/images/product/sm-img/1.jpg [] []
[2020-01-15T00:43:24.415993+02:00] Router.ERROR: No matches catalog/images/product/sm-img/3.jpg [] []
[2020-01-15T00:43:24.416547+02:00] Router.ERROR: No matches catalog/images/product/sm-img/2.jpg [] []
[2020-01-15T00:43:24.417178+02:00] Router.ERROR: No matches catalog/images/books/1.jpg [] []
[2020-01-15T00:43:24.417717+02:00] Router.ERROR: No matches catalog/images/books/2.jpg [] []
[2020-01-15T00:43:24.418294+02:00] Router.ERROR: No matches catalog/images/logo/3.png [] []
[2020-01-15T00:43:24.418774+02:00] Router.ERROR: No matches catalog/images/icons/payment.png [] []
[2020-01-15T00:43:24.419248+02:00] Router.ERROR: No matches catalog/images/product/big-img/1.jpg [] []
[2020-01-15T00:43:32.307439+02:00] Router.ERROR: No matches catalog/css/bootstrap.min.css [] []
[2020-01-15T00:43:32.308032+02:00] Router.ERROR: No matches catalog/css/plugins.css [] []
[2020-01-15T00:43:32.308531+02:00] Router.ERROR: No matches catalog/css/style.css [] []
[2020-01-15T00:43:32.309188+02:00] Router.ERROR: No matches catalog/css/custom.css [] []
[2020-01-15T00:43:32.309844+02:00] Router.ERROR: No matches catalog/js/vendor/modernizr-3.5.0.min.js [] []
[2020-01-15T00:43:32.310444+02:00] Router.ERROR: No matches catalog/js/vendor/jquery-3.2.1.min.js [] []
[2020-01-15T00:43:32.311189+02:00] Router.ERROR: No matches catalog/js/plugins.js [] []
[2020-01-15T00:43:32.311671+02:00] Router.ERROR: No matches catalog/js/popper.min.js [] []
[2020-01-15T00:43:32.312209+02:00] Router.ERROR: No matches catalog/js/bootstrap.min.js [] []
[2020-01-15T00:43:32.312830+02:00] Router.ERROR: No matches catalog/js/active.js [] []
[2020-01-15T00:43:32.313454+02:00] Router.ERROR: No matches catalog/images/logo/logo.png [] []
[2020-01-15T00:43:32.313991+02:00] Router.ERROR: No matches catalog/images/product/sm-img/1.jpg [] []
[2020-01-15T00:43:32.314573+02:00] Router.ERROR: No matches catalog/images/product/sm-img/3.jpg [] []
[2020-01-15T00:43:32.315115+02:00] Router.ERROR: No matches catalog/images/product/sm-img/2.jpg [] []
[2020-01-15T00:43:32.315695+02:00] Router.ERROR: No matches catalog/images/books/1.jpg [] []
[2020-01-15T00:43:32.316256+02:00] Router.ERROR: No matches catalog/images/books/2.jpg [] []
[2020-01-15T00:43:32.316760+02:00] Router.ERROR: No matches catalog/images/logo/3.png [] []
[2020-01-15T00:43:32.317305+02:00] Router.ERROR: No matches catalog/images/icons/payment.png [] []
[2020-01-15T00:43:32.318050+02:00] Router.ERROR: No matches catalog/images/product/big-img/1.jpg [] []
[2020-01-15T00:43:59.496406+02:00] Router.ERROR: No matches catalog/css/bootstrap.min.css [] []
[2020-01-15T00:43:59.497344+02:00] Router.ERROR: No matches catalog/css/plugins.css [] []
[2020-01-15T00:43:59.498129+02:00] Router.ERROR: No matches catalog/css/style.css [] []
[2020-01-15T00:43:59.499002+02:00] Router.ERROR: No matches catalog/css/custom.css [] []
[2020-01-15T00:43:59.499620+02:00] Router.ERROR: No matches catalog/js/vendor/modernizr-3.5.0.min.js [] []
[2020-01-15T00:43:59.501801+02:00] Router.ERROR: No matches catalog/images/logo/logo.png [] []
[2020-01-15T00:43:59.504092+02:00] Router.ERROR: No matches catalog/images/product/sm-img/1.jpg [] []
[2020-01-15T00:43:59.504900+02:00] Router.ERROR: No matches catalog/images/product/sm-img/3.jpg [] []
[2020-01-15T00:43:59.506196+02:00] Router.ERROR: No matches catalog/images/product/sm-img/2.jpg [] []
[2020-01-15T00:44:00.108424+02:00] Router.ERROR: No matches catalog/images/books/2.jpg [] []
[2020-01-15T00:44:00.109087+02:00] Router.ERROR: No matches catalog/images/books/1.jpg [] []
[2020-01-15T00:44:00.109694+02:00] Router.ERROR: No matches catalog/images/logo/3.png [] []
[2020-01-15T00:44:00.110304+02:00] Router.ERROR: No matches catalog/images/icons/payment.png [] []
[2020-01-15T00:44:00.110825+02:00] Router.ERROR: No matches catalog/images/product/big-img/1.jpg [] []
[2020-01-15T00:44:00.111356+02:00] Router.ERROR: No matches catalog/js/vendor/jquery-3.2.1.min.js [] []
[2020-01-15T00:44:00.111941+02:00] Router.ERROR: No matches catalog/js/popper.min.js [] []
[2020-01-15T00:44:00.112555+02:00] Router.ERROR: No matches catalog/js/bootstrap.min.js [] []
[2020-01-15T00:44:00.113226+02:00] Router.ERROR: No matches catalog/js/plugins.js [] []
[2020-01-15T00:44:00.113801+02:00] Router.ERROR: No matches catalog/js/active.js [] []
[2020-01-15T00:44:00.484604+02:00] Router.ERROR: No matches catalog/images/logo/logo.png [] []
[2020-01-15T00:44:00.485277+02:00] Router.ERROR: No matches catalog/images/product/sm-img/1.jpg [] []
[2020-01-15T00:44:00.486252+02:00] Router.ERROR: No matches catalog/images/product/sm-img/2.jpg [] []
[2020-01-15T00:44:00.487183+02:00] Router.ERROR: No matches catalog/images/product/sm-img/3.jpg [] []
[2020-01-15T00:44:13.473261+02:00] Router.ERROR: No matches genre/1/css/bootstrap.min.css [] []
[2020-01-15T00:44:13.474230+02:00] Router.ERROR: No matches genre/1/css/plugins.css [] []
[2020-01-15T00:44:13.474986+02:00] Router.ERROR: No matches genre/1/css/style.css [] []
[2020-01-15T00:44:13.476028+02:00] Router.ERROR: No matches genre/1/css/custom.css [] []
[2020-01-15T00:44:13.476682+02:00] Router.ERROR: No matches genre/1/js/vendor/modernizr-3.5.0.min.js [] []
[2020-01-15T00:44:13.477370+02:00] Router.ERROR: No matches genre/1/js/vendor/jquery-3.2.1.min.js [] []
[2020-01-15T00:44:13.478708+02:00] Router.ERROR: No matches genre/1/js/popper.min.js [] []
[2020-01-15T00:44:13.479454+02:00] Router.ERROR: No matches genre/1/js/bootstrap.min.js [] []
[2020-01-15T00:44:13.480144+02:00] Router.ERROR: No matches genre/1/images/logo/logo.png [] []
[2020-01-15T00:44:13.481291+02:00] Router.ERROR: No matches genre/1/js/plugins.js [] []
[2020-01-15T00:44:13.481915+02:00] Router.ERROR: No matches genre/1/images/product/sm-img/1.jpg [] []
[2020-01-15T00:44:13.482566+02:00] Router.ERROR: No matches genre/1/images/product/sm-img/2.jpg [] []
[2020-01-15T00:44:13.483215+02:00] Router.ERROR: No matches genre/1/images/product/sm-img/3.jpg [] []
[2020-01-15T00:44:13.485203+02:00] Router.ERROR: No matches genre/1/js/active.js [] []
[2020-01-15T00:44:13.485968+02:00] Router.ERROR: No matches genre/1/images/books/2.jpg [] []
[2020-01-15T00:44:13.486709+02:00] Router.ERROR: No matches genre/1/images/books/1.jpg [] []
[2020-01-15T00:44:13.488307+02:00] Router.ERROR: No matches genre/1/images/logo/3.png [] []
[2020-01-15T00:44:13.489331+02:00] Router.ERROR: No matches genre/1/images/icons/payment.png [] []
[2020-01-15T00:44:13.490019+02:00] Router.ERROR: No matches genre/1/images/product/big-img/1.jpg [] []
[2020-01-15T00:44:19.896287+02:00] Router.ERROR: No matches genre/1/css/bootstrap.min.css [] []
[2020-01-15T00:44:19.896946+02:00] Router.ERROR: No matches genre/1/css/style.css [] []
[2020-01-15T00:44:19.897539+02:00] Router.ERROR: No matches genre/1/css/plugins.css [] []
[2020-01-15T00:44:19.898079+02:00] Router.ERROR: No matches genre/1/css/custom.css [] []
[2020-01-15T00:44:19.898599+02:00] Router.ERROR: No matches genre/1/js/vendor/modernizr-3.5.0.min.js [] []
[2020-01-15T00:44:19.899762+02:00] Router.ERROR: No matches genre/1/js/vendor/jquery-3.2.1.min.js [] []
[2020-01-15T00:44:19.900364+02:00] Router.ERROR: No matches genre/1/js/popper.min.js [] []
[2020-01-15T00:44:19.900997+02:00] Router.ERROR: No matches genre/1/js/bootstrap.min.js [] []
[2020-01-15T00:44:19.902439+02:00] Router.ERROR: No matches genre/1/js/active.js [] []
[2020-01-15T00:44:19.903190+02:00] Router.ERROR: No matches genre/1/js/plugins.js [] []
[2020-01-15T00:44:19.903946+02:00] Router.ERROR: No matches genre/1/images/logo/logo.png [] []
[2020-01-15T00:44:19.904595+02:00] Router.ERROR: No matches genre/1/images/product/sm-img/1.jpg [] []
[2020-01-15T00:44:19.905197+02:00] Router.ERROR: No matches genre/1/images/product/sm-img/3.jpg [] []
[2020-01-15T00:44:19.905705+02:00] Router.ERROR: No matches genre/1/images/product/sm-img/2.jpg [] []
[2020-01-15T00:44:19.906627+02:00] Router.ERROR: No matches genre/1/images/books/1.jpg [] []
[2020-01-15T00:44:19.907242+02:00] Router.ERROR: No matches genre/1/images/books/2.jpg [] []
[2020-01-15T00:44:19.908761+02:00] Router.ERROR: No matches genre/1/images/logo/3.png [] []
[2020-01-15T00:44:19.909492+02:00] Router.ERROR: No matches genre/1/images/icons/payment.png [] []
[2020-01-15T00:44:19.910052+02:00] Router.ERROR: No matches genre/1/images/product/big-img/1.jpg [] []
[2020-01-15T00:44:20.822922+02:00] Router.ERROR: No matches genre/1/images/product/sm-img/1.jpg [] []
[2020-01-15T00:44:20.823695+02:00] Router.ERROR: No matches genre/1/images/logo/logo.png [] []
[2020-01-15T00:44:20.824321+02:00] Router.ERROR: No matches genre/1/images/product/sm-img/3.jpg [] []
[2020-01-15T00:44:20.825419+02:00] Router.ERROR: No matches genre/1/images/product/sm-img/2.jpg [] []
[2020-01-15T00:44:20.827318+02:00] Router.ERROR: No matches genre/1/images/books/1.jpg [] []
[2020-01-15T00:44:20.827889+02:00] Router.ERROR: No matches genre/1/images/books/2.jpg [] []
[2020-01-15T00:44:20.828553+02:00] Router.ERROR: No matches genre/1/images/logo/3.png [] []
[2020-01-15T00:44:20.829163+02:00] Router.ERROR: No matches genre/1/images/icons/payment.png [] []
[2020-01-15T00:44:20.829720+02:00] Router.ERROR: No matches genre/1/images/product/big-img/1.jpg [] []
[2020-01-15T00:44:35.889343+02:00] Router.ERROR: No matches genre/1/css/plugins.css [] []
[2020-01-15T00:44:35.890600+02:00] Router.ERROR: No matches genre/1/css/bootstrap.min.css [] []
[2020-01-15T00:44:35.891347+02:00] Router.ERROR: No matches genre/1/css/style.css [] []
[2020-01-15T00:44:35.894616+02:00] Router.ERROR: No matches genre/1/css/custom.css [] []
[2020-01-15T00:44:35.895289+02:00] Router.ERROR: No matches genre/1/js/vendor/modernizr-3.5.0.min.js [] []
[2020-01-15T00:44:35.896250+02:00] Router.ERROR: No matches genre/1/js/bootstrap.min.js [] []
[2020-01-15T00:44:35.896946+02:00] Router.ERROR: No matches genre/1/js/vendor/jquery-3.2.1.min.js [] []
[2020-01-15T00:44:35.897573+02:00] Router.ERROR: No matches genre/1/js/popper.min.js [] []
[2020-01-15T00:44:35.898197+02:00] Router.ERROR: No matches genre/1/js/plugins.js [] []
[2020-01-15T00:44:35.898801+02:00] Router.ERROR: No matches genre/1/js/active.js [] []
[2020-01-15T00:44:35.899652+02:00] Router.ERROR: No matches genre/1/images/logo/logo.png [] []
[2020-01-15T00:44:35.900850+02:00] Router.ERROR: No matches genre/1/images/product/sm-img/1.jpg [] []
[2020-01-15T00:44:35.901764+02:00] Router.ERROR: No matches genre/1/images/product/sm-img/2.jpg [] []
[2020-01-15T00:44:35.902527+02:00] Router.ERROR: No matches genre/1/images/product/sm-img/3.jpg [] []
[2020-01-15T00:44:35.904609+02:00] Router.ERROR: No matches genre/1/images/books/1.jpg [] []
[2020-01-15T00:44:35.906025+02:00] Router.ERROR: No matches genre/1/images/books/2.jpg [] []
[2020-01-15T00:44:35.906833+02:00] Router.ERROR: No matches genre/1/images/logo/3.png [] []
[2020-01-15T00:44:35.907884+02:00] Router.ERROR: No matches genre/1/images/icons/payment.png [] []
[2020-01-15T00:44:35.908526+02:00] Router.ERROR: No matches genre/1/images/product/big-img/1.jpg [] []
[2020-01-15T00:44:36.827814+02:00] Router.ERROR: No matches genre/1/images/product/sm-img/1.jpg [] []
[2020-01-15T00:44:36.828516+02:00] Router.ERROR: No matches genre/1/images/logo/logo.png [] []
[2020-01-15T00:44:36.829261+02:00] Router.ERROR: No matches genre/1/images/product/sm-img/2.jpg [] []
[2020-01-15T00:44:36.829824+02:00] Router.ERROR: No matches genre/1/images/books/1.jpg [] []
[2020-01-15T00:44:36.830376+02:00] Router.ERROR: No matches genre/1/images/product/sm-img/3.jpg [] []
[2020-01-15T00:44:36.831011+02:00] Router.ERROR: No matches genre/1/images/books/2.jpg [] []
[2020-01-15T00:44:36.831646+02:00] Router.ERROR: No matches genre/1/images/logo/3.png [] []
[2020-01-15T00:44:36.832174+02:00] Router.ERROR: No matches genre/1/images/icons/payment.png [] []
[2020-01-15T00:44:36.832611+02:00] Router.ERROR: No matches genre/1/images/product/big-img/1.jpg [] []
[2020-01-15T00:44:46.463297+02:00] Router.ERROR: No matches catalog/css/bootstrap.min.css [] []
[2020-01-15T00:44:46.463967+02:00] Router.ERROR: No matches catalog/css/style.css [] []
[2020-01-15T00:44:46.464541+02:00] Router.ERROR: No matches catalog/css/plugins.css [] []
[2020-01-15T00:44:46.466630+02:00] Router.ERROR: No matches catalog/css/custom.css [] []
[2020-01-15T00:44:46.467538+02:00] Router.ERROR: No matches catalog/js/vendor/modernizr-3.5.0.min.js [] []
[2020-01-15T00:44:46.468618+02:00] Router.ERROR: No matches catalog/js/vendor/jquery-3.2.1.min.js [] []
[2020-01-15T00:44:46.469219+02:00] Router.ERROR: No matches catalog/js/popper.min.js [] []
[2020-01-15T00:44:46.469838+02:00] Router.ERROR: No matches catalog/js/plugins.js [] []
[2020-01-15T00:44:46.470772+02:00] Router.ERROR: No matches catalog/js/bootstrap.min.js [] []
[2020-01-15T00:44:46.471754+02:00] Router.ERROR: No matches catalog/js/active.js [] []
[2020-01-15T00:44:46.472414+02:00] Router.ERROR: No matches catalog/images/logo/logo.png [] []
[2020-01-15T00:44:46.473092+02:00] Router.ERROR: No matches catalog/images/product/sm-img/3.jpg [] []
[2020-01-15T00:44:46.473511+02:00] Router.ERROR: No matches catalog/images/product/sm-img/1.jpg [] []
[2020-01-15T00:44:46.474925+02:00] Router.ERROR: No matches catalog/images/product/sm-img/2.jpg [] []
[2020-01-15T00:44:46.475491+02:00] Router.ERROR: No matches catalog/images/books/1.jpg [] []
[2020-01-15T00:44:46.476530+02:00] Router.ERROR: No matches catalog/images/books/2.jpg [] []
[2020-01-15T00:44:46.477480+02:00] Router.ERROR: No matches catalog/images/logo/3.png [] []
[2020-01-15T00:44:46.478107+02:00] Router.ERROR: No matches catalog/images/icons/payment.png [] []
[2020-01-15T00:44:46.478737+02:00] Router.ERROR: No matches catalog/images/product/big-img/1.jpg [] []
[2020-01-15T00:44:52.464510+02:00] Router.ERROR: No matches catalog/css/bootstrap.min.css [] []
[2020-01-15T00:44:52.465244+02:00] Router.ERROR: No matches catalog/css/plugins.css [] []
[2020-01-15T00:44:52.465926+02:00] Router.ERROR: No matches catalog/css/style.css [] []
[2020-01-15T00:44:52.466571+02:00] Router.ERROR: No matches catalog/css/custom.css [] []
[2020-01-15T00:44:52.467183+02:00] Router.ERROR: No matches catalog/js/vendor/modernizr-3.5.0.min.js [] []
[2020-01-15T00:44:52.468939+02:00] Router.ERROR: No matches catalog/js/vendor/jquery-3.2.1.min.js [] []
[2020-01-15T00:44:52.470172+02:00] Router.ERROR: No matches catalog/js/popper.min.js [] []
[2020-01-15T00:44:52.471481+02:00] Router.ERROR: No matches catalog/js/bootstrap.min.js [] []
[2020-01-15T00:44:52.472378+02:00] Router.ERROR: No matches catalog/js/plugins.js [] []
[2020-01-15T00:44:52.473574+02:00] Router.ERROR: No matches catalog/js/active.js [] []
[2020-01-15T00:44:52.474485+02:00] Router.ERROR: No matches catalog/images/logo/logo.png [] []
[2020-01-15T00:44:52.475124+02:00] Router.ERROR: No matches catalog/images/product/sm-img/1.jpg [] []
[2020-01-15T00:44:52.476060+02:00] Router.ERROR: No matches catalog/images/product/sm-img/3.jpg [] []
[2020-01-15T00:44:52.476701+02:00] Router.ERROR: No matches catalog/images/product/sm-img/2.jpg [] []
[2020-01-15T00:44:52.477362+02:00] Router.ERROR: No matches catalog/images/books/1.jpg [] []
[2020-01-15T00:44:52.477803+02:00] Router.ERROR: No matches catalog/images/books/2.jpg [] []
[2020-01-15T00:44:52.478990+02:00] Router.ERROR: No matches catalog/images/logo/3.png [] []
[2020-01-15T00:44:52.479646+02:00] Router.ERROR: No matches catalog/images/icons/payment.png [] []
[2020-01-15T00:44:52.480250+02:00] Router.ERROR: No matches catalog/images/product/big-img/1.jpg [] []
[2020-01-15T00:44:53.273861+02:00] Router.ERROR: No matches catalog/images/logo/logo.png [] []
[2020-01-15T00:44:53.274980+02:00] Router.ERROR: No matches catalog/images/product/sm-img/1.jpg [] []
[2020-01-15T00:44:53.275589+02:00] Router.ERROR: No matches catalog/images/product/sm-img/3.jpg [] []
[2020-01-15T00:44:53.276213+02:00] Router.ERROR: No matches catalog/images/product/sm-img/2.jpg [] []
[2020-01-15T00:44:53.276985+02:00] Router.ERROR: No matches catalog/images/books/1.jpg [] []
[2020-01-15T00:44:53.277495+02:00] Router.ERROR: No matches catalog/images/books/2.jpg [] []
[2020-01-15T00:44:53.278006+02:00] Router.ERROR: No matches catalog/images/logo/3.png [] []
[2020-01-15T00:44:53.278556+02:00] Router.ERROR: No matches catalog/images/icons/payment.png [] []
[2020-01-15T00:44:53.278965+02:00] Router.ERROR: No matches catalog/images/product/big-img/1.jpg [] []
[2020-01-15T00:46:06.175858+02:00] Router.ERROR: No matches catalog/css/bootstrap.min.css [] []
[2020-01-15T00:46:06.176631+02:00] Router.ERROR: No matches catalog/css/plugins.css [] []
[2020-01-15T00:46:06.177656+02:00] Router.ERROR: No matches catalog/css/custom.css [] []
[2020-01-15T00:46:06.178275+02:00] Router.ERROR: No matches catalog/js/vendor/modernizr-3.5.0.min.js [] []
[2020-01-15T00:46:06.179008+02:00] Router.ERROR: No matches catalog/css/style.css [] []
[2020-01-15T00:46:06.180034+02:00] Router.ERROR: No matches catalog/js/vendor/jquery-3.2.1.min.js [] []
[2020-01-15T00:46:06.182028+02:00] Router.ERROR: No matches catalog/images/logo/logo.png [] []
[2020-01-15T00:46:06.182694+02:00] Router.ERROR: No matches catalog/images/product/sm-img/1.jpg [] []
[2020-01-15T00:46:06.183394+02:00] Router.ERROR: No matches catalog/images/product/sm-img/3.jpg [] []
[2020-01-15T00:46:06.184098+02:00] Router.ERROR: No matches catalog/images/product/sm-img/2.jpg [] []
[2020-01-15T00:46:06.184752+02:00] Router.ERROR: No matches catalog/js/popper.min.js [] []
[2020-01-15T00:46:06.185574+02:00] Router.ERROR: No matches catalog/images/books/1.jpg [] []
[2020-01-15T00:46:06.186357+02:00] Router.ERROR: No matches catalog/js/bootstrap.min.js [] []
[2020-01-15T00:46:06.187338+02:00] Router.ERROR: No matches catalog/js/plugins.js [] []
[2020-01-15T00:46:06.188156+02:00] Router.ERROR: No matches catalog/js/active.js [] []
[2020-01-15T00:46:06.188915+02:00] Router.ERROR: No matches catalog/images/books/2.jpg [] []
[2020-01-15T00:46:06.189677+02:00] Router.ERROR: No matches catalog/images/logo/3.png [] []
[2020-01-15T00:46:06.192668+02:00] Router.ERROR: No matches catalog/images/icons/payment.png [] []
[2020-01-15T00:46:06.194447+02:00] Router.ERROR: No matches catalog/images/product/big-img/1.jpg [] []
[2020-01-15T00:46:07.181213+02:00] Router.ERROR: No matches catalog/images/logo/logo.png [] []
[2020-01-15T00:46:07.181989+02:00] Router.ERROR: No matches catalog/images/product/sm-img/1.jpg [] []
[2020-01-15T00:46:07.183682+02:00] Router.ERROR: No matches catalog/images/product/sm-img/3.jpg [] []
[2020-01-15T00:46:07.184690+02:00] Router.ERROR: No matches catalog/images/product/sm-img/2.jpg [] []
[2020-01-15T00:46:07.185941+02:00] Router.ERROR: No matches catalog/images/books/2.jpg [] []
[2020-01-15T00:46:07.186602+02:00] Router.ERROR: No matches catalog/images/books/1.jpg [] []
[2020-01-15T00:46:07.187165+02:00] Router.ERROR: No matches catalog/images/logo/3.png [] []
[2020-01-15T00:46:07.187892+02:00] Router.ERROR: No matches catalog/images/icons/payment.png [] []
[2020-01-15T00:46:07.188483+02:00] Router.ERROR: No matches catalog/images/product/big-img/1.jpg [] []
[2020-01-15T00:46:09.257020+02:00] Router.ERROR: No matches catalog/css/bootstrap.min.css [] []
[2020-01-15T00:46:09.259156+02:00] Router.ERROR: No matches catalog/css/plugins.css [] []
[2020-01-15T00:46:09.261012+02:00] Router.ERROR: No matches catalog/css/style.css [] []
[2020-01-15T00:46:09.262592+02:00] Router.ERROR: No matches catalog/css/custom.css [] []
[2020-01-15T00:46:09.264681+02:00] Router.ERROR: No matches catalog/js/vendor/modernizr-3.5.0.min.js [] []
[2020-01-15T00:46:09.266578+02:00] Router.ERROR: No matches catalog/js/vendor/jquery-3.2.1.min.js [] []
[2020-01-15T00:46:09.269061+02:00] Router.ERROR: No matches catalog/js/popper.min.js [] []
[2020-01-15T00:46:09.272071+02:00] Router.ERROR: No matches catalog/js/bootstrap.min.js [] []
[2020-01-15T00:46:09.273650+02:00] Router.ERROR: No matches catalog/js/plugins.js [] []
[2020-01-15T00:46:09.275167+02:00] Router.ERROR: No matches catalog/js/active.js [] []
[2020-01-15T00:46:09.276874+02:00] Router.ERROR: No matches catalog/images/logo/logo.png [] []
[2020-01-15T00:46:09.278393+02:00] Router.ERROR: No matches catalog/images/product/sm-img/1.jpg [] []
[2020-01-15T00:46:09.279679+02:00] Router.ERROR: No matches catalog/images/product/sm-img/3.jpg [] []
[2020-01-15T00:46:09.281437+02:00] Router.ERROR: No matches catalog/images/product/sm-img/2.jpg [] []
[2020-01-15T00:46:09.282130+02:00] Router.ERROR: No matches catalog/images/books/1.jpg [] []
[2020-01-15T00:46:09.282801+02:00] Router.ERROR: No matches catalog/images/books/2.jpg [] []
[2020-01-15T00:46:09.283656+02:00] Router.ERROR: No matches catalog/images/logo/3.png [] []
[2020-01-15T00:46:09.284288+02:00] Router.ERROR: No matches catalog/images/icons/payment.png [] []
[2020-01-15T00:46:09.285099+02:00] Router.ERROR: No matches catalog/images/product/big-img/1.jpg [] []
[2020-01-15T00:46:10.024174+02:00] Router.ERROR: No matches catalog/images/product/sm-img/1.jpg [] []
[2020-01-15T00:46:10.024992+02:00] Router.ERROR: No matches catalog/images/logo/logo.png [] []
[2020-01-15T00:46:10.025838+02:00] Router.ERROR: No matches catalog/images/product/sm-img/3.jpg [] []
[2020-01-15T00:46:10.026911+02:00] Router.ERROR: No matches catalog/images/product/sm-img/2.jpg [] []
[2020-01-15T00:46:10.027683+02:00] Router.ERROR: No matches catalog/images/books/1.jpg [] []
[2020-01-15T00:46:10.028362+02:00] Router.ERROR: No matches catalog/images/books/2.jpg [] []
[2020-01-15T00:46:10.029644+02:00] Router.ERROR: No matches catalog/images/icons/payment.png [] []
[2020-01-15T00:46:10.030306+02:00] Router.ERROR: No matches catalog/images/logo/3.png [] []
[2020-01-15T00:46:10.030903+02:00] Router.ERROR: No matches catalog/images/product/big-img/1.jpg [] []
[2020-01-15T00:48:04.053862+02:00] Router.ERROR: No matches catalog/css/bootstrap.min.css [] []
[2020-01-15T00:48:04.059578+02:00] Router.ERROR: No matches catalog/css/plugins.css [] []
[2020-01-15T00:48:04.062099+02:00] Router.ERROR: No matches catalog/css/style.css [] []
[2020-01-15T00:48:04.063791+02:00] Router.ERROR: No matches catalog/css/custom.css [] []
[2020-01-15T00:48:04.065098+02:00] Router.ERROR: No matches catalog/js/vendor/modernizr-3.5.0.min.js [] []
[2020-01-15T00:48:04.066813+02:00] Router.ERROR: No matches catalog/js/vendor/jquery-3.2.1.min.js [] []
[2020-01-15T00:48:04.067480+02:00] Router.ERROR: No matches catalog/js/popper.min.js [] []
[2020-01-15T00:48:04.068388+02:00] Router.ERROR: No matches catalog/js/plugins.js [] []
[2020-01-15T00:48:04.069668+02:00] Router.ERROR: No matches catalog/js/bootstrap.min.js [] []
[2020-01-15T00:48:04.070529+02:00] Router.ERROR: No matches catalog/js/active.js [] []
[2020-01-15T00:48:04.071186+02:00] Router.ERROR: No matches catalog/images/logo/logo.png [] []
[2020-01-15T00:48:04.071831+02:00] Router.ERROR: No matches catalog/images/product/sm-img/1.jpg [] []
[2020-01-15T00:48:04.072646+02:00] Router.ERROR: No matches catalog/images/product/sm-img/2.jpg [] []
[2020-01-15T00:48:04.073636+02:00] Router.ERROR: No matches catalog/images/product/sm-img/3.jpg [] []
[2020-01-15T00:48:04.074491+02:00] Router.ERROR: No matches catalog/images/books/1.jpg [] []
[2020-01-15T00:48:04.081156+02:00] Router.ERROR: No matches catalog/images/books/2.jpg [] []
[2020-01-15T00:48:04.082671+02:00] Router.ERROR: No matches catalog/images/logo/3.png [] []
[2020-01-15T00:48:04.084432+02:00] Router.ERROR: No matches catalog/images/icons/payment.png [] []
[2020-01-15T00:48:04.089345+02:00] Router.ERROR: No matches catalog/images/product/big-img/1.jpg [] []
[2020-01-15T00:48:05.141581+02:00] Router.ERROR: No matches catalog/images/logo/logo.png [] []
[2020-01-15T00:48:05.142176+02:00] Router.ERROR: No matches catalog/images/product/sm-img/1.jpg [] []
[2020-01-15T00:48:05.142802+02:00] Router.ERROR: No matches catalog/images/product/sm-img/3.jpg [] []
[2020-01-15T00:48:05.143373+02:00] Router.ERROR: No matches catalog/images/product/sm-img/2.jpg [] []
[2020-01-15T00:48:05.143913+02:00] Router.ERROR: No matches catalog/images/books/2.jpg [] []
[2020-01-15T00:48:05.144496+02:00] Router.ERROR: No matches catalog/images/books/1.jpg [] []
[2020-01-15T00:48:05.145154+02:00] Router.ERROR: No matches catalog/images/logo/3.png [] []
[2020-01-15T00:48:05.145699+02:00] Router.ERROR: No matches catalog/images/icons/payment.png [] []
[2020-01-15T00:48:05.146095+02:00] Router.ERROR: No matches catalog/images/product/big-img/1.jpg [] []
[2020-01-15T00:48:19.822823+02:00] Router.ERROR: No matches shop-grid.html [] []
[2020-01-15T00:48:31.057453+02:00] Router.ERROR: No matches cart.html [] []
[2020-01-15T00:48:37.640162+02:00] Router.ERROR: No matches catalog/css/bootstrap.min.css [] []
[2020-01-15T00:48:37.641134+02:00] Router.ERROR: No matches catalog/css/plugins.css [] []
[2020-01-15T00:48:37.641800+02:00] Router.ERROR: No matches catalog/css/style.css [] []
[2020-01-15T00:48:37.642431+02:00] Router.ERROR: No matches catalog/css/custom.css [] []
[2020-01-15T00:48:37.643118+02:00] Router.ERROR: No matches catalog/js/vendor/modernizr-3.5.0.min.js [] []
[2020-01-15T00:48:37.643723+02:00] Router.ERROR: No matches catalog/js/vendor/jquery-3.2.1.min.js [] []
[2020-01-15T00:48:37.645218+02:00] Router.ERROR: No matches catalog/js/popper.min.js [] []
[2020-01-15T00:48:37.646131+02:00] Router.ERROR: No matches catalog/js/bootstrap.min.js [] []
[2020-01-15T00:48:37.647020+02:00] Router.ERROR: No matches catalog/js/plugins.js [] []
[2020-01-15T00:48:37.647759+02:00] Router.ERROR: No matches catalog/js/active.js [] []
[2020-01-15T00:48:37.648420+02:00] Router.ERROR: No matches catalog/images/logo/logo.png [] []
[2020-01-15T00:48:37.649134+02:00] Router.ERROR: No matches catalog/images/product/sm-img/1.jpg [] []
[2020-01-15T00:48:37.649853+02:00] Router.ERROR: No matches catalog/images/product/sm-img/3.jpg [] []
[2020-01-15T00:48:37.652021+02:00] Router.ERROR: No matches catalog/images/product/sm-img/2.jpg [] []
[2020-01-15T00:48:37.652988+02:00] Router.ERROR: No matches catalog/images/books/2.jpg [] []
[2020-01-15T00:48:37.653771+02:00] Router.ERROR: No matches catalog/images/books/1.jpg [] []
[2020-01-15T00:48:37.656624+02:00] Router.ERROR: No matches catalog/images/icons/payment.png [] []
[2020-01-15T00:48:37.657452+02:00] Router.ERROR: No matches catalog/images/logo/3.png [] []
[2020-01-15T00:48:37.658170+02:00] Router.ERROR: No matches catalog/images/product/big-img/1.jpg [] []
[2020-01-15T00:49:10.476268+02:00] Router.ERROR: No matches catalog/css/plugins.css [] []
[2020-01-15T00:49:10.477632+02:00] Router.ERROR: No matches catalog/css/style.css [] []
[2020-01-15T00:49:10.478478+02:00] Router.ERROR: No matches catalog/css/bootstrap.min.css [] []
[2020-01-15T00:49:10.479173+02:00] Router.ERROR: No matches catalog/css/custom.css [] []
[2020-01-15T00:49:10.479787+02:00] Router.ERROR: No matches catalog/js/vendor/modernizr-3.5.0.min.js [] []
[2020-01-15T00:49:10.480469+02:00] Router.ERROR: No matches catalog/js/vendor/jquery-3.2.1.min.js [] []
[2020-01-15T00:49:10.481224+02:00] Router.ERROR: No matches catalog/js/popper.min.js [] []
[2020-01-15T00:49:10.481872+02:00] Router.ERROR: No matches catalog/js/bootstrap.min.js [] []
[2020-01-15T00:49:10.482465+02:00] Router.ERROR: No matches catalog/js/plugins.js [] []
[2020-01-15T00:49:10.482985+02:00] Router.ERROR: No matches catalog/js/active.js [] []
[2020-01-15T00:49:10.483431+02:00] Router.ERROR: No matches catalog/images/logo/logo.png [] []
[2020-01-15T00:49:10.483927+02:00] Router.ERROR: No matches catalog/images/product/sm-img/1.jpg [] []
[2020-01-15T00:49:10.484729+02:00] Router.ERROR: No matches catalog/images/product/sm-img/3.jpg [] []
[2020-01-15T00:49:10.485386+02:00] Router.ERROR: No matches catalog/images/product/sm-img/2.jpg [] []
[2020-01-15T00:49:10.485880+02:00] Router.ERROR: No matches catalog/images/books/1.jpg [] []
[2020-01-15T00:49:10.486500+02:00] Router.ERROR: No matches catalog/images/books/2.jpg [] []
[2020-01-15T00:49:10.487013+02:00] Router.ERROR: No matches catalog/images/logo/3.png [] []
[2020-01-15T00:49:10.487577+02:00] Router.ERROR: No matches catalog/images/icons/payment.png [] []
[2020-01-15T00:49:10.487967+02:00] Router.ERROR: No matches catalog/images/product/big-img/1.jpg [] []
[2020-01-15T00:50:17.021322+02:00] Router.ERROR: No matches catalog/css/bootstrap.min.css [] []
[2020-01-15T00:50:17.023658+02:00] Router.ERROR: No matches catalog/css/plugins.css [] []
[2020-01-15T00:50:17.024250+02:00] Router.ERROR: No matches catalog/js/popper.min.js [] []
[2020-01-15T00:50:17.025322+02:00] Router.ERROR: No matches catalog/css/style.css [] []
[2020-01-15T00:50:17.026566+02:00] Router.ERROR: No matches catalog/css/custom.css [] []
[2020-01-15T00:50:17.027504+02:00] Router.ERROR: No matches catalog/js/vendor/modernizr-3.5.0.min.js [] []
[2020-01-15T00:50:17.028435+02:00] Router.ERROR: No matches catalog/js/vendor/jquery-3.2.1.min.js [] []
[2020-01-15T00:50:17.029028+02:00] Router.ERROR: No matches catalog/js/bootstrap.min.js [] []
[2020-01-15T00:50:17.029513+02:00] Router.ERROR: No matches catalog/js/plugins.js [] []
[2020-01-15T00:50:17.031077+02:00] Router.ERROR: No matches catalog/js/active.js [] []
[2020-01-15T00:50:17.032094+02:00] Router.ERROR: No matches catalog/images/logo/logo.png [] []
[2020-01-15T00:50:17.032669+02:00] Router.ERROR: No matches catalog/images/product/sm-img/1.jpg [] []
[2020-01-15T00:50:17.033245+02:00] Router.ERROR: No matches catalog/images/product/sm-img/3.jpg [] []
[2020-01-15T00:50:17.034109+02:00] Router.ERROR: No matches catalog/images/product/sm-img/2.jpg [] []
[2020-01-15T00:50:17.034810+02:00] Router.ERROR: No matches catalog/images/books/2.jpg [] []
[2020-01-15T00:50:17.035247+02:00] Router.ERROR: No matches catalog/images/books/1.jpg [] []
[2020-01-15T00:50:17.037046+02:00] Router.ERROR: No matches catalog/images/logo/3.png [] []
[2020-01-15T00:50:17.038067+02:00] Router.ERROR: No matches catalog/images/icons/payment.png [] []
[2020-01-15T00:50:17.038807+02:00] Router.ERROR: No matches catalog/images/product/big-img/1.jpg [] []
[2020-01-15T00:50:17.930057+02:00] Router.ERROR: No matches catalog/images/logo/logo.png [] []
[2020-01-15T00:50:17.931148+02:00] Router.ERROR: No matches catalog/images/product/sm-img/1.jpg [] []
[2020-01-15T00:50:17.932470+02:00] Router.ERROR: No matches catalog/images/product/sm-img/3.jpg [] []
[2020-01-15T00:50:17.936006+02:00] Router.ERROR: No matches catalog/images/product/sm-img/2.jpg [] []
[2020-01-15T00:50:17.937554+02:00] Router.ERROR: No matches catalog/images/books/1.jpg [] []
[2020-01-15T00:50:17.939145+02:00] Router.ERROR: No matches catalog/images/books/2.jpg [] []
[2020-01-15T00:50:17.939916+02:00] Router.ERROR: No matches catalog/images/logo/3.png [] []
[2020-01-15T00:50:17.940954+02:00] Router.ERROR: No matches catalog/images/product/big-img/1.jpg [] []
[2020-01-15T00:50:17.941857+02:00] Router.ERROR: No matches catalog/images/icons/payment.png [] []
[2020-01-15T00:51:00.162058+02:00] Router.ERROR: No matches catalog/images/product/sm-img/2.jpg [] []
[2020-01-15T00:51:00.163667+02:00] Router.ERROR: No matches catalog/images/logo/logo.png [] []
[2020-01-15T00:51:00.164287+02:00] Router.ERROR: No matches catalog/images/product/sm-img/1.jpg [] []
[2020-01-15T00:51:00.165057+02:00] Router.ERROR: No matches catalog/images/product/sm-img/3.jpg [] []
[2020-01-15T00:51:00.166310+02:00] Router.ERROR: No matches catalog/images/books/1.jpg [] []
[2020-01-15T00:51:00.166959+02:00] Router.ERROR: No matches catalog/js/vendor/jquery-3.2.1.min.js [] []
[2020-01-15T00:51:00.167483+02:00] Router.ERROR: No matches catalog/images/books/2.jpg [] []
[2020-01-15T00:51:00.168080+02:00] Router.ERROR: No matches catalog/js/popper.min.js [] []
[2020-01-15T00:51:00.168975+02:00] Router.ERROR: No matches catalog/js/bootstrap.min.js [] []
[2020-01-15T00:51:00.169700+02:00] Router.ERROR: No matches catalog/js/plugins.js [] []
[2020-01-15T00:51:00.170331+02:00] Router.ERROR: No matches catalog/js/active.js [] []
[2020-01-15T00:51:00.172703+02:00] Router.ERROR: No matches catalog/images/logo/3.png [] []
[2020-01-15T00:51:00.173445+02:00] Router.ERROR: No matches catalog/images/icons/payment.png [] []
[2020-01-15T00:51:00.174248+02:00] Router.ERROR: No matches catalog/images/product/big-img/1.jpg [] []
[2020-01-15T00:51:01.394950+02:00] Router.ERROR: No matches catalog/images/product/sm-img/1.jpg [] []
[2020-01-15T00:51:01.395562+02:00] Router.ERROR: No matches catalog/images/logo/logo.png [] []
[2020-01-15T00:51:01.396273+02:00] Router.ERROR: No matches catalog/images/product/sm-img/3.jpg [] []
[2020-01-15T00:51:01.396880+02:00] Router.ERROR: No matches catalog/images/product/sm-img/2.jpg [] []
[2020-01-15T00:51:01.397470+02:00] Router.ERROR: No matches catalog/images/books/1.jpg [] []
[2020-01-15T00:51:01.398186+02:00] Router.ERROR: No matches catalog/images/logo/3.png [] []
[2020-01-15T00:51:01.398957+02:00] Router.ERROR: No matches catalog/images/books/2.jpg [] []
[2020-01-15T00:51:01.400491+02:00] Router.ERROR: No matches catalog/images/icons/payment.png [] []
[2020-01-15T00:51:01.401223+02:00] Router.ERROR: No matches catalog/images/product/big-img/1.jpg [] []
[2020-01-15T00:51:20.767390+02:00] Router.ERROR: No matches catalog/images/product/sm-img/1.jpg [] []
[2020-01-15T00:51:20.768080+02:00] Router.ERROR: No matches catalog/images/product/sm-img/3.jpg [] []
[2020-01-15T00:51:20.768954+02:00] Router.ERROR: No matches catalog/images/product/sm-img/2.jpg [] []
[2020-01-15T00:51:20.769599+02:00] Router.ERROR: No matches catalog/images/logo/logo.png [] []
[2020-01-15T00:51:20.771570+02:00] Router.ERROR: No matches catalog/images/books/1.jpg [] []
[2020-01-15T00:51:20.772892+02:00] Router.ERROR: No matches catalog/images/books/2.jpg [] []
[2020-01-15T00:51:20.774484+02:00] Router.ERROR: No matches catalog/js/vendor/jquery-3.2.1.min.js [] []
[2020-01-15T00:51:20.775325+02:00] Router.ERROR: No matches catalog/js/popper.min.js [] []
[2020-01-15T00:51:20.776402+02:00] Router.ERROR: No matches catalog/js/bootstrap.min.js [] []
[2020-01-15T00:51:20.777107+02:00] Router.ERROR: No matches catalog/js/plugins.js [] []
[2020-01-15T00:51:20.777924+02:00] Router.ERROR: No matches catalog/js/active.js [] []
[2020-01-15T00:51:20.778576+02:00] Router.ERROR: No matches catalog/images/icons/payment.png [] []
[2020-01-15T00:51:20.779402+02:00] Router.ERROR: No matches catalog/images/product/big-img/1.jpg [] []
[2020-01-15T00:51:20.780024+02:00] Router.ERROR: No matches catalog/images/logo/3.png [] []
[2020-01-15T00:51:22.256205+02:00] Router.ERROR: No matches catalog/images/logo/logo.png [] []
[2020-01-15T00:51:22.256763+02:00] Router.ERROR: No matches catalog/images/product/sm-img/1.jpg [] []
[2020-01-15T00:51:22.257387+02:00] Router.ERROR: No matches catalog/images/product/sm-img/3.jpg [] []
[2020-01-15T00:51:22.258000+02:00] Router.ERROR: No matches catalog/images/product/sm-img/2.jpg [] []
[2020-01-15T00:51:22.258581+02:00] Router.ERROR: No matches catalog/images/books/1.jpg [] []
[2020-01-15T00:51:22.259479+02:00] Router.ERROR: No matches catalog/images/books/2.jpg [] []
[2020-01-15T00:51:22.260010+02:00] Router.ERROR: No matches catalog/images/logo/3.png [] []
[2020-01-15T00:51:22.260562+02:00] Router.ERROR: No matches catalog/images/icons/payment.png [] []
[2020-01-15T00:51:22.262267+02:00] Router.ERROR: No matches catalog/images/product/big-img/1.jpg [] []
[2020-01-15T00:52:55.708074+02:00] Router.ERROR: No matches catalog/images/product/sm-img/1.jpg [] []
[2020-01-15T00:52:55.708845+02:00] Router.ERROR: No matches catalog/images/product/sm-img/3.jpg [] []
[2020-01-15T00:52:55.709511+02:00] Router.ERROR: No matches catalog/images/product/sm-img/2.jpg [] []
[2020-01-15T00:52:55.931500+02:00] Router.ERROR: No matches catalog/images/books/2.jpg [] []
[2020-01-15T00:52:55.932219+02:00] Router.ERROR: No matches catalog/images/books/1.jpg [] []
[2020-01-15T00:52:56.851091+02:00] Router.ERROR: No matches catalog/images/product/sm-img/1.jpg [] []
[2020-01-15T00:52:56.852156+02:00] Router.ERROR: No matches catalog/images/product/sm-img/3.jpg [] []
[2020-01-15T00:52:56.853210+02:00] Router.ERROR: No matches catalog/images/product/sm-img/2.jpg [] []
[2020-01-15T00:52:56.854640+02:00] Router.ERROR: No matches catalog/images/books/1.jpg [] []
[2020-01-15T00:52:56.855661+02:00] Router.ERROR: No matches catalog/images/books/2.jpg [] []
[2020-01-15T00:53:04.306886+02:00] Router.ERROR: No matches genre/1 [] []
[2020-01-15T00:53:05.040656+02:00] Router.ERROR: No matches favicon.ico [] []
[2020-01-15T00:53:15.680162+02:00] Router.ERROR: No matches genre/1/images/product/sm-img/1.jpg [] []
[2020-01-15T00:53:15.681015+02:00] Router.ERROR: No matches genre/1/images/product/sm-img/3.jpg [] []
[2020-01-15T00:53:15.682843+02:00] Router.ERROR: No matches genre/1/images/product/sm-img/2.jpg [] []
[2020-01-15T00:53:16.843469+02:00] Router.ERROR: No matches genre/1/images/product/sm-img/3.jpg [] []
[2020-01-15T00:53:16.843987+02:00] Router.ERROR: No matches genre/1/images/product/sm-img/1.jpg [] []
[2020-01-15T00:53:16.844756+02:00] Router.ERROR: No matches genre/1/images/product/sm-img/2.jpg [] []
[2020-01-15T00:53:36.753722+02:00] Router.ERROR: No matches genre/1/images/product/sm-img/3.jpg [] []
[2020-01-15T00:53:36.755569+02:00] Router.ERROR: No matches genre/1/images/product/sm-img/2.jpg [] []
[2020-01-15T00:53:36.756231+02:00] Router.ERROR: No matches genre/1/images/product/sm-img/1.jpg [] []
[2020-01-15T00:53:36.756939+02:00] Router.ERROR: No matches genre/1/image/books/the_5_love_languages.jpg [] []
[2020-01-15T00:53:36.758184+02:00] Router.ERROR: No matches genre/1/image/books/howard_stern_comes_again.jpg [] []
[2020-01-15T00:53:36.758839+02:00] Router.ERROR: No matches genre/1/image/books/milady_standard_esthetics.jpg [] []
[2020-01-15T00:53:37.906643+02:00] Router.ERROR: No matches genre/1/images/product/sm-img/1.jpg [] []
[2020-01-15T00:53:37.907414+02:00] Router.ERROR: No matches genre/1/images/product/sm-img/3.jpg [] []
[2020-01-15T00:53:37.908085+02:00] Router.ERROR: No matches genre/1/images/product/sm-img/2.jpg [] []
[2020-01-15T00:53:37.909574+02:00] Router.ERROR: No matches genre/1/image/books/the_5_love_languages.jpg [] []
[2020-01-15T00:53:37.910126+02:00] Router.ERROR: No matches genre/1/image/books/howard_stern_comes_again.jpg [] []
[2020-01-15T00:53:37.910654+02:00] Router.ERROR: No matches genre/1/image/books/milady_standard_esthetics.jpg [] []
[2020-01-15T00:53:45.149899+02:00] Router.ERROR: No matches catalog/images/product/sm-img/3.jpg [] []
[2020-01-15T00:53:45.150614+02:00] Router.ERROR: No matches catalog/images/product/sm-img/1.jpg [] []
[2020-01-15T00:53:45.152080+02:00] Router.ERROR: No matches catalog/images/product/sm-img/2.jpg [] []
[2020-01-15T00:53:45.153056+02:00] Router.ERROR: No matches catalog/images/books/1.jpg [] []
[2020-01-15T00:53:45.153669+02:00] Router.ERROR: No matches catalog/images/books/2.jpg [] []
[2020-01-15T00:53:45.905682+02:00] Router.ERROR: No matches catalog/images/product/sm-img/1.jpg [] []
[2020-01-15T00:53:45.906568+02:00] Router.ERROR: No matches catalog/images/product/sm-img/3.jpg [] []
[2020-01-15T00:53:45.907531+02:00] Router.ERROR: No matches catalog/images/product/sm-img/2.jpg [] []
[2020-01-15T00:53:45.908114+02:00] Router.ERROR: No matches catalog/images/books/1.jpg [] []
[2020-01-15T00:53:45.908867+02:00] Router.ERROR: No matches catalog/images/books/2.jpg [] []
[2020-01-15T00:54:07.214827+02:00] Router.ERROR: No matches genre/1/images/product/sm-img/1.jpg [] []
[2020-01-15T00:54:07.215515+02:00] Router.ERROR: No matches genre/1/images/product/sm-img/3.jpg [] []
[2020-01-15T00:54:07.216166+02:00] Router.ERROR: No matches genre/1/images/product/sm-img/2.jpg [] []
[2020-01-15T00:54:07.216783+02:00] Router.ERROR: No matches genre/1/image/books/the_5_love_languages.jpg [] []
[2020-01-15T00:54:07.217581+02:00] Router.ERROR: No matches genre/1/image/books/milady_standard_esthetics.jpg [] []
[2020-01-15T00:54:07.218256+02:00] Router.ERROR: No matches genre/1/image/books/howard_stern_comes_again.jpg [] []
[2020-01-15T00:54:07.961428+02:00] Router.ERROR: No matches genre/1/images/product/sm-img/1.jpg [] []
[2020-01-15T00:54:07.962373+02:00] Router.ERROR: No matches genre/1/images/product/sm-img/3.jpg [] []
[2020-01-15T00:54:07.963210+02:00] Router.ERROR: No matches genre/1/images/product/sm-img/2.jpg [] []
[2020-01-15T00:54:07.964607+02:00] Router.ERROR: No matches genre/1/image/books/the_5_love_languages.jpg [] []
[2020-01-15T00:54:07.965307+02:00] Router.ERROR: No matches genre/1/image/books/howard_stern_comes_again.jpg [] []
[2020-01-15T00:54:07.965997+02:00] Router.ERROR: No matches genre/1/image/books/milady_standard_esthetics.jpg [] []
[2020-01-15T00:54:13.965892+02:00] Router.ERROR: No matches catalog/images/product/sm-img/1.jpg [] []
[2020-01-15T00:54:13.966621+02:00] Router.ERROR: No matches catalog/images/product/sm-img/3.jpg [] []
[2020-01-15T00:54:13.967308+02:00] Router.ERROR: No matches catalog/images/product/sm-img/2.jpg [] []
[2020-01-15T00:54:13.968024+02:00] Router.ERROR: No matches catalog/images/books/1.jpg [] []
[2020-01-15T00:54:13.968693+02:00] Router.ERROR: No matches catalog/images/books/2.jpg [] []
[2020-01-15T00:54:14.875310+02:00] Router.ERROR: No matches catalog/images/product/sm-img/1.jpg [] []
[2020-01-15T00:54:14.876022+02:00] Router.ERROR: No matches catalog/images/product/sm-img/3.jpg [] []
[2020-01-15T00:54:14.880253+02:00] Router.ERROR: No matches catalog/images/books/1.jpg [] []
[2020-01-15T00:54:14.880765+02:00] Router.ERROR: No matches catalog/images/product/sm-img/2.jpg [] []
[2020-01-15T00:54:14.881324+02:00] Router.ERROR: No matches catalog/images/books/2.jpg [] []
[2020-01-15T00:54:19.288876+02:00] Router.ERROR: No matches genre/2/images/product/sm-img/1.jpg [] []
[2020-01-15T00:54:19.291564+02:00] Router.ERROR: No matches genre/2/images/product/sm-img/2.jpg [] []
[2020-01-15T00:54:19.292274+02:00] Router.ERROR: No matches genre/2/images/product/sm-img/3.jpg [] []
[2020-01-15T00:54:20.072185+02:00] Router.ERROR: No matches genre/2/images/product/sm-img/1.jpg [] []
[2020-01-15T00:54:20.073215+02:00] Router.ERROR: No matches genre/2/images/product/sm-img/2.jpg [] []
[2020-01-15T00:54:20.074509+02:00] Router.ERROR: No matches genre/2/images/product/sm-img/3.jpg [] []
[2020-01-15T00:54:23.411385+02:00] Router.ERROR: No matches catalog/images/product/sm-img/1.jpg [] []
[2020-01-15T00:54:23.413157+02:00] Router.ERROR: No matches catalog/images/product/sm-img/3.jpg [] []
[2020-01-15T00:54:23.414035+02:00] Router.ERROR: No matches catalog/images/books/2.jpg [] []
[2020-01-15T00:54:23.414669+02:00] Router.ERROR: No matches catalog/images/product/sm-img/2.jpg [] []
[2020-01-15T00:54:23.415558+02:00] Router.ERROR: No matches catalog/images/books/1.jpg [] []
[2020-01-15T00:54:24.622869+02:00] Router.ERROR: No matches catalog/images/product/sm-img/1.jpg [] []
[2020-01-15T00:54:24.623518+02:00] Router.ERROR: No matches catalog/images/product/sm-img/3.jpg [] []
[2020-01-15T00:54:24.624191+02:00] Router.ERROR: No matches catalog/images/books/2.jpg [] []
[2020-01-15T00:54:24.624939+02:00] Router.ERROR: No matches catalog/images/product/sm-img/2.jpg [] []
[2020-01-15T00:54:24.625839+02:00] Router.ERROR: No matches catalog/images/books/1.jpg [] []
[2020-01-15T00:55:36.474640+02:00] Router.ERROR: No matches catalog/images/books/2.jpg [] []
[2020-01-15T00:55:36.479770+02:00] Router.ERROR: No matches catalog/images/product/sm-img/1.jpg [] []
[2020-01-15T00:55:36.480274+02:00] Router.ERROR: No matches catalog/images/product/sm-img/3.jpg [] []
[2020-01-15T00:55:36.480704+02:00] Router.ERROR: No matches catalog/images/product/sm-img/2.jpg [] []
[2020-01-15T00:55:36.481276+02:00] Router.ERROR: No matches catalog/images/books/1.jpg [] []
[2020-01-15T00:55:37.865715+02:00] Router.ERROR: No matches catalog/images/product/sm-img/1.jpg [] []
[2020-01-15T00:55:37.866534+02:00] Router.ERROR: No matches catalog/images/product/sm-img/3.jpg [] []
[2020-01-15T00:55:37.867226+02:00] Router.ERROR: No matches catalog/images/product/sm-img/2.jpg [] []
[2020-01-15T00:55:37.867903+02:00] Router.ERROR: No matches catalog/images/books/1.jpg [] []
[2020-01-15T00:55:37.868503+02:00] Router.ERROR: No matches catalog/images/books/2.jpg [] []
[2020-01-15T00:55:40.362333+02:00] Router.ERROR: No matches genre/2/images/product/sm-img/1.jpg [] []
[2020-01-15T00:55:40.363018+02:00] Router.ERROR: No matches genre/2/images/product/sm-img/3.jpg [] []
[2020-01-15T00:55:40.364089+02:00] Router.ERROR: No matches genre/2/images/product/sm-img/2.jpg [] []
[2020-01-15T00:55:41.298145+02:00] Router.ERROR: No matches genre/2/images/product/sm-img/1.jpg [] []
[2020-01-15T00:55:41.298873+02:00] Router.ERROR: No matches genre/2/images/product/sm-img/3.jpg [] []
[2020-01-15T00:55:41.299534+02:00] Router.ERROR: No matches genre/2/images/product/sm-img/2.jpg [] []
[2020-01-15T00:55:44.348645+02:00] Router.ERROR: No matches catalog/images/product/sm-img/1.jpg [] []
[2020-01-15T00:55:44.349548+02:00] Router.ERROR: No matches catalog/images/product/sm-img/2.jpg [] []
[2020-01-15T00:55:44.350181+02:00] Router.ERROR: No matches catalog/images/product/sm-img/3.jpg [] []
[2020-01-15T00:55:44.350815+02:00] Router.ERROR: No matches catalog/images/books/1.jpg [] []
[2020-01-15T00:55:44.351458+02:00] Router.ERROR: No matches catalog/images/books/2.jpg [] []
[2020-01-15T00:55:45.379269+02:00] Router.ERROR: No matches catalog/images/product/sm-img/1.jpg [] []
[2020-01-15T00:55:45.380917+02:00] Router.ERROR: No matches catalog/images/product/sm-img/3.jpg [] []
[2020-01-15T00:55:45.382555+02:00] Router.ERROR: No matches catalog/images/product/sm-img/2.jpg [] []
[2020-01-15T00:55:45.383261+02:00] Router.ERROR: No matches catalog/images/books/1.jpg [] []
[2020-01-15T00:55:45.383939+02:00] Router.ERROR: No matches catalog/images/books/2.jpg [] []
[2020-01-15T11:15:25.449238+02:00] Router.ERROR: No matches catalog/images/product/sm-img/3.jpg [] []
[2020-01-15T11:15:25.460025+02:00] Router.ERROR: No matches catalog/images/product/sm-img/1.jpg [] []
[2020-01-15T11:15:25.461174+02:00] Router.ERROR: No matches catalog/images/product/sm-img/2.jpg [] []
[2020-01-15T11:15:25.461869+02:00] Router.ERROR: No matches catalog/images/books/1.jpg [] []
[2020-01-15T11:15:25.462926+02:00] Router.ERROR: No matches catalog/images/books/2.jpg [] []
[2020-01-15T11:15:30.550767+02:00] Router.ERROR: No matches catalog/images/product/sm-img/1.jpg [] []
[2020-01-15T11:15:30.554083+02:00] Router.ERROR: No matches catalog/images/product/sm-img/3.jpg [] []
[2020-01-15T11:15:30.554967+02:00] Router.ERROR: No matches catalog/images/product/sm-img/2.jpg [] []
[2020-01-15T11:15:30.562081+02:00] Router.ERROR: No matches catalog/images/books/1.jpg [] []
[2020-01-15T11:15:30.563035+02:00] Router.ERROR: No matches catalog/images/books/2.jpg [] []
[2020-01-15T11:16:01.766766+02:00] Router.ERROR: No matches catalog/images/product/sm-img/1.jpg [] []
[2020-01-15T11:16:01.769146+02:00] Router.ERROR: No matches catalog/images/books/2.jpg [] []
[2020-01-15T11:16:01.769796+02:00] Router.ERROR: No matches catalog/images/books/1.jpg [] []
[2020-01-15T11:16:01.771040+02:00] Router.ERROR: No matches catalog/images/product/sm-img/2.jpg [] []
[2020-01-15T11:16:01.771851+02:00] Router.ERROR: No matches catalog/images/product/sm-img/3.jpg [] []
[2020-01-15T11:16:03.533828+02:00] Router.ERROR: No matches catalog/images/product/sm-img/1.jpg [] []
[2020-01-15T11:16:03.538576+02:00] Router.ERROR: No matches catalog/images/product/sm-img/3.jpg [] []
[2020-01-15T11:16:03.540368+02:00] Router.ERROR: No matches catalog/images/product/sm-img/2.jpg [] []
[2020-01-15T11:16:03.542082+02:00] Router.ERROR: No matches catalog/images/books/1.jpg [] []
[2020-01-15T11:16:03.543697+02:00] Router.ERROR: No matches catalog/images/books/2.jpg [] []
[2020-01-15T11:16:07.861768+02:00] Router.ERROR: No matches genre/1/images/product/sm-img/1.jpg [] []
[2020-01-15T11:16:07.862549+02:00] Router.ERROR: No matches genre/1/images/product/sm-img/3.jpg [] []
[2020-01-15T11:16:07.863886+02:00] Router.ERROR: No matches genre/1/images/product/sm-img/2.jpg [] []
[2020-01-15T11:16:07.983448+02:00] Router.ERROR: No matches genre/1/image/books/the_5_love_languages.jpg [] []
[2020-01-15T11:16:07.984817+02:00] Router.ERROR: No matches genre/1/image/books/howard_stern_comes_again.jpg [] []
[2020-01-15T11:16:07.985796+02:00] Router.ERROR: No matches genre/1/image/books/milady_standard_esthetics.jpg [] []
[2020-01-15T11:16:08.549491+02:00] Router.ERROR: No matches genre/1/images/product/sm-img/1.jpg [] []
[2020-01-15T11:16:08.552852+02:00] Router.ERROR: No matches genre/1/images/product/sm-img/3.jpg [] []
[2020-01-15T11:16:08.553842+02:00] Router.ERROR: No matches genre/1/images/product/sm-img/2.jpg [] []
[2020-01-15T11:16:08.554874+02:00] Router.ERROR: No matches genre/1/image/books/the_5_love_languages.jpg [] []
[2020-01-15T11:16:08.555801+02:00] Router.ERROR: No matches genre/1/image/books/howard_stern_comes_again.jpg [] []
[2020-01-15T11:16:08.556742+02:00] Router.ERROR: No matches genre/1/image/books/milady_standard_esthetics.jpg [] []
[2020-01-15T11:18:35.658382+02:00] Router.ERROR: No matches genre/1/images/product/sm-img/1.jpg [] []
[2020-01-15T11:18:35.659915+02:00] Router.ERROR: No matches genre/1/images/product/sm-img/3.jpg [] []
[2020-01-15T11:18:35.660987+02:00] Router.ERROR: No matches genre/1/images/product/sm-img/2.jpg [] []
[2020-01-15T11:18:36.479509+02:00] Router.ERROR: No matches genre/1/images/product/sm-img/3.jpg [] []
[2020-01-15T11:18:36.480221+02:00] Router.ERROR: No matches genre/1/images/product/sm-img/1.jpg [] []
[2020-01-15T11:18:36.480964+02:00] Router.ERROR: No matches genre/1/images/product/sm-img/2.jpg [] []
[2020-01-15T11:18:42.214841+02:00] Router.ERROR: No matches catalog/images/product/sm-img/1.jpg [] []
[2020-01-15T11:18:42.215902+02:00] Router.ERROR: No matches catalog/images/product/sm-img/3.jpg [] []
[2020-01-15T11:18:42.217307+02:00] Router.ERROR: No matches catalog/images/product/sm-img/2.jpg [] []
[2020-01-15T11:18:42.218286+02:00] Router.ERROR: No matches catalog/images/books/1.jpg [] []
[2020-01-15T11:18:42.218911+02:00] Router.ERROR: No matches catalog/images/books/2.jpg [] []
[2020-01-15T11:18:42.853871+02:00] Router.ERROR: No matches catalog/images/product/sm-img/3.jpg [] []
[2020-01-15T11:18:42.854552+02:00] Router.ERROR: No matches catalog/images/product/sm-img/1.jpg [] []
[2020-01-15T11:18:42.855195+02:00] Router.ERROR: No matches catalog/images/product/sm-img/2.jpg [] []
[2020-01-15T11:18:42.856374+02:00] Router.ERROR: No matches catalog/images/books/1.jpg [] []
[2020-01-15T11:18:42.857273+02:00] Router.ERROR: No matches catalog/images/books/2.jpg [] []
[2020-01-15T11:18:45.069149+02:00] Router.ERROR: No matches genre/1/images/product/sm-img/1.jpg [] []
[2020-01-15T11:18:45.071041+02:00] Router.ERROR: No matches genre/1/images/product/sm-img/3.jpg [] []
[2020-01-15T11:18:45.072450+02:00] Router.ERROR: No matches genre/1/images/product/sm-img/2.jpg [] []
[2020-01-15T11:18:45.634177+02:00] Router.ERROR: No matches genre/1/images/product/sm-img/3.jpg [] []
[2020-01-15T11:18:45.634811+02:00] Router.ERROR: No matches genre/1/images/product/sm-img/1.jpg [] []
[2020-01-15T11:18:45.636264+02:00] Router.ERROR: No matches genre/1/images/product/sm-img/2.jpg [] []
[2020-01-15T15:40:04.314790+02:00] Router.ERROR: No matches genre/1/images/product/sm-img/1.jpg [] []
[2020-01-15T15:40:04.327910+02:00] Router.ERROR: No matches genre/1/images/product/sm-img/3.jpg [] []
[2020-01-15T15:40:04.333859+02:00] Router.ERROR: No matches genre/1/images/product/sm-img/2.jpg [] []
[2020-01-15T15:40:05.981664+02:00] Router.ERROR: No matches genre/1/images/product/sm-img/1.jpg [] []
[2020-01-15T15:40:05.982368+02:00] Router.ERROR: No matches genre/1/images/product/sm-img/3.jpg [] []
[2020-01-15T15:40:05.983390+02:00] Router.ERROR: No matches genre/1/images/product/sm-img/2.jpg [] []
