[2020-01-14T09:29:48.780250+02:00] Router.ERROR: No matches %3Cbr%20/%3E%3Cb%3ENotice%3C/b%3E:%20%20Undefined%20index:%20img%20in%20%3Cb%3E/var/www/ishop.loc/app/Views/books/index.php%3C/b%3E%20on%20line%20%3Cb%3E19%3C/b%3E%3Cbr%20/%3Eimage/products [] []
[2020-01-14T09:29:49.451985+02:00] Router.ERROR: No matches %3Cbr%20/%3E%3Cb%3ENotice%3C/b%3E:%20%20Undefined%20index:%20img%20in%20%3Cb%3E/var/www/ishop.loc/app/Views/books/index.php%3C/b%3E%20on%20line%20%3Cb%3E19%3C/b%3E%3Cbr%20/%3Eimage/products [] []
[2020-01-14T09:52:57.938046+02:00] Router.ERROR: No matches %3Cbr%20/%3E%3Cb%3ENotice%3C/b%3E:%20%20Undefined%20index:%20img%20in%20%3Cb%3E/var/www/ishop.loc/app/Views/common/main.php%3C/b%3E%20on%20line%20%3Cb%3E29%3C/b%3E%3Cbr%20/%3Eimage/products [] []
[2020-01-14T09:52:58.484402+02:00] Router.ERROR: No matches %3Cbr%20/%3E%3Cb%3ENotice%3C/b%3E:%20%20Undefined%20index:%20img%20in%20%3Cb%3E/var/www/ishop.loc/app/Views/common/main.php%3C/b%3E%20on%20line%20%3Cb%3E29%3C/b%3E%3Cbr%20/%3Eimage/products [] []
[2020-01-14T10:08:03.877283+02:00] Router.ERROR: No matches %3Cbr%20/%3E%3Cb%3ENotice%3C/b%3E:%20%20Undefined%20index:%20img%20in%20%3Cb%3E/var/www/ishop.loc/app/Views/common/main.php%3C/b%3E%20on%20line%20%3Cb%3E25%3C/b%3E%3Cbr%20/%3Eimage/products [] []
[2020-01-14T10:08:04.678162+02:00] Router.ERROR: No matches %3Cbr%20/%3E%3Cb%3ENotice%3C/b%3E:%20%20Undefined%20index:%20img%20in%20%3Cb%3E/var/www/ishop.loc/app/Views/common/main.php%3C/b%3E%20on%20line%20%3Cb%3E25%3C/b%3E%3Cbr%20/%3Eimage/products [] []
[2020-01-14T10:09:42.658153+02:00] Router.ERROR: No matches %3Cbr%20/%3E%3Cb%3ENotice%3C/b%3E:%20%20Undefined%20index:%20img%20in%20%3Cb%3E/var/www/ishop.loc/app/Views/common/main.php%3C/b%3E%20on%20line%20%3Cb%3E25%3C/b%3E%3Cbr%20/%3Eimage/products [] []
[2020-01-14T10:09:44.743050+02:00] Router.ERROR: No matches %3Cbr%20/%3E%3Cb%3ENotice%3C/b%3E:%20%20Undefined%20index:%20img%20in%20%3Cb%3E/var/www/ishop.loc/app/Views/common/main.php%3C/b%3E%20on%20line%20%3Cb%3E25%3C/b%3E%3Cbr%20/%3Eimage/products [] []
[2020-01-14T14:08:00.746567+02:00] Router.ERROR: No matches %3Cbr%20/%3E%3Cb%3ENotice%3C/b%3E:%20%20Undefined%20index:%20img%20in%20%3Cb%3E/var/www/ishop.loc/app/Views/common/main.php%3C/b%3E%20on%20line%20%3Cb%3E25%3C/b%3E%3Cbr%20/%3Eimage/products [] []
[2020-01-14T14:08:01.923312+02:00] Router.ERROR: No matches %3Cbr%20/%3E%3Cb%3ENotice%3C/b%3E:%20%20Undefined%20index:%20img%20in%20%3Cb%3E/var/www/ishop.loc/app/Views/common/main.php%3C/b%3E%20on%20line%20%3Cb%3E25%3C/b%3E%3Cbr%20/%3Eimage/products [] []
[2020-01-14T14:12:28.814774+02:00] Router.ERROR: No matches %3Cbr%20/%3E%3Cb%3ENotice%3C/b%3E:%20%20Undefined%20index:%20img%20in%20%3Cb%3E/var/www/ishop.loc/app/Views/common/main.php%3C/b%3E%20on%20line%20%3Cb%3E25%3C/b%3E%3Cbr%20/%3Eimage/products [] []
[2020-01-14T14:12:29.822938+02:00] Router.ERROR: No matches %3Cbr%20/%3E%3Cb%3ENotice%3C/b%3E:%20%20Undefined%20index:%20img%20in%20%3Cb%3E/var/www/ishop.loc/app/Views/common/main.php%3C/b%3E%20on%20line%20%3Cb%3E25%3C/b%3E%3Cbr%20/%3Eimage/products [] []
[2020-01-14T14:20:38.190978+02:00] Router.ERROR: No matches single-product.html [] []
[2020-01-14T14:21:39.393849+02:00] Router.ERROR: No matches %3Cbr%20/%3E%3Cb%3ENotice%3C/b%3E:%20%20Undefined%20index:%20img%20in%20%3Cb%3E/var/www/ishop.loc/app/Views/common/main.php%3C/b%3E%20on%20line%20%3Cb%3E26%3C/b%3E%3Cbr%20/%3Eimage/products [] []
[2020-01-14T14:21:40.336082+02:00] Router.ERROR: No matches %3Cbr%20/%3E%3Cb%3ENotice%3C/b%3E:%20%20Undefined%20index:%20img%20in%20%3Cb%3E/var/www/ishop.loc/app/Views/common/main.php%3C/b%3E%20on%20line%20%3Cb%3E26%3C/b%3E%3Cbr%20/%3Eimage/products [] []
[2020-01-14T14:28:23.832782+02:00] Router.ERROR: No matches %3Cbr%20/%3E%3Cb%3ENotice%3C/b%3E:%20%20Undefined%20index:%20img%20in%20%3Cb%3E/var/www/ishop.loc/app/Views/common/main.php%3C/b%3E%20on%20line%20%3Cb%3E26%3C/b%3E%3Cbr%20/%3Eimage/products [] []
[2020-01-14T14:28:23.834482+02:00] Router.ERROR: No matches %3Cbr%20/%3E%3Cb%3ENotice%3C/b%3E:%20%20Undefined%20index:%20img%20in%20%3Cb%3E/var/www/ishop.loc/app/Views/common/main.php%3C/b%3E%20on%20line%20%3Cb%3E27%3C/b%3E%3Cbr%20/%3Eimage/products [] []
[2020-01-14T14:28:24.704855+02:00] Router.ERROR: No matches %3Cbr%20/%3E%3Cb%3ENotice%3C/b%3E:%20%20Undefined%20index:%20img%20in%20%3Cb%3E/var/www/ishop.loc/app/Views/common/main.php%3C/b%3E%20on%20line%20%3Cb%3E27%3C/b%3E%3Cbr%20/%3Eimage/products [] []
[2020-01-14T14:28:24.705498+02:00] Router.ERROR: No matches %3Cbr%20/%3E%3Cb%3ENotice%3C/b%3E:%20%20Undefined%20index:%20img%20in%20%3Cb%3E/var/www/ishop.loc/app/Views/common/main.php%3C/b%3E%20on%20line%20%3Cb%3E26%3C/b%3E%3Cbr%20/%3Eimage/products [] []
[2020-01-14T14:33:04.015416+02:00] Router.ERROR: No matches %3Cbr%20/%3E%3Cb%3ENotice%3C/b%3E:%20%20Undefined%20index:%20img%20in%20%3Cb%3E/var/www/ishop.loc/app/Views/common/main.php%3C/b%3E%20on%20line%20%3Cb%3E27%3C/b%3E%3Cbr%20/%3Eimage/products [] []
[2020-01-14T14:33:04.020201+02:00] Router.ERROR: No matches %3Cbr%20/%3E%3Cb%3ENotice%3C/b%3E:%20%20Undefined%20index:%20img%20in%20%3Cb%3E/var/www/ishop.loc/app/Views/common/main.php%3C/b%3E%20on%20line%20%3Cb%3E26%3C/b%3E%3Cbr%20/%3Eimage/products [] []
[2020-01-14T14:33:04.887548+02:00] Router.ERROR: No matches %3Cbr%20/%3E%3Cb%3ENotice%3C/b%3E:%20%20Undefined%20index:%20img%20in%20%3Cb%3E/var/www/ishop.loc/app/Views/common/main.php%3C/b%3E%20on%20line%20%3Cb%3E26%3C/b%3E%3Cbr%20/%3Eimage/products [] []
[2020-01-14T14:33:04.890212+02:00] Router.ERROR: No matches %3Cbr%20/%3E%3Cb%3ENotice%3C/b%3E:%20%20Undefined%20index:%20img%20in%20%3Cb%3E/var/www/ishop.loc/app/Views/common/main.php%3C/b%3E%20on%20line%20%3Cb%3E27%3C/b%3E%3Cbr%20/%3Eimage/products [] []
[2020-01-14T14:33:59.607478+02:00] Router.ERROR: No matches %3Cbr%20/%3E%3Cb%3ENotice%3C/b%3E:%20%20Undefined%20index:%20img%20in%20%3Cb%3E/var/www/ishop.loc/app/Views/common/main.php%3C/b%3E%20on%20line%20%3Cb%3E26%3C/b%3E%3Cbr%20/%3Eimage/products [] []
[2020-01-14T14:33:59.611119+02:00] Router.ERROR: No matches %3Cbr%20/%3E%3Cb%3ENotice%3C/b%3E:%20%20Undefined%20index:%20img%20in%20%3Cb%3E/var/www/ishop.loc/app/Views/common/main.php%3C/b%3E%20on%20line%20%3Cb%3E27%3C/b%3E%3Cbr%20/%3Eimage/products [] []
[2020-01-14T14:34:00.429380+02:00] Router.ERROR: No matches %3Cbr%20/%3E%3Cb%3ENotice%3C/b%3E:%20%20Undefined%20index:%20img%20in%20%3Cb%3E/var/www/ishop.loc/app/Views/common/main.php%3C/b%3E%20on%20line%20%3Cb%3E26%3C/b%3E%3Cbr%20/%3Eimage/products [] []
[2020-01-14T14:34:00.432949+02:00] Router.ERROR: No matches %3Cbr%20/%3E%3Cb%3ENotice%3C/b%3E:%20%20Undefined%20index:%20img%20in%20%3Cb%3E/var/www/ishop.loc/app/Views/common/main.php%3C/b%3E%20on%20line%20%3Cb%3E27%3C/b%3E%3Cbr%20/%3Eimage/products [] []
[2020-01-14T14:35:20.680798+02:00] Router.ERROR: No matches %3Cbr%20/%3E%3Cb%3ENotice%3C/b%3E:%20%20Undefined%20index:%20img%20in%20%3Cb%3E/var/www/ishop.loc/app/Views/common/main.php%3C/b%3E%20on%20line%20%3Cb%3E26%3C/b%3E%3Cbr%20/%3Eimage/products [] []
[2020-01-14T14:35:20.685375+02:00] Router.ERROR: No matches %3Cbr%20/%3E%3Cb%3ENotice%3C/b%3E:%20%20Undefined%20index:%20img%20in%20%3Cb%3E/var/www/ishop.loc/app/Views/common/main.php%3C/b%3E%20on%20line%20%3Cb%3E27%3C/b%3E%3Cbr%20/%3Eimage/products [] []
[2020-01-14T14:35:21.605604+02:00] Router.ERROR: No matches %3Cbr%20/%3E%3Cb%3ENotice%3C/b%3E:%20%20Undefined%20index:%20img%20in%20%3Cb%3E/var/www/ishop.loc/app/Views/common/main.php%3C/b%3E%20on%20line%20%3Cb%3E26%3C/b%3E%3Cbr%20/%3Eimage/products [] []
[2020-01-14T14:35:21.607373+02:00] Router.ERROR: No matches %3Cbr%20/%3E%3Cb%3ENotice%3C/b%3E:%20%20Undefined%20index:%20img%20in%20%3Cb%3E/var/www/ishop.loc/app/Views/common/main.php%3C/b%3E%20on%20line%20%3Cb%3E27%3C/b%3E%3Cbr%20/%3Eimage/products [] []
[2020-01-14T14:35:33.377634+02:00] Router.ERROR: No matches %3Cbr%20/%3E%3Cb%3ENotice%3C/b%3E:%20%20Undefined%20index:%20img%20in%20%3Cb%3E/var/www/ishop.loc/app/Views/common/main.php%3C/b%3E%20on%20line%20%3Cb%3E26%3C/b%3E%3Cbr%20/%3Eimage/products [] []
[2020-01-14T14:35:33.379952+02:00] Router.ERROR: No matches %3Cbr%20/%3E%3Cb%3ENotice%3C/b%3E:%20%20Undefined%20index:%20img%20in%20%3Cb%3E/var/www/ishop.loc/app/Views/common/main.php%3C/b%3E%20on%20line%20%3Cb%3E27%3C/b%3E%3Cbr%20/%3Eimage/products [] []
[2020-01-14T14:35:34.294048+02:00] Router.ERROR: No matches %3Cbr%20/%3E%3Cb%3ENotice%3C/b%3E:%20%20Undefined%20index:%20img%20in%20%3Cb%3E/var/www/ishop.loc/app/Views/common/main.php%3C/b%3E%20on%20line%20%3Cb%3E26%3C/b%3E%3Cbr%20/%3Eimage/products [] []
[2020-01-14T14:35:34.296399+02:00] Router.ERROR: No matches %3Cbr%20/%3E%3Cb%3ENotice%3C/b%3E:%20%20Undefined%20index:%20img%20in%20%3Cb%3E/var/www/ishop.loc/app/Views/common/main.php%3C/b%3E%20on%20line%20%3Cb%3E27%3C/b%3E%3Cbr%20/%3Eimage/products [] []
[2020-01-14T14:37:09.512461+02:00] Router.ERROR: No matches %3Cbr%20/%3E%3Cb%3ENotice%3C/b%3E:%20%20Undefined%20index:%20img%20in%20%3Cb%3E/var/www/ishop.loc/app/Views/common/main.php%3C/b%3E%20on%20line%20%3Cb%3E26%3C/b%3E%3Cbr%20/%3Eimage/products [] []
[2020-01-14T14:37:09.514808+02:00] Router.ERROR: No matches %3Cbr%20/%3E%3Cb%3ENotice%3C/b%3E:%20%20Undefined%20index:%20img%20in%20%3Cb%3E/var/www/ishop.loc/app/Views/common/main.php%3C/b%3E%20on%20line%20%3Cb%3E27%3C/b%3E%3Cbr%20/%3Eimage/products [] []
[2020-01-14T14:37:10.356505+02:00] Router.ERROR: No matches %3Cbr%20/%3E%3Cb%3ENotice%3C/b%3E:%20%20Undefined%20index:%20img%20in%20%3Cb%3E/var/www/ishop.loc/app/Views/common/main.php%3C/b%3E%20on%20line%20%3Cb%3E27%3C/b%3E%3Cbr%20/%3Eimage/products [] []
[2020-01-14T14:37:10.357311+02:00] Router.ERROR: No matches %3Cbr%20/%3E%3Cb%3ENotice%3C/b%3E:%20%20Undefined%20index:%20img%20in%20%3Cb%3E/var/www/ishop.loc/app/Views/common/main.php%3C/b%3E%20on%20line%20%3Cb%3E26%3C/b%3E%3Cbr%20/%3Eimage/products [] []
[2020-01-14T15:53:58.865012+02:00] Router.ERROR: No matches %3Cbr%20/%3E%3Cb%3ENotice%3C/b%3E:%20%20Undefined%20index:%20img%20in%20%3Cb%3E/var/www/ishop.loc/app/Views/common/main.php%3C/b%3E%20on%20line%20%3Cb%3E26%3C/b%3E%3Cbr%20/%3Eimage/products [] []
[2020-01-14T15:53:58.875984+02:00] Router.ERROR: No matches %3Cbr%20/%3E%3Cb%3ENotice%3C/b%3E:%20%20Undefined%20index:%20img%20in%20%3Cb%3E/var/www/ishop.loc/app/Views/common/main.php%3C/b%3E%20on%20line%20%3Cb%3E27%3C/b%3E%3Cbr%20/%3Eimage/products [] []
[2020-01-14T15:53:59.442754+02:00] Router.ERROR: No matches %3Cbr%20/%3E%3Cb%3ENotice%3C/b%3E:%20%20Undefined%20index:%20img%20in%20%3Cb%3E/var/www/ishop.loc/app/Views/common/main.php%3C/b%3E%20on%20line%20%3Cb%3E26%3C/b%3E%3Cbr%20/%3Eimage/products [] []
[2020-01-14T15:53:59.443667+02:00] Router.ERROR: No matches %3Cbr%20/%3E%3Cb%3ENotice%3C/b%3E:%20%20Undefined%20index:%20img%20in%20%3Cb%3E/var/www/ishop.loc/app/Views/common/main.php%3C/b%3E%20on%20line%20%3Cb%3E27%3C/b%3E%3Cbr%20/%3Eimage/products [] []
[2020-01-14T15:54:01.684272+02:00] Router.ERROR: No matches %3Cbr%20/%3E%3Cb%3ENotice%3C/b%3E:%20%20Undefined%20index:%20img%20in%20%3Cb%3E/var/www/ishop.loc/app/Views/common/main.php%3C/b%3E%20on%20line%20%3Cb%3E26%3C/b%3E%3Cbr%20/%3Eimage/products [] []
[2020-01-14T15:54:01.685042+02:00] Router.ERROR: No matches %3Cbr%20/%3E%3Cb%3ENotice%3C/b%3E:%20%20Undefined%20index:%20img%20in%20%3Cb%3E/var/www/ishop.loc/app/Views/common/main.php%3C/b%3E%20on%20line%20%3Cb%3E27%3C/b%3E%3Cbr%20/%3Eimage/products [] []
[2020-01-14T15:54:02.246379+02:00] Router.ERROR: No matches %3Cbr%20/%3E%3Cb%3ENotice%3C/b%3E:%20%20Undefined%20index:%20img%20in%20%3Cb%3E/var/www/ishop.loc/app/Views/common/main.php%3C/b%3E%20on%20line%20%3Cb%3E26%3C/b%3E%3Cbr%20/%3Eimage/products [] []
[2020-01-14T15:54:02.247123+02:00] Router.ERROR: No matches %3Cbr%20/%3E%3Cb%3ENotice%3C/b%3E:%20%20Undefined%20index:%20img%20in%20%3Cb%3E/var/www/ishop.loc/app/Views/common/main.php%3C/b%3E%20on%20line%20%3Cb%3E27%3C/b%3E%3Cbr%20/%3Eimage/products [] []
[2020-01-14T15:54:42.232316+02:00] Router.ERROR: No matches %3Cbr%20/%3E%3Cb%3ENotice%3C/b%3E:%20%20Undefined%20index:%20img%20in%20%3Cb%3E/var/www/ishop.loc/app/Views/common/main.php%3C/b%3E%20on%20line%20%3Cb%3E26%3C/b%3E%3Cbr%20/%3Eimage/products [] []
[2020-01-14T15:54:42.233110+02:00] Router.ERROR: No matches %3Cbr%20/%3E%3Cb%3ENotice%3C/b%3E:%20%20Undefined%20index:%20img%20in%20%3Cb%3E/var/www/ishop.loc/app/Views/common/main.php%3C/b%3E%20on%20line%20%3Cb%3E27%3C/b%3E%3Cbr%20/%3Eimage/products [] []
[2020-01-14T15:54:42.847430+02:00] Router.ERROR: No matches %3Cbr%20/%3E%3Cb%3ENotice%3C/b%3E:%20%20Undefined%20index:%20img%20in%20%3Cb%3E/var/www/ishop.loc/app/Views/common/main.php%3C/b%3E%20on%20line%20%3Cb%3E26%3C/b%3E%3Cbr%20/%3Eimage/products [] []
[2020-01-14T15:54:42.848206+02:00] Router.ERROR: No matches %3Cbr%20/%3E%3Cb%3ENotice%3C/b%3E:%20%20Undefined%20index:%20img%20in%20%3Cb%3E/var/www/ishop.loc/app/Views/common/main.php%3C/b%3E%20on%20line%20%3Cb%3E27%3C/b%3E%3Cbr%20/%3Eimage/products [] []
[2020-01-14T15:55:23.410453+02:00] Router.ERROR: No matches %3Cbr%20/%3E%3Cb%3ENotice%3C/b%3E:%20%20Undefined%20index:%20img%20in%20%3Cb%3E/var/www/ishop.loc/app/Views/common/main.php%3C/b%3E%20on%20line%20%3Cb%3E27%3C/b%3E%3Cbr%20/%3Eimage/products [] []
[2020-01-14T15:55:23.411448+02:00] Router.ERROR: No matches %3Cbr%20/%3E%3Cb%3ENotice%3C/b%3E:%20%20Undefined%20index:%20img%20in%20%3Cb%3E/var/www/ishop.loc/app/Views/common/main.php%3C/b%3E%20on%20line%20%3Cb%3E26%3C/b%3E%3Cbr%20/%3Eimage/products [] []
[2020-01-14T15:55:23.919489+02:00] Router.ERROR: No matches %3Cbr%20/%3E%3Cb%3ENotice%3C/b%3E:%20%20Undefined%20index:%20img%20in%20%3Cb%3E/var/www/ishop.loc/app/Views/common/main.php%3C/b%3E%20on%20line%20%3Cb%3E26%3C/b%3E%3Cbr%20/%3Eimage/products [] []
[2020-01-14T15:55:23.920261+02:00] Router.ERROR: No matches %3Cbr%20/%3E%3Cb%3ENotice%3C/b%3E:%20%20Undefined%20index:%20img%20in%20%3Cb%3E/var/www/ishop.loc/app/Views/common/main.php%3C/b%3E%20on%20line%20%3Cb%3E27%3C/b%3E%3Cbr%20/%3Eimage/products [] []
[2020-01-14T15:55:29.570331+02:00] Router.ERROR: No matches %3Cbr%20/%3E%3Cb%3ENotice%3C/b%3E:%20%20Undefined%20index:%20img%20in%20%3Cb%3E/var/www/ishop.loc/app/Views/common/main.php%3C/b%3E%20on%20line%20%3Cb%3E26%3C/b%3E%3Cbr%20/%3Eimage/products [] []
[2020-01-14T15:55:29.571097+02:00] Router.ERROR: No matches %3Cbr%20/%3E%3Cb%3ENotice%3C/b%3E:%20%20Undefined%20index:%20img%20in%20%3Cb%3E/var/www/ishop.loc/app/Views/common/main.php%3C/b%3E%20on%20line%20%3Cb%3E27%3C/b%3E%3Cbr%20/%3Eimage/products [] []
[2020-01-14T15:55:30.182001+02:00] Router.ERROR: No matches %3Cbr%20/%3E%3Cb%3ENotice%3C/b%3E:%20%20Undefined%20index:%20img%20in%20%3Cb%3E/var/www/ishop.loc/app/Views/common/main.php%3C/b%3E%20on%20line%20%3Cb%3E27%3C/b%3E%3Cbr%20/%3Eimage/products [] []
[2020-01-14T15:55:30.182614+02:00] Router.ERROR: No matches %3Cbr%20/%3E%3Cb%3ENotice%3C/b%3E:%20%20Undefined%20index:%20img%20in%20%3Cb%3E/var/www/ishop.loc/app/Views/common/main.php%3C/b%3E%20on%20line%20%3Cb%3E26%3C/b%3E%3Cbr%20/%3Eimage/products [] []
[2020-01-14T15:58:54.776531+02:00] Router.ERROR: No matches %3Cbr%20/%3E%3Cb%3ENotice%3C/b%3E:%20%20Undefined%20index:%20img%20in%20%3Cb%3E/var/www/ishop.loc/app/Views/common/main.php%3C/b%3E%20on%20line%20%3Cb%3E26%3C/b%3E%3Cbr%20/%3Eimage/products [] []
[2020-01-14T15:58:54.777278+02:00] Router.ERROR: No matches %3Cbr%20/%3E%3Cb%3ENotice%3C/b%3E:%20%20Undefined%20index:%20img%20in%20%3Cb%3E/var/www/ishop.loc/app/Views/common/main.php%3C/b%3E%20on%20line%20%3Cb%3E27%3C/b%3E%3Cbr%20/%3Eimage/products [] []
[2020-01-14T15:58:55.393004+02:00] Router.ERROR: No matches %3Cbr%20/%3E%3Cb%3ENotice%3C/b%3E:%20%20Undefined%20index:%20img%20in%20%3Cb%3E/var/www/ishop.loc/app/Views/common/main.php%3C/b%3E%20on%20line%20%3Cb%3E26%3C/b%3E%3Cbr%20/%3Eimage/products [] []
[2020-01-14T15:58:55.394149+02:00] Router.ERROR: No matches %3Cbr%20/%3E%3Cb%3ENotice%3C/b%3E:%20%20Undefined%20index:%20img%20in%20%3Cb%3E/var/www/ishop.loc/app/Views/common/main.php%3C/b%3E%20on%20line%20%3Cb%3E27%3C/b%3E%3Cbr%20/%3Eimage/products [] []
[2020-01-14T16:00:54.607767+02:00] Router.ERROR: No matches %3Cbr%20/%3E%3Cb%3ENotice%3C/b%3E:%20%20Undefined%20index:%20img%20in%20%3Cb%3E/var/www/ishop.loc/app/Views/common/main.php%3C/b%3E%20on%20line%20%3Cb%3E26%3C/b%3E%3Cbr%20/%3Eimage/products [] []
[2020-01-14T16:00:54.608461+02:00] Router.ERROR: No matches %3Cbr%20/%3E%3Cb%3ENotice%3C/b%3E:%20%20Undefined%20index:%20img%20in%20%3Cb%3E/var/www/ishop.loc/app/Views/common/main.php%3C/b%3E%20on%20line%20%3Cb%3E27%3C/b%3E%3Cbr%20/%3Eimage/products [] []
[2020-01-14T16:00:55.133785+02:00] Router.ERROR: No matches %3Cbr%20/%3E%3Cb%3ENotice%3C/b%3E:%20%20Undefined%20index:%20img%20in%20%3Cb%3E/var/www/ishop.loc/app/Views/common/main.php%3C/b%3E%20on%20line%20%3Cb%3E27%3C/b%3E%3Cbr%20/%3Eimage/products [] []
[2020-01-14T16:00:55.134548+02:00] Router.ERROR: No matches %3Cbr%20/%3E%3Cb%3ENotice%3C/b%3E:%20%20Undefined%20index:%20img%20in%20%3Cb%3E/var/www/ishop.loc/app/Views/common/main.php%3C/b%3E%20on%20line%20%3Cb%3E26%3C/b%3E%3Cbr%20/%3Eimage/products [] []
[2020-01-14T16:02:21.913837+02:00] Router.ERROR: No matches %3Cbr%20/%3E%3Cb%3ENotice%3C/b%3E:%20%20Undefined%20index:%20img%20in%20%3Cb%3E/var/www/ishop.loc/app/Views/common/main.php%3C/b%3E%20on%20line%20%3Cb%3E26%3C/b%3E%3Cbr%20/%3Eimage/books [] []
[2020-01-14T16:02:21.915636+02:00] Router.ERROR: No matches %3Cbr%20/%3E%3Cb%3ENotice%3C/b%3E:%20%20Undefined%20index:%20img%20in%20%3Cb%3E/var/www/ishop.loc/app/Views/common/main.php%3C/b%3E%20on%20line%20%3Cb%3E27%3C/b%3E%3Cbr%20/%3Eimage/books [] []
[2020-01-14T16:02:22.879392+02:00] Router.ERROR: No matches %3Cbr%20/%3E%3Cb%3ENotice%3C/b%3E:%20%20Undefined%20index:%20img%20in%20%3Cb%3E/var/www/ishop.loc/app/Views/common/main.php%3C/b%3E%20on%20line%20%3Cb%3E26%3C/b%3E%3Cbr%20/%3Eimage/books [] []
[2020-01-14T16:02:22.880110+02:00] Router.ERROR: No matches %3Cbr%20/%3E%3Cb%3ENotice%3C/b%3E:%20%20Undefined%20index:%20img%20in%20%3Cb%3E/var/www/ishop.loc/app/Views/common/main.php%3C/b%3E%20on%20line%20%3Cb%3E27%3C/b%3E%3Cbr%20/%3Eimage/books [] []
[2020-01-14T16:03:45.999555+02:00] Router.ERROR: No matches %3Cbr%20/%3E%3Cb%3ENotice%3C/b%3E:%20%20Undefined%20index:%20img%20in%20%3Cb%3E/var/www/ishop.loc/app/Views/common/main.php%3C/b%3E%20on%20line%20%3Cb%3E26%3C/b%3E%3Cbr%20/%3Eimage/books [] []
[2020-01-14T16:03:46.000243+02:00] Router.ERROR: No matches %3Cbr%20/%3E%3Cb%3ENotice%3C/b%3E:%20%20Undefined%20index:%20img%20in%20%3Cb%3E/var/www/ishop.loc/app/Views/common/main.php%3C/b%3E%20on%20line%20%3Cb%3E27%3C/b%3E%3Cbr%20/%3Eimage/books [] []
[2020-01-14T16:03:46.796207+02:00] Router.ERROR: No matches %3Cbr%20/%3E%3Cb%3ENotice%3C/b%3E:%20%20Undefined%20index:%20img%20in%20%3Cb%3E/var/www/ishop.loc/app/Views/common/main.php%3C/b%3E%20on%20line%20%3Cb%3E26%3C/b%3E%3Cbr%20/%3Eimage/books [] []
[2020-01-14T16:03:46.796825+02:00] Router.ERROR: No matches %3Cbr%20/%3E%3Cb%3ENotice%3C/b%3E:%20%20Undefined%20index:%20img%20in%20%3Cb%3E/var/www/ishop.loc/app/Views/common/main.php%3C/b%3E%20on%20line%20%3Cb%3E27%3C/b%3E%3Cbr%20/%3Eimage/books [] []
[2020-01-14T16:13:39.564332+02:00] Router.ERROR: No matches index.html [] []
[2020-01-14T16:29:57.620437+02:00] Router.ERROR: No matches shop-grid.html [] []
[2020-01-14T17:19:37.368315+02:00] Router.ERROR: No matches js/active.js [] []
[2020-01-14T18:22:10.795633+02:00] Router.ERROR: No matches css/plugins/font-awesome.min.css [] []
[2020-01-14T18:22:10.800235+02:00] Router.ERROR: No matches css/plugins/bicon.min.css [] []
[2020-01-14T18:22:10.801013+02:00] Router.ERROR: No matches css/plugins/pe-icon-7-stroke.css [] []
[2020-01-14T18:22:10.801574+02:00] Router.ERROR: No matches css/plugins/slick.min.css [] []
[2020-01-14T18:22:10.802216+02:00] Router.ERROR: No matches css/plugins/fakeloader.css [] []
[2020-01-14T18:22:10.802906+02:00] Router.ERROR: No matches css/plugins/nivo-slider.css [] []
[2020-01-14T18:22:10.804095+02:00] Router.ERROR: No matches css/plugins/nivo-preview-2.css [] []
[2020-01-14T18:22:10.804942+02:00] Router.ERROR: No matches css/plugins/owl.carousel.min.css [] []
[2020-01-14T18:22:10.805520+02:00] Router.ERROR: No matches css/plugins/owl.theme.default.min.css [] []
[2020-01-14T18:22:10.806451+02:00] Router.ERROR: No matches css/plugins/material-design-iconic-font.min.css [] []
[2020-01-14T18:22:10.807139+02:00] Router.ERROR: No matches css/plugins/animation.css [] []
[2020-01-14T18:22:10.807820+02:00] Router.ERROR: No matches css/plugins/fancybox.css [] []
[2020-01-14T18:22:10.808697+02:00] Router.ERROR: No matches css/plugins/mainmenu.css [] []
[2020-01-14T18:22:10.809350+02:00] Router.ERROR: No matches css/plugins/fotorama.css [] []
[2020-01-14T18:22:10.810351+02:00] Router.ERROR: No matches css/plugins/simple-line-icons.css [] []
[2020-01-14T18:22:10.810901+02:00] Router.ERROR: No matches css/plugins/jquery-ui.min.css [] []
[2020-01-14T18:22:10.811782+02:00] Router.ERROR: No matches css/plugins/lightbox.css [] []
[2020-01-14T22:06:03.285858+02:00] Router.ERROR: No matches %3Cbr%20/%3E%3Cb%3EWarning%3C/b%3E:%20%20Use%20of%20undefined%20constant%20DIR_IMAGE_PRODUCT%20-%20assumed%20'DIR_IMAGE_PRODUCT'%20(this%20will%20throw%20an%20Error%20in%20a%20future%20version%20of%20PHP)%20in%20%3Cb%3E/var/www/ishop.loc/app/Views/books/index.php%3C/b%3E%20on%20line%20%3Cb%3E19%3C/b%3E%3Cbr%20/%3E%3Cbr%20/%3E%3Cb%3ENotice%3C/b%3E:%20%20Undefined%20index:%20img%20in%20%3Cb%3E/var/www/ishop.loc/app/Views/books/index.php%3C/b%3E%20on%20line%20%3Cb%3E19%3C/b%3E%3Cbr%20/%3EDIR_IMAGE_PRODUCT [] []
[2020-01-14T22:06:04.542948+02:00] Router.ERROR: No matches %3Cbr%20/%3E%3Cb%3EWarning%3C/b%3E:%20%20Use%20of%20undefined%20constant%20DIR_IMAGE_PRODUCT%20-%20assumed%20'DIR_IMAGE_PRODUCT'%20(this%20will%20throw%20an%20Error%20in%20a%20future%20version%20of%20PHP)%20in%20%3Cb%3E/var/www/ishop.loc/app/Views/books/index.php%3C/b%3E%20on%20line%20%3Cb%3E19%3C/b%3E%3Cbr%20/%3E%3Cbr%20/%3E%3Cb%3ENotice%3C/b%3E:%20%20Undefined%20index:%20img%20in%20%3Cb%3E/var/www/ishop.loc/app/Views/books/index.php%3C/b%3E%20on%20line%20%3Cb%3E19%3C/b%3E%3Cbr%20/%3EDIR_IMAGE_PRODUCT [] []
[2020-01-14T23:23:05.185955+02:00] Router.ERROR: No matches catalog/css/bootstrap.min.css [] []
[2020-01-14T23:23:05.189406+02:00] Router.ERROR: No matches catalog/css/style.css [] []
[2020-01-14T23:23:05.191054+02:00] Router.ERROR: No matches catalog/css/plugins.css [] []
[2020-01-14T23:23:05.192010+02:00] Router.ERROR: No matches catalog/js/vendor/modernizr-3.5.0.min.js [] []
[2020-01-14T23:23:05.193268+02:00] Router.ERROR: No matches catalog/js/vendor/jquery-3.2.1.min.js [] []
[2020-01-14T23:23:05.194242+02:00] Router.ERROR: No matches catalog/css/custom.css [] []
[2020-01-14T23:23:05.195307+02:00] Router.ERROR: No matches catalog/js/popper.min.js [] []
[2020-01-14T23:23:05.196188+02:00] Router.ERROR: No matches catalog/js/bootstrap.min.js [] []
[2020-01-14T23:23:05.197218+02:00] Router.ERROR: No matches catalog/js/plugins.js [] []
[2020-01-14T23:23:05.198229+02:00] Router.ERROR: No matches catalog/js/active.js [] []
[2020-01-14T23:23:05.279800+02:00] Router.ERROR: No matches catalog/images/logo/logo.png [] []
[2020-01-14T23:23:05.280445+02:00] Router.ERROR: No matches catalog/images/product/sm-img/1.jpg [] []
[2020-01-14T23:23:05.281143+02:00] Router.ERROR: No matches catalog/images/product/sm-img/3.jpg [] []
[2020-01-14T23:23:05.281817+02:00] Router.ERROR: No matches catalog/images/product/sm-img/2.jpg [] []
[2020-01-14T23:23:05.282450+02:00] Router.ERROR: No matches catalog/images/logo/3.png [] []
[2020-01-14T23:23:05.283332+02:00] Router.ERROR: No matches catalog/images/icons/payment.png [] []
[2020-01-14T23:23:05.284993+02:00] Router.ERROR: No matches catalog/images/product/big-img/1.jpg [] []
[2020-01-14T23:23:06.328699+02:00] Router.ERROR: No matches catalog/images/icon.png [] []
[2020-01-14T23:23:06.329685+02:00] Router.ERROR: No matches catalog/images/favicon.ico [] []
[2020-01-14T23:23:20.811189+02:00] Router.ERROR: No matches catalog/css/bootstrap.min.css [] []
[2020-01-14T23:23:20.811915+02:00] Router.ERROR: No matches catalog/css/plugins.css [] []
[2020-01-14T23:23:20.812996+02:00] Router.ERROR: No matches catalog/css/style.css [] []
[2020-01-14T23:23:20.813689+02:00] Router.ERROR: No matches catalog/css/custom.css [] []
[2020-01-14T23:23:20.814342+02:00] Router.ERROR: No matches catalog/js/vendor/modernizr-3.5.0.min.js [] []
[2020-01-14T23:23:20.814938+02:00] Router.ERROR: No matches catalog/js/vendor/jquery-3.2.1.min.js [] []
[2020-01-14T23:23:20.815820+02:00] Router.ERROR: No matches catalog/js/popper.min.js [] []
[2020-01-14T23:23:20.816412+02:00] Router.ERROR: No matches catalog/js/bootstrap.min.js [] []
[2020-01-14T23:23:20.817238+02:00] Router.ERROR: No matches catalog/js/plugins.js [] []
[2020-01-14T23:23:20.818123+02:00] Router.ERROR: No matches catalog/js/active.js [] []
[2020-01-14T23:23:20.818754+02:00] Router.ERROR: No matches catalog/images/logo/logo.png [] []
[2020-01-14T23:23:20.819411+02:00] Router.ERROR: No matches catalog/images/product/sm-img/1.jpg [] []
[2020-01-14T23:23:20.820064+02:00] Router.ERROR: No matches catalog/images/product/sm-img/3.jpg [] []
[2020-01-14T23:23:20.820711+02:00] Router.ERROR: No matches catalog/images/product/sm-img/2.jpg [] []
[2020-01-14T23:23:20.821300+02:00] Router.ERROR: No matches catalog/images/logo/3.png [] []
[2020-01-14T23:23:20.821838+02:00] Router.ERROR: No matches catalog/images/icons/payment.png [] []
[2020-01-14T23:23:20.822371+02:00] Router.ERROR: No matches catalog/images/product/big-img/1.jpg [] []
[2020-01-14T23:23:21.539396+02:00] Router.ERROR: No matches catalog/images/logo/logo.png [] []
[2020-01-14T23:23:21.539953+02:00] Router.ERROR: No matches catalog/images/product/sm-img/1.jpg [] []
[2020-01-14T23:23:21.540524+02:00] Router.ERROR: No matches catalog/images/product/sm-img/3.jpg [] []
[2020-01-14T23:23:21.541171+02:00] Router.ERROR: No matches catalog/images/product/sm-img/2.jpg [] []
[2020-01-14T23:23:21.541754+02:00] Router.ERROR: No matches catalog/images/logo/3.png [] []
[2020-01-14T23:23:21.542350+02:00] Router.ERROR: No matches catalog/images/icons/payment.png [] []
[2020-01-14T23:23:21.542822+02:00] Router.ERROR: No matches catalog/images/product/big-img/1.jpg [] []
[2020-01-14T23:25:10.542347+02:00] Router.ERROR: No matches catalog/css/bootstrap.min.css [] []
[2020-01-14T23:25:10.546880+02:00] Router.ERROR: No matches catalog/css/plugins.css [] []
[2020-01-14T23:25:10.547991+02:00] Router.ERROR: No matches catalog/css/style.css [] []
[2020-01-14T23:25:10.548673+02:00] Router.ERROR: No matches catalog/css/custom.css [] []
[2020-01-14T23:25:10.549355+02:00] Router.ERROR: No matches catalog/js/vendor/modernizr-3.5.0.min.js [] []
[2020-01-14T23:25:10.549909+02:00] Router.ERROR: No matches catalog/js/vendor/jquery-3.2.1.min.js [] []
[2020-01-14T23:25:10.550418+02:00] Router.ERROR: No matches catalog/js/popper.min.js [] []
[2020-01-14T23:25:10.551015+02:00] Router.ERROR: No matches catalog/js/bootstrap.min.js [] []
[2020-01-14T23:25:10.551569+02:00] Router.ERROR: No matches catalog/js/plugins.js [] []
[2020-01-14T23:25:10.552919+02:00] Router.ERROR: No matches catalog/js/active.js [] []
[2020-01-14T23:25:10.553647+02:00] Router.ERROR: No matches catalog/images/logo/logo.png [] []
[2020-01-14T23:25:10.554335+02:00] Router.ERROR: No matches catalog/images/product/sm-img/1.jpg [] []
[2020-01-14T23:25:10.555001+02:00] Router.ERROR: No matches catalog/images/product/sm-img/3.jpg [] []
[2020-01-14T23:25:10.555633+02:00] Router.ERROR: No matches catalog/images/product/sm-img/2.jpg [] []
[2020-01-14T23:25:10.556272+02:00] Router.ERROR: No matches catalog/images/logo/3.png [] []
[2020-01-14T23:25:10.556896+02:00] Router.ERROR: No matches catalog/images/icons/payment.png [] []
[2020-01-14T23:25:10.557512+02:00] Router.ERROR: No matches catalog/images/product/big-img/1.jpg [] []
[2020-01-14T23:27:20.187650+02:00] Router.ERROR: No matches catalog/css/bootstrap.min.css [] []
[2020-01-14T23:27:20.188761+02:00] Router.ERROR: No matches catalog/css/style.css [] []
[2020-01-14T23:27:20.189549+02:00] Router.ERROR: No matches catalog/css/custom.css [] []
[2020-01-14T23:27:20.190756+02:00] Router.ERROR: No matches catalog/css/plugins.css [] []
[2020-01-14T23:27:20.191402+02:00] Router.ERROR: No matches catalog/js/vendor/modernizr-3.5.0.min.js [] []
[2020-01-14T23:27:20.192110+02:00] Router.ERROR: No matches catalog/js/vendor/jquery-3.2.1.min.js [] []
[2020-01-14T23:27:20.192726+02:00] Router.ERROR: No matches catalog/js/popper.min.js [] []
[2020-01-14T23:27:20.193616+02:00] Router.ERROR: No matches catalog/js/bootstrap.min.js [] []
[2020-01-14T23:27:20.195930+02:00] Router.ERROR: No matches catalog/js/plugins.js [] []
[2020-01-14T23:27:20.196612+02:00] Router.ERROR: No matches catalog/js/active.js [] []
[2020-01-14T23:27:20.199667+02:00] Router.ERROR: No matches catalog/images/logo/logo.png [] []
[2020-01-14T23:27:20.200395+02:00] Router.ERROR: No matches catalog/images/product/sm-img/1.jpg [] []
[2020-01-14T23:27:20.201164+02:00] Router.ERROR: No matches catalog/images/product/sm-img/3.jpg [] []
[2020-01-14T23:27:20.202772+02:00] Router.ERROR: No matches catalog/images/product/sm-img/2.jpg [] []
[2020-01-14T23:27:20.204324+02:00] Router.ERROR: No matches catalog/image/books/the_5_love_languages.jpg [] []
[2020-01-14T23:27:20.206246+02:00] Router.ERROR: No matches catalog/image/books/howard_stern_comes_again.jpg [] []
[2020-01-14T23:27:20.207924+02:00] Router.ERROR: No matches catalog/image/books/milady_standard_esthetics.jpg [] []
[2020-01-14T23:27:20.208495+02:00] Router.ERROR: No matches catalog/images/logo/3.png [] []
[2020-01-14T23:27:20.208997+02:00] Router.ERROR: No matches catalog/images/icons/payment.png [] []
[2020-01-14T23:27:20.210241+02:00] Router.ERROR: No matches catalog/images/product/big-img/1.jpg [] []
[2020-01-14T23:27:38.485883+02:00] Router.ERROR: No matches catalog/css/bootstrap.min.css [] []
[2020-01-14T23:27:38.488094+02:00] Router.ERROR: No matches catalog/css/style.css [] []
[2020-01-14T23:27:38.488863+02:00] Router.ERROR: No matches catalog/css/plugins.css [] []
[2020-01-14T23:27:38.490244+02:00] Router.ERROR: No matches catalog/css/custom.css [] []
[2020-01-14T23:27:38.493084+02:00] Router.ERROR: No matches catalog/js/vendor/modernizr-3.5.0.min.js [] []
[2020-01-14T23:27:38.493884+02:00] Router.ERROR: No matches catalog/js/bootstrap.min.js [] []
[2020-01-14T23:27:38.494770+02:00] Router.ERROR: No matches catalog/js/vendor/jquery-3.2.1.min.js [] []
[2020-01-14T23:27:38.495961+02:00] Router.ERROR: No matches catalog/js/plugins.js [] []
[2020-01-14T23:27:38.496708+02:00] Router.ERROR: No matches catalog/js/active.js [] []
[2020-01-14T23:27:38.498193+02:00] Router.ERROR: No matches catalog/js/popper.min.js [] []
[2020-01-14T23:27:38.498825+02:00] Router.ERROR: No matches catalog/images/logo/logo.png [] []
[2020-01-14T23:27:38.501451+02:00] Router.ERROR: No matches catalog/images/product/sm-img/3.jpg [] []
[2020-01-14T23:27:38.502015+02:00] Router.ERROR: No matches catalog/images/product/sm-img/1.jpg [] []
[2020-01-14T23:27:38.502608+02:00] Router.ERROR: No matches catalog/images/product/sm-img/2.jpg [] []
[2020-01-14T23:27:38.503242+02:00] Router.ERROR: No matches catalog/image/books/the_5_love_languages.jpg [] []
[2020-01-14T23:27:38.503830+02:00] Router.ERROR: No matches catalog/image/books/milady_standard_esthetics.jpg [] []
[2020-01-14T23:27:38.504543+02:00] Router.ERROR: No matches catalog/image/books/howard_stern_comes_again.jpg [] []
[2020-01-14T23:27:38.505568+02:00] Router.ERROR: No matches catalog/images/logo/3.png [] []
[2020-01-14T23:27:38.506088+02:00] Router.ERROR: No matches catalog/images/icons/payment.png [] []
[2020-01-14T23:27:38.507388+02:00] Router.ERROR: No matches catalog/images/product/big-img/1.jpg [] []
[2020-01-14T23:27:39.682079+02:00] Router.ERROR: No matches catalog/images/product/sm-img/3.jpg [] []
[2020-01-14T23:27:39.682974+02:00] Router.ERROR: No matches catalog/images/product/sm-img/1.jpg [] []
[2020-01-14T23:27:39.683664+02:00] Router.ERROR: No matches catalog/images/logo/logo.png [] []
[2020-01-14T23:27:39.684343+02:00] Router.ERROR: No matches catalog/images/product/sm-img/2.jpg [] []
[2020-01-14T23:27:39.685062+02:00] Router.ERROR: No matches catalog/image/books/the_5_love_languages.jpg [] []
[2020-01-14T23:27:39.685565+02:00] Router.ERROR: No matches catalog/image/books/howard_stern_comes_again.jpg [] []
[2020-01-14T23:27:39.686126+02:00] Router.ERROR: No matches catalog/image/books/milady_standard_esthetics.jpg [] []
[2020-01-14T23:27:39.686746+02:00] Router.ERROR: No matches catalog/images/logo/3.png [] []
[2020-01-14T23:27:39.687292+02:00] Router.ERROR: No matches catalog/images/product/big-img/1.jpg [] []
[2020-01-14T23:27:39.687993+02:00] Router.ERROR: No matches catalog/images/icons/payment.png [] []
[2020-01-14T23:31:37.518900+02:00] Router.ERROR: No matches catalog/css/bootstrap.min.css [] []
[2020-01-14T23:31:37.519567+02:00] Router.ERROR: No matches catalog/css/plugins.css [] []
[2020-01-14T23:31:37.520136+02:00] Router.ERROR: No matches catalog/css/style.css [] []
[2020-01-14T23:31:37.524693+02:00] Router.ERROR: No matches catalog/css/custom.css [] []
[2020-01-14T23:31:37.525636+02:00] Router.ERROR: No matches catalog/js/vendor/modernizr-3.5.0.min.js [] []
[2020-01-14T23:31:37.526231+02:00] Router.ERROR: No matches catalog/js/vendor/jquery-3.2.1.min.js [] []
[2020-01-14T23:31:37.526836+02:00] Router.ERROR: No matches catalog/js/popper.min.js [] []
[2020-01-14T23:31:37.527487+02:00] Router.ERROR: No matches catalog/js/bootstrap.min.js [] []
[2020-01-14T23:31:37.528266+02:00] Router.ERROR: No matches catalog/js/plugins.js [] []
[2020-01-14T23:31:37.528893+02:00] Router.ERROR: No matches catalog/js/active.js [] []
[2020-01-14T23:31:37.530579+02:00] Router.ERROR: No matches catalog/images/product/sm-img/1.jpg [] []
[2020-01-14T23:31:37.531209+02:00] Router.ERROR: No matches catalog/images/logo/logo.png [] []
[2020-01-14T23:31:37.531835+02:00] Router.ERROR: No matches catalog/images/product/sm-img/3.jpg [] []
[2020-01-14T23:31:37.532438+02:00] Router.ERROR: No matches catalog/images/product/sm-img/2.jpg [] []
[2020-01-14T23:31:37.533064+02:00] Router.ERROR: No matches catalog/images/logo/3.png [] []
[2020-01-14T23:31:37.534336+02:00] Router.ERROR: No matches catalog/images/icons/payment.png [] []
[2020-01-14T23:31:37.535020+02:00] Router.ERROR: No matches catalog/images/product/big-img/1.jpg [] []
[2020-01-14T23:31:38.462009+02:00] Router.ERROR: No matches catalog/images/logo/logo.png [] []
[2020-01-14T23:31:38.462916+02:00] Router.ERROR: No matches catalog/images/product/sm-img/1.jpg [] []
[2020-01-14T23:31:38.463772+02:00] Router.ERROR: No matches catalog/images/product/sm-img/3.jpg [] []
[2020-01-14T23:31:38.465014+02:00] Router.ERROR: No matches catalog/images/product/sm-img/2.jpg [] []
[2020-01-14T23:31:38.465633+02:00] Router.ERROR: No matches catalog/images/logo/3.png [] []
[2020-01-14T23:31:38.466118+02:00] Router.ERROR: No matches catalog/images/icons/payment.png [] []
[2020-01-14T23:31:38.466633+02:00] Router.ERROR: No matches catalog/images/product/big-img/1.jpg [] []
[2020-01-14T23:31:50.261097+02:00] Router.ERROR: No matches catalog/css/bootstrap.min.css [] []
[2020-01-14T23:31:50.261783+02:00] Router.ERROR: No matches catalog/css/plugins.css [] []
[2020-01-14T23:31:50.263392+02:00] Router.ERROR: No matches catalog/css/style.css [] []
[2020-01-14T23:31:50.264379+02:00] Router.ERROR: No matches catalog/css/custom.css [] []
[2020-01-14T23:31:50.265418+02:00] Router.ERROR: No matches catalog/js/vendor/jquery-3.2.1.min.js [] []
[2020-01-14T23:31:50.266619+02:00] Router.ERROR: No matches catalog/js/vendor/modernizr-3.5.0.min.js [] []
[2020-01-14T23:31:50.267739+02:00] Router.ERROR: No matches catalog/js/bootstrap.min.js [] []
[2020-01-14T23:31:50.268594+02:00] Router.ERROR: No matches catalog/js/popper.min.js [] []
[2020-01-14T23:31:50.269364+02:00] Router.ERROR: No matches catalog/js/plugins.js [] []
[2020-01-14T23:31:50.270603+02:00] Router.ERROR: No matches catalog/images/logo/logo.png [] []
[2020-01-14T23:31:50.271347+02:00] Router.ERROR: No matches catalog/js/active.js [] []
[2020-01-14T23:31:50.273368+02:00] Router.ERROR: No matches catalog/images/product/sm-img/1.jpg [] []
[2020-01-14T23:31:50.274208+02:00] Router.ERROR: No matches catalog/images/product/sm-img/2.jpg [] []
[2020-01-14T23:31:50.275009+02:00] Router.ERROR: No matches catalog/images/product/sm-img/3.jpg [] []
[2020-01-14T23:31:50.277325+02:00] Router.ERROR: No matches catalog/images/logo/3.png [] []
[2020-01-14T23:31:50.278032+02:00] Router.ERROR: No matches catalog/images/icons/payment.png [] []
[2020-01-14T23:31:50.278797+02:00] Router.ERROR: No matches catalog/images/product/big-img/1.jpg [] []
[2020-01-14T23:33:35.697718+02:00] Router.ERROR: No matches catalog/css/bootstrap.min.css [] []
[2020-01-14T23:33:35.698826+02:00] Router.ERROR: No matches catalog/css/plugins.css [] []
[2020-01-14T23:33:35.699751+02:00] Router.ERROR: No matches catalog/css/style.css [] []
[2020-01-14T23:33:35.701275+02:00] Router.ERROR: No matches catalog/css/custom.css [] []
[2020-01-14T23:33:35.702005+02:00] Router.ERROR: No matches catalog/js/vendor/modernizr-3.5.0.min.js [] []
[2020-01-14T23:33:35.702742+02:00] Router.ERROR: No matches catalog/js/vendor/jquery-3.2.1.min.js [] []
[2020-01-14T23:33:35.703673+02:00] Router.ERROR: No matches catalog/js/popper.min.js [] []
[2020-01-14T23:33:35.704395+02:00] Router.ERROR: No matches catalog/js/bootstrap.min.js [] []
[2020-01-14T23:33:35.705110+02:00] Router.ERROR: No matches catalog/images/logo/logo.png [] []
[2020-01-14T23:33:35.706215+02:00] Router.ERROR: No matches catalog/images/product/sm-img/1.jpg [] []
[2020-01-14T23:33:35.706970+02:00] Router.ERROR: No matches catalog/images/product/sm-img/3.jpg [] []
[2020-01-14T23:33:35.707684+02:00] Router.ERROR: No matches catalog/js/plugins.js [] []
[2020-01-14T23:33:35.708377+02:00] Router.ERROR: No matches catalog/js/active.js [] []
[2020-01-14T23:33:35.709091+02:00] Router.ERROR: No matches catalog/images/product/sm-img/2.jpg [] []
[2020-01-14T23:33:35.710870+02:00] Router.ERROR: No matches catalog/images/logo/3.png [] []
[2020-01-14T23:33:35.712452+02:00] Router.ERROR: No matches catalog/images/icons/payment.png [] []
[2020-01-14T23:33:35.714062+02:00] Router.ERROR: No matches catalog/images/product/big-img/1.jpg [] []
[2020-01-14T23:33:36.896085+02:00] Router.ERROR: No matches catalog/images/logo/logo.png [] []
[2020-01-14T23:33:36.897056+02:00] Router.ERROR: No matches catalog/images/product/sm-img/3.jpg [] []
[2020-01-14T23:33:36.898235+02:00] Router.ERROR: No matches catalog/images/product/sm-img/1.jpg [] []
[2020-01-14T23:33:36.899004+02:00] Router.ERROR: No matches catalog/images/product/sm-img/2.jpg [] []
[2020-01-14T23:33:36.899599+02:00] Router.ERROR: No matches catalog/images/logo/3.png [] []
[2020-01-14T23:33:36.900163+02:00] Router.ERROR: No matches catalog/images/icons/payment.png [] []
[2020-01-14T23:33:36.900574+02:00] Router.ERROR: No matches catalog/images/product/big-img/1.jpg [] []
[2020-01-14T23:33:55.659886+02:00] Router.ERROR: No matches catalog/catalog [] []
[2020-01-14T23:33:58.765313+02:00] Router.ERROR: No matches catalog/css/bootstrap.min.css [] []
[2020-01-14T23:33:58.766388+02:00] Router.ERROR: No matches catalog/css/plugins.css [] []
[2020-01-14T23:33:58.767491+02:00] Router.ERROR: No matches catalog/css/style.css [] []
[2020-01-14T23:33:58.769574+02:00] Router.ERROR: No matches catalog/js/vendor/modernizr-3.5.0.min.js [] []
[2020-01-14T23:33:58.770462+02:00] Router.ERROR: No matches catalog/css/custom.css [] []
[2020-01-14T23:33:58.771113+02:00] Router.ERROR: No matches catalog/js/vendor/jquery-3.2.1.min.js [] []
[2020-01-14T23:33:58.771767+02:00] Router.ERROR: No matches catalog/js/popper.min.js [] []
[2020-01-14T23:33:58.772373+02:00] Router.ERROR: No matches catalog/js/bootstrap.min.js [] []
[2020-01-14T23:33:58.773043+02:00] Router.ERROR: No matches catalog/js/plugins.js [] []
[2020-01-14T23:33:58.773647+02:00] Router.ERROR: No matches catalog/js/active.js [] []
[2020-01-14T23:33:58.775298+02:00] Router.ERROR: No matches catalog/images/logo/logo.png [] []
[2020-01-14T23:33:58.775999+02:00] Router.ERROR: No matches catalog/images/product/sm-img/1.jpg [] []
[2020-01-14T23:33:58.777280+02:00] Router.ERROR: No matches catalog/images/product/sm-img/3.jpg [] []
[2020-01-14T23:33:58.777950+02:00] Router.ERROR: No matches catalog/images/product/sm-img/2.jpg [] []
[2020-01-14T23:33:58.779043+02:00] Router.ERROR: No matches catalog/images/logo/3.png [] []
[2020-01-14T23:33:58.779696+02:00] Router.ERROR: No matches catalog/images/icons/payment.png [] []
[2020-01-14T23:33:58.780492+02:00] Router.ERROR: No matches catalog/images/product/big-img/1.jpg [] []
[2020-01-14T23:34:54.320856+02:00] Router.ERROR: No matches catalog/id=1 [] []
[2020-01-14T23:35:03.256196+02:00] Router.ERROR: No matches catalog?1 [] []
[2020-01-14T23:35:09.515755+02:00] Router.ERROR: No matches catalog/css/bootstrap.min.css [] []
[2020-01-14T23:35:09.518595+02:00] Router.ERROR: No matches catalog/css/plugins.css [] []
[2020-01-14T23:35:09.519419+02:00] Router.ERROR: No matches catalog/css/style.css [] []
[2020-01-14T23:35:09.521265+02:00] Router.ERROR: No matches catalog/css/custom.css [] []
[2020-01-14T23:35:09.522219+02:00] Router.ERROR: No matches catalog/js/vendor/jquery-3.2.1.min.js [] []
[2020-01-14T23:35:09.522895+02:00] Router.ERROR: No matches catalog/js/vendor/modernizr-3.5.0.min.js [] []
[2020-01-14T23:35:09.524995+02:00] Router.ERROR: No matches catalog/js/popper.min.js [] []
[2020-01-14T23:35:09.525787+02:00] Router.ERROR: No matches catalog/js/plugins.js [] []
[2020-01-14T23:35:09.526507+02:00] Router.ERROR: No matches catalog/js/bootstrap.min.js [] []
[2020-01-14T23:35:09.529335+02:00] Router.ERROR: No matches catalog/js/active.js [] []
[2020-01-14T23:35:09.530521+02:00] Router.ERROR: No matches catalog/images/logo/logo.png [] []
[2020-01-14T23:35:09.531146+02:00] Router.ERROR: No matches catalog/images/product/sm-img/1.jpg [] []
[2020-01-14T23:35:09.531780+02:00] Router.ERROR: No matches catalog/images/product/sm-img/3.jpg [] []
[2020-01-14T23:35:09.532488+02:00] Router.ERROR: No matches catalog/images/product/sm-img/2.jpg [] []
[2020-01-14T23:35:09.533174+02:00] Router.ERROR: No matches catalog/images/logo/3.png [] []
[2020-01-14T23:35:09.533819+02:00] Router.ERROR: No matches catalog/images/icons/payment.png [] []
[2020-01-14T23:35:09.534846+02:00] Router.ERROR: No matches catalog/images/product/big-img/1.jpg [] []
[2020-01-14T23:38:40.634182+02:00] Router.ERROR: No matches genre/1/css/bootstrap.min.css [] []
[2020-01-14T23:38:40.642940+02:00] Router.ERROR: No matches genre/1/css/plugins.css [] []
[2020-01-14T23:38:40.643646+02:00] Router.ERROR: No matches genre/1/css/custom.css [] []
[2020-01-14T23:38:40.646226+02:00] Router.ERROR: No matches genre/1/css/style.css [] []
[2020-01-14T23:38:40.647472+02:00] Router.ERROR: No matches genre/1/js/vendor/jquery-3.2.1.min.js [] []
[2020-01-14T23:38:40.649092+02:00] Router.ERROR: No matches genre/1/js/vendor/modernizr-3.5.0.min.js [] []
[2020-01-14T23:38:40.651230+02:00] Router.ERROR: No matches genre/1/js/popper.min.js [] []
[2020-01-14T23:38:40.655100+02:00] Router.ERROR: No matches genre/1/js/bootstrap.min.js [] []
[2020-01-14T23:38:40.655995+02:00] Router.ERROR: No matches genre/1/js/active.js [] []
[2020-01-14T23:38:40.658076+02:00] Router.ERROR: No matches genre/1/js/plugins.js [] []
[2020-01-14T23:38:40.659915+02:00] Router.ERROR: No matches genre/1/images/logo/logo.png [] []
[2020-01-14T23:38:40.660650+02:00] Router.ERROR: No matches genre/1/images/product/sm-img/1.jpg [] []
[2020-01-14T23:38:40.661757+02:00] Router.ERROR: No matches genre/1/images/product/sm-img/3.jpg [] []
[2020-01-14T23:38:40.663077+02:00] Router.ERROR: No matches genre/1/images/product/sm-img/2.jpg [] []
[2020-01-14T23:38:40.664055+02:00] Router.ERROR: No matches genre/1/images/product/big-img/1.jpg [] []
[2020-01-14T23:38:40.665171+02:00] Router.ERROR: No matches genre/1/images/logo/3.png [] []
[2020-01-14T23:38:40.666169+02:00] Router.ERROR: No matches genre/1/images/icons/payment.png [] []
[2020-01-14T23:38:42.169585+02:00] Router.ERROR: No matches genre/1/images/favicon.ico [] []
[2020-01-14T23:38:42.175249+02:00] Router.ERROR: No matches genre/1/images/icon.png [] []
[2020-01-14T23:40:29.234235+02:00] Router.ERROR: No matches genre/1/css/style.css [] []
[2020-01-14T23:40:29.251733+02:00] Router.ERROR: No matches genre/1/css/bootstrap.min.css [] []
[2020-01-14T23:40:29.252671+02:00] Router.ERROR: No matches genre/1/css/custom.css [] []
[2020-01-14T23:40:29.253335+02:00] Router.ERROR: No matches genre/1/css/plugins.css [] []
[2020-01-14T23:40:29.253942+02:00] Router.ERROR: No matches genre/1/js/vendor/jquery-3.2.1.min.js [] []
[2020-01-14T23:40:29.254572+02:00] Router.ERROR: No matches genre/1/js/vendor/modernizr-3.5.0.min.js [] []
[2020-01-14T23:40:29.255598+02:00] Router.ERROR: No matches genre/1/js/popper.min.js [] []
[2020-01-14T23:40:29.256176+02:00] Router.ERROR: No matches genre/1/js/plugins.js [] []
[2020-01-14T23:40:29.257230+02:00] Router.ERROR: No matches genre/1/js/bootstrap.min.js [] []
[2020-01-14T23:40:29.258532+02:00] Router.ERROR: No matches genre/1/js/active.js [] []
[2020-01-14T23:40:29.261696+02:00] Router.ERROR: No matches genre/1/images/logo/logo.png [] []
[2020-01-14T23:40:29.262231+02:00] Router.ERROR: No matches genre/1/images/product/sm-img/1.jpg [] []
[2020-01-14T23:40:29.262822+02:00] Router.ERROR: No matches genre/1/images/product/sm-img/3.jpg [] []
[2020-01-14T23:40:29.263403+02:00] Router.ERROR: No matches genre/1/images/icons/payment.png [] []
[2020-01-14T23:40:29.264117+02:00] Router.ERROR: No matches genre/1/images/product/sm-img/2.jpg [] []
[2020-01-14T23:40:29.264684+02:00] Router.ERROR: No matches genre/1/images/logo/3.png [] []
[2020-01-14T23:40:29.265268+02:00] Router.ERROR: No matches genre/1/images/product/big-img/1.jpg [] []
[2020-01-14T23:40:29.747864+02:00] Router.ERROR: No matches genre/1/images/product/sm-img/1.jpg [] []
[2020-01-14T23:41:08.880835+02:00] Router.ERROR: No matches genre/1/css/plugins.css [] []
[2020-01-14T23:41:08.881657+02:00] Router.ERROR: No matches genre/1/css/bootstrap.min.css [] []
[2020-01-14T23:41:08.882391+02:00] Router.ERROR: No matches genre/1/css/style.css [] []
[2020-01-14T23:41:08.883140+02:00] Router.ERROR: No matches genre/1/css/custom.css [] []
[2020-01-14T23:41:08.884184+02:00] Router.ERROR: No matches genre/1/js/vendor/modernizr-3.5.0.min.js [] []
[2020-01-14T23:41:08.886018+02:00] Router.ERROR: No matches genre/1/js/vendor/jquery-3.2.1.min.js [] []
[2020-01-14T23:41:08.887092+02:00] Router.ERROR: No matches genre/1/js/popper.min.js [] []
[2020-01-14T23:41:08.888871+02:00] Router.ERROR: No matches genre/1/js/bootstrap.min.js [] []
[2020-01-14T23:41:08.889490+02:00] Router.ERROR: No matches genre/1/images/product/sm-img/3.jpg [] []
[2020-01-14T23:41:08.890149+02:00] Router.ERROR: No matches genre/1/images/logo/logo.png [] []
[2020-01-14T23:41:08.890951+02:00] Router.ERROR: No matches genre/1/images/product/sm-img/1.jpg [] []
[2020-01-14T23:41:08.892340+02:00] Router.ERROR: No matches genre/1/js/active.js [] []
[2020-01-14T23:41:08.893008+02:00] Router.ERROR: No matches genre/1/js/plugins.js [] []
[2020-01-14T23:41:08.894558+02:00] Router.ERROR: No matches genre/1/images/product/sm-img/2.jpg [] []
[2020-01-14T23:41:08.896231+02:00] Router.ERROR: No matches genre/1/images/icons/payment.png [] []
[2020-01-14T23:41:08.896911+02:00] Router.ERROR: No matches genre/1/images/logo/3.png [] []
[2020-01-14T23:41:08.898049+02:00] Router.ERROR: No matches genre/1/images/product/big-img/1.jpg [] []
[2020-01-14T23:41:09.667503+02:00] Router.ERROR: No matches genre/1/images/logo/logo.png [] []
[2020-01-14T23:41:09.668217+02:00] Router.ERROR: No matches genre/1/images/product/sm-img/1.jpg [] []
[2020-01-14T23:41:09.668934+02:00] Router.ERROR: No matches genre/1/images/product/sm-img/3.jpg [] []
[2020-01-14T23:41:09.670265+02:00] Router.ERROR: No matches genre/1/images/product/sm-img/2.jpg [] []
[2020-01-14T23:41:09.670933+02:00] Router.ERROR: No matches genre/1/images/logo/3.png [] []
[2020-01-14T23:41:09.672671+02:00] Router.ERROR: No matches genre/1/images/product/big-img/1.jpg [] []
[2020-01-14T23:41:09.673598+02:00] Router.ERROR: No matches genre/1/images/icons/payment.png [] []
[2020-01-14T23:41:32.518290+02:00] Router.ERROR: No matches genre/1/css/plugins.css [] []
[2020-01-14T23:41:32.519023+02:00] Router.ERROR: No matches genre/1/css/bootstrap.min.css [] []
[2020-01-14T23:41:32.520898+02:00] Router.ERROR: No matches genre/1/css/custom.css [] []
[2020-01-14T23:41:32.521540+02:00] Router.ERROR: No matches genre/1/css/style.css [] []
[2020-01-14T23:41:32.522173+02:00] Router.ERROR: No matches genre/1/js/vendor/modernizr-3.5.0.min.js [] []
[2020-01-14T23:41:32.523279+02:00] Router.ERROR: No matches genre/1/js/vendor/jquery-3.2.1.min.js [] []
[2020-01-14T23:41:32.524004+02:00] Router.ERROR: No matches genre/1/js/popper.min.js [] []
[2020-01-14T23:41:32.525017+02:00] Router.ERROR: No matches genre/1/js/bootstrap.min.js [] []
[2020-01-14T23:41:32.527264+02:00] Router.ERROR: No matches genre/1/js/active.js [] []
[2020-01-14T23:41:32.527895+02:00] Router.ERROR: No matches genre/1/images/logo/logo.png [] []
[2020-01-14T23:41:32.528577+02:00] Router.ERROR: No matches genre/1/js/plugins.js [] []
[2020-01-14T23:41:32.529283+02:00] Router.ERROR: No matches genre/1/images/product/sm-img/1.jpg [] []
[2020-01-14T23:41:32.529968+02:00] Router.ERROR: No matches genre/1/images/product/sm-img/3.jpg [] []
[2020-01-14T23:41:32.530570+02:00] Router.ERROR: No matches genre/1/images/product/sm-img/2.jpg [] []
[2020-01-14T23:41:32.531527+02:00] Router.ERROR: No matches genre/1/images/logo/3.png [] []
[2020-01-14T23:41:32.532295+02:00] Router.ERROR: No matches genre/1/images/icons/payment.png [] []
[2020-01-14T23:41:32.533536+02:00] Router.ERROR: No matches genre/1/images/product/big-img/1.jpg [] []
[2020-01-14T23:41:33.088672+02:00] Router.ERROR: No matches genre/1/images/logo/logo.png [] []
[2020-01-14T23:41:33.090759+02:00] Router.ERROR: No matches genre/1/images/product/sm-img/1.jpg [] []
[2020-01-14T23:41:33.093058+02:00] Router.ERROR: No matches genre/1/images/product/sm-img/3.jpg [] []
[2020-01-14T23:41:33.093745+02:00] Router.ERROR: No matches genre/1/images/product/sm-img/2.jpg [] []
[2020-01-14T23:41:33.094605+02:00] Router.ERROR: No matches genre/1/images/logo/3.png [] []
[2020-01-14T23:41:33.095799+02:00] Router.ERROR: No matches genre/1/images/icons/payment.png [] []
[2020-01-14T23:41:33.096489+02:00] Router.ERROR: No matches genre/1/images/product/big-img/1.jpg [] []
[2020-01-14T23:41:41.069450+02:00] Router.ERROR: No matches catalog/css/plugins.css [] []
[2020-01-14T23:41:41.070097+02:00] Router.ERROR: No matches catalog/css/bootstrap.min.css [] []
[2020-01-14T23:41:41.071285+02:00] Router.ERROR: No matches catalog/css/style.css [] []
[2020-01-14T23:41:41.072584+02:00] Router.ERROR: No matches catalog/css/custom.css [] []
[2020-01-14T23:41:41.073305+02:00] Router.ERROR: No matches catalog/js/vendor/modernizr-3.5.0.min.js [] []
[2020-01-14T23:41:41.073946+02:00] Router.ERROR: No matches catalog/js/vendor/jquery-3.2.1.min.js [] []
[2020-01-14T23:41:41.074653+02:00] Router.ERROR: No matches catalog/js/popper.min.js [] []
[2020-01-14T23:41:41.075405+02:00] Router.ERROR: No matches catalog/js/bootstrap.min.js [] []
[2020-01-14T23:41:41.076065+02:00] Router.ERROR: No matches catalog/js/plugins.js [] []
[2020-01-14T23:41:41.076727+02:00] Router.ERROR: No matches catalog/images/logo/logo.png [] []
[2020-01-14T23:41:41.077557+02:00] Router.ERROR: No matches catalog/js/active.js [] []
[2020-01-14T23:41:41.079694+02:00] Router.ERROR: No matches catalog/images/product/sm-img/1.jpg [] []
[2020-01-14T23:41:41.080414+02:00] Router.ERROR: No matches catalog/images/product/sm-img/3.jpg [] []
[2020-01-14T23:41:41.081093+02:00] Router.ERROR: No matches catalog/images/books/1.jpg [] []
[2020-01-14T23:41:41.081909+02:00] Router.ERROR: No matches catalog/images/books/2.jpg [] []
[2020-01-14T23:41:41.082955+02:00] Router.ERROR: No matches catalog/images/product/sm-img/2.jpg [] []
[2020-01-14T23:41:41.083582+02:00] Router.ERROR: No matches catalog/images/logo/3.png [] []
[2020-01-14T23:41:41.084527+02:00] Router.ERROR: No matches catalog/images/icons/payment.png [] []
[2020-01-14T23:41:41.085243+02:00] Router.ERROR: No matches catalog/images/product/big-img/1.jpg [] []
[2020-01-14T23:41:41.740402+02:00] Router.ERROR: No matches catalog/images/logo/logo.png [] []
[2020-01-14T23:41:48.854821+02:00] Router.ERROR: No matches catalog/css/bootstrap.min.css [] []
[2020-01-14T23:41:48.856376+02:00] Router.ERROR: No matches catalog/css/plugins.css [] []
[2020-01-14T23:41:48.857811+02:00] Router.ERROR: No matches catalog/css/style.css [] []
[2020-01-14T23:41:48.859233+02:00] Router.ERROR: No matches catalog/js/vendor/modernizr-3.5.0.min.js [] []
[2020-01-14T23:41:48.859862+02:00] Router.ERROR: No matches catalog/js/vendor/jquery-3.2.1.min.js [] []
[2020-01-14T23:41:48.860553+02:00] Router.ERROR: No matches catalog/css/custom.css [] []
[2020-01-14T23:41:48.861915+02:00] Router.ERROR: No matches catalog/js/popper.min.js [] []
[2020-01-14T23:41:48.862728+02:00] Router.ERROR: No matches catalog/js/plugins.js [] []
[2020-01-14T23:41:48.863384+02:00] Router.ERROR: No matches catalog/js/bootstrap.min.js [] []
[2020-01-14T23:41:48.865712+02:00] Router.ERROR: No matches catalog/images/logo/logo.png [] []
[2020-01-14T23:41:48.866363+02:00] Router.ERROR: No matches catalog/js/active.js [] []
[2020-01-14T23:41:48.867014+02:00] Router.ERROR: No matches catalog/images/product/sm-img/1.jpg [] []
[2020-01-14T23:41:48.867879+02:00] Router.ERROR: No matches catalog/images/product/sm-img/3.jpg [] []
[2020-01-14T23:41:48.868488+02:00] Router.ERROR: No matches catalog/images/books/1.jpg [] []
[2020-01-14T23:41:48.869169+02:00] Router.ERROR: No matches catalog/images/product/sm-img/2.jpg [] []
[2020-01-14T23:41:48.869913+02:00] Router.ERROR: No matches catalog/images/books/2.jpg [] []
[2020-01-14T23:41:48.870546+02:00] Router.ERROR: No matches catalog/images/logo/3.png [] []
[2020-01-14T23:41:48.871286+02:00] Router.ERROR: No matches catalog/images/icons/payment.png [] []
[2020-01-14T23:41:48.871897+02:00] Router.ERROR: No matches catalog/images/product/big-img/1.jpg [] []
[2020-01-14T23:42:08.128316+02:00] Router.ERROR: No matches catalog/css/plugins.css [] []
[2020-01-14T23:42:08.128908+02:00] Router.ERROR: No matches catalog/css/bootstrap.min.css [] []
[2020-01-14T23:42:08.129442+02:00] Router.ERROR: No matches catalog/css/style.css [] []
[2020-01-14T23:42:08.130613+02:00] Router.ERROR: No matches catalog/css/custom.css [] []
[2020-01-14T23:42:08.131189+02:00] Router.ERROR: No matches catalog/js/vendor/modernizr-3.5.0.min.js [] []
[2020-01-14T23:42:08.132142+02:00] Router.ERROR: No matches catalog/js/vendor/jquery-3.2.1.min.js [] []
[2020-01-14T23:42:08.133345+02:00] Router.ERROR: No matches catalog/js/popper.min.js [] []
[2020-01-14T23:42:08.134253+02:00] Router.ERROR: No matches catalog/js/active.js [] []
[2020-01-14T23:42:08.134877+02:00] Router.ERROR: No matches catalog/js/bootstrap.min.js [] []
[2020-01-14T23:42:08.135580+02:00] Router.ERROR: No matches catalog/js/plugins.js [] []
[2020-01-14T23:42:08.136194+02:00] Router.ERROR: No matches catalog/images/product/sm-img/1.jpg [] []
[2020-01-14T23:42:08.136838+02:00] Router.ERROR: No matches catalog/images/logo/logo.png [] []
[2020-01-14T23:42:08.137895+02:00] Router.ERROR: No matches catalog/images/product/sm-img/3.jpg [] []
[2020-01-14T23:42:08.139377+02:00] Router.ERROR: No matches catalog/images/product/sm-img/2.jpg [] []
[2020-01-14T23:42:08.140016+02:00] Router.ERROR: No matches catalog/images/books/2.jpg [] []
[2020-01-14T23:42:08.140868+02:00] Router.ERROR: No matches catalog/images/logo/3.png [] []
[2020-01-14T23:42:08.141523+02:00] Router.ERROR: No matches catalog/images/books/1.jpg [] []
[2020-01-14T23:42:08.142411+02:00] Router.ERROR: No matches catalog/images/icons/payment.png [] []
[2020-01-14T23:42:08.143029+02:00] Router.ERROR: No matches catalog/images/product/big-img/1.jpg [] []
[2020-01-14T23:44:07.769534+02:00] Router.ERROR: No matches catalog/css/bootstrap.min.css [] []
[2020-01-14T23:44:07.772482+02:00] Router.ERROR: No matches catalog/css/plugins.css [] []
[2020-01-14T23:44:07.773427+02:00] Router.ERROR: No matches catalog/css/style.css [] []
[2020-01-14T23:44:07.774307+02:00] Router.ERROR: No matches catalog/css/custom.css [] []
[2020-01-14T23:44:07.774948+02:00] Router.ERROR: No matches catalog/js/vendor/modernizr-3.5.0.min.js [] []
[2020-01-14T23:44:07.775552+02:00] Router.ERROR: No matches catalog/js/vendor/jquery-3.2.1.min.js [] []
[2020-01-14T23:44:07.776189+02:00] Router.ERROR: No matches catalog/js/popper.min.js [] []
[2020-01-14T23:44:07.776883+02:00] Router.ERROR: No matches catalog/js/bootstrap.min.js [] []
[2020-01-14T23:44:07.778482+02:00] Router.ERROR: No matches catalog/js/plugins.js [] []
[2020-01-14T23:44:07.779121+02:00] Router.ERROR: No matches catalog/js/active.js [] []
[2020-01-14T23:44:07.779734+02:00] Router.ERROR: No matches catalog/images/logo/logo.png [] []
[2020-01-14T23:44:07.780947+02:00] Router.ERROR: No matches catalog/images/product/sm-img/1.jpg [] []
[2020-01-14T23:44:07.783146+02:00] Router.ERROR: No matches catalog/images/product/sm-img/3.jpg [] []
[2020-01-14T23:44:07.784075+02:00] Router.ERROR: No matches catalog/images/product/sm-img/2.jpg [] []
[2020-01-14T23:44:07.784726+02:00] Router.ERROR: No matches catalog/images/books/1.jpg [] []
[2020-01-14T23:44:07.785486+02:00] Router.ERROR: No matches catalog/images/books/2.jpg [] []
[2020-01-14T23:44:07.786447+02:00] Router.ERROR: No matches catalog/images/logo/3.png [] []
[2020-01-14T23:44:07.787977+02:00] Router.ERROR: No matches catalog/images/icons/payment.png [] []
[2020-01-14T23:44:07.790196+02:00] Router.ERROR: No matches catalog/images/product/big-img/1.jpg [] []
[2020-01-14T23:44:08.655372+02:00] Router.ERROR: No matches catalog/images/logo/logo.png [] []
[2020-01-14T23:44:08.656044+02:00] Router.ERROR: No matches catalog/images/product/sm-img/1.jpg [] []
[2020-01-14T23:44:08.656657+02:00] Router.ERROR: No matches catalog/images/product/sm-img/3.jpg [] []
[2020-01-14T23:44:08.658163+02:00] Router.ERROR: No matches catalog/images/product/sm-img/2.jpg [] []
[2020-01-14T23:44:08.658792+02:00] Router.ERROR: No matches catalog/images/books/1.jpg [] []
[2020-01-14T23:44:08.659477+02:00] Router.ERROR: No matches catalog/images/books/2.jpg [] []
[2020-01-14T23:44:08.660979+02:00] Router.ERROR: No matches catalog/images/icons/payment.png [] []
[2020-01-14T23:44:08.661858+02:00] Router.ERROR: No matches catalog/images/product/big-img/1.jpg [] []
[2020-01-14T23:44:08.662538+02:00] Router.ERROR: No matches catalog/images/logo/3.png [] []
[2020-01-14T23:45:53.438341+02:00] Router.ERROR: No matches catalog/css/bootstrap.min.css [] []
[2020-01-14T23:45:53.440948+02:00] Router.ERROR: No matches catalog/js/popper.min.js [] []
[2020-01-14T23:45:53.442381+02:00] Router.ERROR: No matches catalog/css/plugins.css [] []
[2020-01-14T23:45:53.442990+02:00] Router.ERROR: No matches catalog/js/vendor/jquery-3.2.1.min.js [] []
[2020-01-14T23:45:53.443535+02:00] Router.ERROR: No matches catalog/js/vendor/modernizr-3.5.0.min.js [] []
[2020-01-14T23:45:53.444404+02:00] Router.ERROR: No matches catalog/css/custom.css [] []
[2020-01-14T23:45:53.444943+02:00] Router.ERROR: No matches catalog/js/bootstrap.min.js [] []
[2020-01-14T23:45:53.445918+02:00] Router.ERROR: No matches catalog/css/style.css [] []
[2020-01-14T23:45:53.446640+02:00] Router.ERROR: No matches catalog/js/plugins.js [] []
[2020-01-14T23:45:53.447340+02:00] Router.ERROR: No matches catalog/js/active.js [] []
[2020-01-14T23:45:53.448846+02:00] Router.ERROR: No matches catalog/images/logo/logo.png [] []
[2020-01-14T23:45:53.449794+02:00] Router.ERROR: No matches catalog/images/product/sm-img/1.jpg [] []
[2020-01-14T23:45:53.450478+02:00] Router.ERROR: No matches catalog/images/product/sm-img/3.jpg [] []
[2020-01-14T23:45:53.451327+02:00] Router.ERROR: No matches catalog/images/product/sm-img/2.jpg [] []
[2020-01-14T23:45:53.451935+02:00] Router.ERROR: No matches catalog/images/books/1.jpg [] []
[2020-01-14T23:45:53.452533+02:00] Router.ERROR: No matches catalog/images/books/2.jpg [] []
[2020-01-14T23:45:53.453732+02:00] Router.ERROR: No matches catalog/images/logo/3.png [] []
[2020-01-14T23:45:53.454396+02:00] Router.ERROR: No matches catalog/images/icons/payment.png [] []
[2020-01-14T23:45:53.455253+02:00] Router.ERROR: No matches catalog/images/product/big-img/1.jpg [] []
[2020-01-14T23:45:54.326974+02:00] Router.ERROR: No matches catalog/images/product/sm-img/1.jpg [] []
[2020-01-14T23:45:54.327676+02:00] Router.ERROR: No matches catalog/images/logo/logo.png [] []
[2020-01-14T23:45:54.328727+02:00] Router.ERROR: No matches catalog/images/product/sm-img/3.jpg [] []
[2020-01-14T23:45:54.329445+02:00] Router.ERROR: No matches catalog/images/product/sm-img/2.jpg [] []
[2020-01-14T23:45:54.330079+02:00] Router.ERROR: No matches catalog/images/books/1.jpg [] []
[2020-01-14T23:45:54.330724+02:00] Router.ERROR: No matches catalog/images/books/2.jpg [] []
[2020-01-14T23:45:54.331504+02:00] Router.ERROR: No matches catalog/images/logo/3.png [] []
[2020-01-14T23:45:54.332543+02:00] Router.ERROR: No matches catalog/images/icons/payment.png [] []
[2020-01-14T23:45:54.334595+02:00] Router.ERROR: No matches catalog/images/product/big-img/1.jpg [] []
[2020-01-14T23:46:01.037478+02:00] Router.ERROR: No matches catalog/css/bootstrap.min.css [] []
[2020-01-14T23:48:25.304271+02:00] Router.ERROR: No matches catalog/css/bootstrap.min.css [] []
[2020-01-14T23:48:25.305409+02:00] Router.ERROR: No matches catalog/css/style.css [] []
[2020-01-14T23:48:25.306028+02:00] Router.ERROR: No matches catalog/css/custom.css [] []
[2020-01-14T23:48:25.306448+02:00] Router.ERROR: No matches catalog/css/plugins.css [] []
[2020-01-14T23:48:25.307628+02:00] Router.ERROR: No matches catalog/js/vendor/modernizr-3.5.0.min.js [] []
[2020-01-14T23:48:25.308116+02:00] Router.ERROR: No matches catalog/js/popper.min.js [] []
[2020-01-14T23:48:25.308714+02:00] Router.ERROR: No matches catalog/js/vendor/jquery-3.2.1.min.js [] []
[2020-01-14T23:48:25.309381+02:00] Router.ERROR: No matches catalog/js/bootstrap.min.js [] []
[2020-01-14T23:48:25.309867+02:00] Router.ERROR: No matches catalog/js/plugins.js [] []
[2020-01-14T23:48:25.310391+02:00] Router.ERROR: No matches catalog/js/active.js [] []
[2020-01-14T23:48:25.310939+02:00] Router.ERROR: No matches catalog/images/product/sm-img/1.jpg [] []
[2020-01-14T23:48:25.311524+02:00] Router.ERROR: No matches catalog/images/logo/logo.png [] []
[2020-01-14T23:48:25.312148+02:00] Router.ERROR: No matches catalog/images/product/sm-img/3.jpg [] []
[2020-01-14T23:48:25.312717+02:00] Router.ERROR: No matches catalog/images/product/sm-img/2.jpg [] []
[2020-01-14T23:48:25.313300+02:00] Router.ERROR: No matches catalog/images/books/1.jpg [] []
[2020-01-14T23:48:25.313882+02:00] Router.ERROR: No matches catalog/images/books/2.jpg [] []
[2020-01-14T23:48:25.314485+02:00] Router.ERROR: No matches catalog/images/logo/3.png [] []
[2020-01-14T23:48:25.315069+02:00] Router.ERROR: No matches catalog/images/icons/payment.png [] []
[2020-01-14T23:48:25.315619+02:00] Router.ERROR: No matches catalog/images/product/big-img/1.jpg [] []
[2020-01-14T23:48:26.175665+02:00] Router.ERROR: No matches catalog/images/logo/logo.png [] []
[2020-01-14T23:48:26.177511+02:00] Router.ERROR: No matches catalog/images/product/sm-img/1.jpg [] []
[2020-01-14T23:48:26.179248+02:00] Router.ERROR: No matches catalog/images/product/sm-img/3.jpg [] []
[2020-01-14T23:48:26.181558+02:00] Router.ERROR: No matches catalog/images/product/sm-img/2.jpg [] []
[2020-01-14T23:48:26.183320+02:00] Router.ERROR: No matches catalog/images/books/1.jpg [] []
[2020-01-14T23:48:26.185076+02:00] Router.ERROR: No matches catalog/images/books/2.jpg [] []
[2020-01-14T23:48:26.186847+02:00] Router.ERROR: No matches catalog/images/logo/3.png [] []
[2020-01-14T23:48:26.189251+02:00] Router.ERROR: No matches catalog/images/icons/payment.png [] []
[2020-01-14T23:48:26.190850+02:00] Router.ERROR: No matches catalog/images/product/big-img/1.jpg [] []
[2020-01-14T23:48:29.504054+02:00] Router.ERROR: No matches catalog/css/plugins.css [] []
[2020-01-14T23:48:29.504748+02:00] Router.ERROR: No matches catalog/css/bootstrap.min.css [] []
[2020-01-14T23:48:29.506535+02:00] Router.ERROR: No matches catalog/css/style.css [] []
[2020-01-14T23:48:29.507063+02:00] Router.ERROR: No matches catalog/css/custom.css [] []
[2020-01-14T23:48:29.507822+02:00] Router.ERROR: No matches catalog/js/vendor/modernizr-3.5.0.min.js [] []
[2020-01-14T23:48:29.508340+02:00] Router.ERROR: No matches catalog/js/vendor/jquery-3.2.1.min.js [] []
[2020-01-14T23:48:29.509368+02:00] Router.ERROR: No matches catalog/js/popper.min.js [] []
[2020-01-14T23:48:29.510573+02:00] Router.ERROR: No matches catalog/js/bootstrap.min.js [] []
[2020-01-14T23:48:29.511124+02:00] Router.ERROR: No matches catalog/js/plugins.js [] []
[2020-01-14T23:48:29.512241+02:00] Router.ERROR: No matches catalog/js/active.js [] []
[2020-01-14T23:48:29.513159+02:00] Router.ERROR: No matches catalog/images/logo/logo.png [] []
[2020-01-14T23:48:29.513798+02:00] Router.ERROR: No matches catalog/images/product/sm-img/1.jpg [] []
[2020-01-14T23:48:29.514468+02:00] Router.ERROR: No matches catalog/images/product/sm-img/3.jpg [] []
[2020-01-14T23:48:29.515065+02:00] Router.ERROR: No matches catalog/images/product/sm-img/2.jpg [] []
[2020-01-14T23:48:29.516281+02:00] Router.ERROR: No matches catalog/images/books/2.jpg [] []
[2020-01-14T23:48:29.516863+02:00] Router.ERROR: No matches catalog/images/books/1.jpg [] []
[2020-01-14T23:48:29.518712+02:00] Router.ERROR: No matches catalog/images/logo/3.png [] []
[2020-01-14T23:48:29.519596+02:00] Router.ERROR: No matches catalog/images/icons/payment.png [] []
[2020-01-14T23:48:29.520263+02:00] Router.ERROR: No matches catalog/images/product/big-img/1.jpg [] []
[2020-01-14T23:48:30.266265+02:00] Router.ERROR: No matches catalog/images/logo/logo.png [] []
[2020-01-14T23:48:30.268145+02:00] Router.ERROR: No matches catalog/images/product/sm-img/1.jpg [] []
[2020-01-14T23:48:30.270444+02:00] Router.ERROR: No matches catalog/images/product/sm-img/3.jpg [] []
[2020-01-14T23:48:30.272835+02:00] Router.ERROR: No matches catalog/images/product/sm-img/2.jpg [] []
[2020-01-14T23:48:30.274388+02:00] Router.ERROR: No matches catalog/images/books/1.jpg [] []
[2020-01-14T23:48:30.276123+02:00] Router.ERROR: No matches catalog/images/books/2.jpg [] []
[2020-01-14T23:48:30.277529+02:00] Router.ERROR: No matches catalog/images/logo/3.png [] []
[2020-01-14T23:48:30.278114+02:00] Router.ERROR: No matches catalog/images/icons/payment.png [] []
[2020-01-14T23:48:30.278622+02:00] Router.ERROR: No matches catalog/images/product/big-img/1.jpg [] []
[2020-01-14T23:50:44.592148+02:00] Router.ERROR: No matches catalog/js/vendor/jquery-3.2.1.min.js [] []
[2020-01-14T23:51:14.609383+02:00] Router.ERROR: No matches catalog/css/bootstrap.min.css [] []
[2020-01-14T23:51:14.612858+02:00] Router.ERROR: No matches catalog/css/plugins.css [] []
[2020-01-14T23:51:14.614259+02:00] Router.ERROR: No matches catalog/css/style.css [] []
[2020-01-14T23:51:14.614997+02:00] Router.ERROR: No matches catalog/js/vendor/modernizr-3.5.0.min.js [] []
[2020-01-14T23:51:14.615808+02:00] Router.ERROR: No matches catalog/css/custom.css [] []
[2020-01-14T23:51:14.617733+02:00] Router.ERROR: No matches catalog/js/vendor/jquery-3.2.1.min.js [] []
[2020-01-14T23:51:14.619973+02:00] Router.ERROR: No matches catalog/js/bootstrap.min.js [] []
[2020-01-14T23:51:14.620770+02:00] Router.ERROR: No matches catalog/js/popper.min.js [] []
[2020-01-14T23:51:14.621557+02:00] Router.ERROR: No matches catalog/js/plugins.js [] []
[2020-01-14T23:51:14.623433+02:00] Router.ERROR: No matches catalog/js/active.js [] []
[2020-01-14T23:51:14.624220+02:00] Router.ERROR: No matches catalog/images/logo/logo.png [] []
[2020-01-14T23:51:14.625560+02:00] Router.ERROR: No matches catalog/images/product/sm-img/1.jpg [] []
[2020-01-14T23:51:14.627394+02:00] Router.ERROR: No matches catalog/images/product/sm-img/3.jpg [] []
[2020-01-14T23:51:14.628193+02:00] Router.ERROR: No matches catalog/images/product/sm-img/2.jpg [] []
[2020-01-14T23:51:14.629475+02:00] Router.ERROR: No matches catalog/images/books/1.jpg [] []
[2020-01-14T23:51:14.631036+02:00] Router.ERROR: No matches catalog/images/logo/3.png [] []
[2020-01-14T23:51:14.631740+02:00] Router.ERROR: No matches catalog/images/books/2.jpg [] []
[2020-01-14T23:51:14.633715+02:00] Router.ERROR: No matches catalog/images/icons/payment.png [] []
[2020-01-14T23:51:14.634415+02:00] Router.ERROR: No matches catalog/images/product/big-img/1.jpg [] []
[2020-01-14T23:51:15.499026+02:00] Router.ERROR: No matches catalog/images/logo/logo.png [] []
[2020-01-14T23:51:15.499967+02:00] Router.ERROR: No matches catalog/images/product/sm-img/1.jpg [] []
[2020-01-14T23:51:15.501096+02:00] Router.ERROR: No matches catalog/images/product/sm-img/3.jpg [] []
[2020-01-14T23:51:15.501697+02:00] Router.ERROR: No matches catalog/images/product/sm-img/2.jpg [] []
[2020-01-14T23:51:15.511313+02:00] Router.ERROR: No matches catalog/images/books/2.jpg [] []
[2020-01-14T23:51:15.511993+02:00] Router.ERROR: No matches catalog/images/books/1.jpg [] []
[2020-01-14T23:51:15.512730+02:00] Router.ERROR: No matches catalog/images/logo/3.png [] []
[2020-01-14T23:51:15.513405+02:00] Router.ERROR: No matches catalog/images/icons/payment.png [] []
[2020-01-14T23:51:15.514065+02:00] Router.ERROR: No matches catalog/images/product/big-img/1.jpg [] []
[2020-01-14T23:52:48.296007+02:00] Router.ERROR: No matches catalog/css/bootstrap.min.css [] []
[2020-01-14T23:52:48.297350+02:00] Router.ERROR: No matches catalog/css/custom.css [] []
[2020-01-14T23:52:48.297999+02:00] Router.ERROR: No matches catalog/css/plugins.css [] []
[2020-01-14T23:52:48.298654+02:00] Router.ERROR: No matches catalog/js/vendor/modernizr-3.5.0.min.js [] []
[2020-01-14T23:52:48.299318+02:00] Router.ERROR: No matches catalog/css/style.css [] []
[2020-01-14T23:52:48.299877+02:00] Router.ERROR: No matches catalog/js/vendor/jquery-3.2.1.min.js [] []
[2020-01-14T23:52:48.300515+02:00] Router.ERROR: No matches catalog/js/popper.min.js [] []
[2020-01-14T23:52:48.301151+02:00] Router.ERROR: No matches catalog/js/bootstrap.min.js [] []
[2020-01-14T23:52:48.301785+02:00] Router.ERROR: No matches catalog/js/plugins.js [] []
[2020-01-14T23:52:48.302532+02:00] Router.ERROR: No matches catalog/js/active.js [] []
[2020-01-14T23:52:48.303373+02:00] Router.ERROR: No matches catalog/images/product/sm-img/1.jpg [] []
[2020-01-14T23:52:48.303881+02:00] Router.ERROR: No matches catalog/images/logo/logo.png [] []
[2020-01-14T23:52:48.304744+02:00] Router.ERROR: No matches catalog/images/product/sm-img/3.jpg [] []
[2020-01-14T23:52:48.305498+02:00] Router.ERROR: No matches catalog/images/product/sm-img/2.jpg [] []
[2020-01-14T23:52:48.306128+02:00] Router.ERROR: No matches catalog/images/books/1.jpg [] []
[2020-01-14T23:52:48.306739+02:00] Router.ERROR: No matches catalog/images/books/2.jpg [] []
[2020-01-14T23:52:48.307528+02:00] Router.ERROR: No matches catalog/images/logo/3.png [] []
[2020-01-14T23:52:48.308068+02:00] Router.ERROR: No matches catalog/images/icons/payment.png [] []
[2020-01-14T23:52:48.308551+02:00] Router.ERROR: No matches catalog/images/product/big-img/1.jpg [] []
[2020-01-14T23:52:49.193441+02:00] Router.ERROR: No matches catalog/images/product/sm-img/1.jpg [] []
[2020-01-14T23:52:49.194216+02:00] Router.ERROR: No matches catalog/images/logo/logo.png [] []
[2020-01-14T23:52:49.195693+02:00] Router.ERROR: No matches catalog/images/product/sm-img/3.jpg [] []
[2020-01-14T23:52:49.196329+02:00] Router.ERROR: No matches catalog/images/product/sm-img/2.jpg [] []
[2020-01-14T23:52:49.197051+02:00] Router.ERROR: No matches catalog/images/books/1.jpg [] []
[2020-01-14T23:52:49.198675+02:00] Router.ERROR: No matches catalog/images/books/2.jpg [] []
[2020-01-14T23:52:49.199201+02:00] Router.ERROR: No matches catalog/images/logo/3.png [] []
[2020-01-14T23:52:49.200403+02:00] Router.ERROR: No matches catalog/images/icons/payment.png [] []
[2020-01-14T23:52:49.201220+02:00] Router.ERROR: No matches catalog/images/product/big-img/1.jpg [] []
[2020-01-14T23:52:52.651238+02:00] Router.ERROR: No matches catalog/css/bootstrap.min.css [] []
[2020-01-14T23:52:52.651934+02:00] Router.ERROR: No matches catalog/css/plugins.css [] []
[2020-01-14T23:52:52.652545+02:00] Router.ERROR: No matches catalog/css/style.css [] []
[2020-01-14T23:52:52.654105+02:00] Router.ERROR: No matches catalog/css/custom.css [] []
[2020-01-14T23:52:52.654752+02:00] Router.ERROR: No matches catalog/js/vendor/modernizr-3.5.0.min.js [] []
[2020-01-14T23:52:52.655432+02:00] Router.ERROR: No matches catalog/js/vendor/jquery-3.2.1.min.js [] []
[2020-01-14T23:52:52.656535+02:00] Router.ERROR: No matches catalog/js/popper.min.js [] []
[2020-01-14T23:52:52.657372+02:00] Router.ERROR: No matches catalog/js/bootstrap.min.js [] []
[2020-01-14T23:52:52.658028+02:00] Router.ERROR: No matches catalog/js/plugins.js [] []
[2020-01-14T23:52:52.659015+02:00] Router.ERROR: No matches catalog/js/active.js [] []
[2020-01-14T23:52:52.660362+02:00] Router.ERROR: No matches catalog/images/logo/logo.png [] []
[2020-01-14T23:52:52.661417+02:00] Router.ERROR: No matches catalog/images/product/sm-img/1.jpg [] []
[2020-01-14T23:52:52.662317+02:00] Router.ERROR: No matches catalog/images/product/sm-img/3.jpg [] []
[2020-01-14T23:52:52.663172+02:00] Router.ERROR: No matches catalog/images/product/sm-img/2.jpg [] []
[2020-01-14T23:52:52.663892+02:00] Router.ERROR: No matches catalog/images/books/1.jpg [] []
[2020-01-14T23:52:52.664866+02:00] Router.ERROR: No matches catalog/images/books/2.jpg [] []
[2020-01-14T23:52:52.665614+02:00] Router.ERROR: No matches catalog/images/logo/3.png [] []
[2020-01-14T23:52:52.666323+02:00] Router.ERROR: No matches catalog/images/icons/payment.png [] []
[2020-01-14T23:52:52.666967+02:00] Router.ERROR: No matches catalog/images/product/big-img/1.jpg [] []
[2020-01-14T23:53:03.090284+02:00] Router.ERROR: No matches catalog/css/plugins.css [] []
[2020-01-14T23:53:03.091020+02:00] Router.ERROR: No matches catalog/css/bootstrap.min.css [] []
[2020-01-14T23:53:03.091647+02:00] Router.ERROR: No matches catalog/css/style.css [] []
[2020-01-14T23:53:03.092261+02:00] Router.ERROR: No matches catalog/css/custom.css [] []
[2020-01-14T23:53:03.094715+02:00] Router.ERROR: No matches catalog/js/vendor/modernizr-3.5.0.min.js [] []
[2020-01-14T23:53:03.095639+02:00] Router.ERROR: No matches catalog/js/popper.min.js [] []
[2020-01-14T23:53:03.097454+02:00] Router.ERROR: No matches catalog/js/vendor/jquery-3.2.1.min.js [] []
[2020-01-14T23:53:03.100094+02:00] Router.ERROR: No matches catalog/js/active.js [] []
[2020-01-14T23:53:03.100902+02:00] Router.ERROR: No matches catalog/js/bootstrap.min.js [] []
[2020-01-14T23:53:03.101686+02:00] Router.ERROR: No matches catalog/js/plugins.js [] []
[2020-01-14T23:53:03.102896+02:00] Router.ERROR: No matches catalog/images/logo/logo.png [] []
[2020-01-14T23:53:03.104523+02:00] Router.ERROR: No matches catalog/images/product/sm-img/3.jpg [] []
[2020-01-14T23:53:03.105371+02:00] Router.ERROR: No matches catalog/images/product/sm-img/1.jpg [] []
[2020-01-14T23:53:03.106130+02:00] Router.ERROR: No matches catalog/images/product/sm-img/2.jpg [] []
[2020-01-14T23:53:03.107133+02:00] Router.ERROR: No matches catalog/images/books/1.jpg [] []
[2020-01-14T23:53:03.107950+02:00] Router.ERROR: No matches catalog/images/books/2.jpg [] []
[2020-01-14T23:53:03.108901+02:00] Router.ERROR: No matches catalog/images/logo/3.png [] []
[2020-01-14T23:53:03.109903+02:00] Router.ERROR: No matches catalog/images/icons/payment.png [] []
[2020-01-14T23:53:03.110579+02:00] Router.ERROR: No matches catalog/images/product/big-img/1.jpg [] []
